Determining if the include file malloc.h exists failed with the following output:
Change Dir: /Users/ameerspincar/Documents/ios/build/build-x86_64-iphonesimulator/CMakeFiles/CMakeTmp

Run Build Command:"/Users/ameerspincar/Documents/ios/build/build-x86_64-iphonesimulator/xcodebuild_wrapper" "-project" "CMAKE_TRY_COMPILE.xcodeproj" "build" "-target" "cmTC_b19ae" "-configuration" "Release"
Build settings from command line:
    ARCHS = x86_64
    IPHONEOS_DEPLOYMENT_TARGET = 6.0
    SDKROOT = iphonesimulator11.3

=== BUILD TARGET cmTC_b19ae OF PROJECT CMAKE_TRY_COMPILE WITH CONFIGURATION Release ===

Check dependencies

Write auxiliary files
/bin/mkdir -p /Users/ameerspincar/Documents/ios/build/build-x86_64-iphonesimulator/CMakeFiles/CMakeTmp/CMAKE_TRY_COMPILE.build/Release-iphonesimulator/cmTC_b19ae.build/Objects-normal/x86_64
write-file /Users/ameerspincar/Documents/ios/build/build-x86_64-iphonesimulator/CMakeFiles/CMakeTmp/CMAKE_TRY_COMPILE.build/Release-iphonesimulator/cmTC_b19ae.build/Objects-normal/x86_64/cmTC_b19ae.LinkFileList

Create product structure
/bin/mkdir -p /Users/ameerspincar/Documents/ios/build/build-x86_64-iphonesimulator/CMakeFiles/CMakeTmp/Release/cmTC_b19ae.app

ProcessInfoPlistFile Release/cmTC_b19ae.app/Info.plist CMakeFiles/cmTC_b19ae.dir/Info.plist
    cd /Users/ameerspincar/Documents/ios/build/build-x86_64-iphonesimulator/CMakeFiles/CMakeTmp
    export PATH="/Applications/Xcode.app/Contents/Developer/Platforms/iPhoneSimulator.platform/Developer/usr/bin:/Applications/Xcode.app/Contents/Developer/usr/bin:/usr/local/bin:/usr/bin:/bin:/usr/sbin:/sbin"
    builtin-infoPlistUtility /Users/ameerspincar/Documents/ios/build/build-x86_64-iphonesimulator/CMakeFiles/CMakeTmp/CMakeFiles/cmTC_b19ae.dir/Info.plist -genpkginfo /Users/ameerspincar/Documents/ios/build/build-x86_64-iphonesimulator/CMakeFiles/CMakeTmp/Release/cmTC_b19ae.app/PkgInfo -expandbuildsettings -format binary -platform iphonesimulator -o /Users/ameerspincar/Documents/ios/build/build-x86_64-iphonesimulator/CMakeFiles/CMakeTmp/Release/cmTC_b19ae.app/Info.plist

ProcessProductPackaging "" CMAKE_TRY_COMPILE.build/Release-iphonesimulator/cmTC_b19ae.build/cmTC_b19ae.app-Simulated.xcent
    cd /Users/ameerspincar/Documents/ios/build/build-x86_64-iphonesimulator/CMakeFiles/CMakeTmp
    export PATH="/Applications/Xcode.app/Contents/Developer/Platforms/iPhoneSimulator.platform/Developer/usr/bin:/Applications/Xcode.app/Contents/Developer/usr/bin:/usr/local/bin:/usr/bin:/bin:/usr/sbin:/sbin"
    

Entitlements:

{
    "application-identifier" = "NLV9853SQ4.";
    "keychain-access-groups" =     (
        "NLV9853SQ4."
    );
}


    builtin-productPackagingUtility -entitlements -format xml -o /Users/ameerspincar/Documents/ios/build/build-x86_64-iphonesimulator/CMakeFiles/CMakeTmp/CMAKE_TRY_COMPILE.build/Release-iphonesimulator/cmTC_b19ae.build/cmTC_b19ae.app-Simulated.xcent

CompileC CMAKE_TRY_COMPILE.build/Release-iphonesimulator/cmTC_b19ae.build/Objects-normal/x86_64/CheckIncludeFile.o CheckIncludeFile.c normal x86_64 c com.apple.compilers.llvm.clang.1_0.compiler
    cd /Users/ameerspincar/Documents/ios/build/build-x86_64-iphonesimulator/CMakeFiles/CMakeTmp
    export LANG=en_US.US-ASCII
    export PATH="/Applications/Xcode.app/Contents/Developer/Platforms/iPhoneSimulator.platform/Developer/usr/bin:/Applications/Xcode.app/Contents/Developer/usr/bin:/usr/local/bin:/usr/bin:/bin:/usr/sbin:/sbin"
    /Applications/Xcode.app/Contents/Developer/Toolchains/XcodeDefault.xctoolchain/usr/bin/clang -x c -arch x86_64 -fmessage-length=0 -fdiagnostics-show-note-include-stack -fmacro-backtrace-limit=0 -Wno-trigraphs -fpascal-strings -O3 -Wno-missing-field-initializers -Wno-missing-prototypes -Wno-return-type -Wno-missing-braces -Wparentheses -Wswitch -Wno-unused-function -Wno-unused-label -Wno-unused-parameter -Wno-unused-variable -Wunused-value -Wno-empty-body -Wno-uninitialized -Wno-unknown-pragmas -Wno-shadow -Wno-four-char-constants -Wno-conversion -Wno-constant-conversion -Wno-int-conversion -Wno-bool-conversion -Wno-enum-conversion -Wno-float-conversion -Wno-non-literal-null-conversion -Wno-objc-literal-conversion -Wshorten-64-to-32 -Wpointer-sign -Wno-newline-eof -DCMAKE_INTDIR=\"Release-iphonesimulator\" -isysroot /Applications/Xcode.app/Contents/Developer/Platforms/iPhoneSimulator.platform/Developer/SDKs/iPhoneSimulator11.3.sdk -fasm-blocks -fstrict-aliasing -Wdeprecated-declarations -mios-simulator-version-min=6.0 -Wno-sign-conversion -Wno-infinite-recursion -Wno-comma -Wno-block-capture-autoreleasing -Wno-strict-prototypes -I/Users/ameerspincar/Documents/ios/build/build-x86_64-iphonesimulator/CMakeFiles/CMakeTmp/Release/include -I/Users/ameerspincar/Documents/ios/build/build-x86_64-iphonesimulator/CMakeFiles/CMakeTmp/CMAKE_TRY_COMPILE.build/Release-iphonesimulator/cmTC_b19ae.build/DerivedSources/x86_64 -I/Users/ameerspincar/Documents/ios/build/build-x86_64-iphonesimulator/CMakeFiles/CMakeTmp/CMAKE_TRY_COMPILE.build/Release-iphonesimulator/cmTC_b19ae.build/DerivedSources -Wmost -Wno-four-char-constants -Wno-unknown-pragmas -F/Users/ameerspincar/Documents/ios/build/build-x86_64-iphonesimulator/CMakeFiles/CMakeTmp/Release -Wno-unused-function -Wno-overloaded-virtual -Wno-unused-function -Wno-overloaded-virtual -Wno-unused-function -Wno-overloaded-virtual -fsigned-char -W -Wall -Werror=return-type -Werror=non-virtual-dtor -Werror=address -Werror=sequence-point -Wformat -Werror=format-security -Wmissing-declarations -Wmissing-prototypes -Wstrict-prototypes -Wundef -Winit-self -Wpointer-arith -Wshadow -Wsign-promo -Wuninitialized -Winit-self -Wno-narrowing -Wno-delete-non-virtual-dtor -Wno-unnamed-type-template-args -Wno-comment -Wno-implicit-fallthrough -fdiagnostics-show-option -Wno-long-long -Qunused-arguments -Wno-semicolon-before-method-body -msse -msse2 -msse3 -DNDEBUG -fPIE -MMD -MT dependencies -MF /Users/ameerspincar/Documents/ios/build/build-x86_64-iphonesimulator/CMakeFiles/CMakeTmp/CMAKE_TRY_COMPILE.build/Release-iphonesimulator/cmTC_b19ae.build/Objects-normal/x86_64/CheckIncludeFile.d --serialize-diagnostics /Users/ameerspincar/Documents/ios/build/build-x86_64-iphonesimulator/CMakeFiles/CMakeTmp/CMAKE_TRY_COMPILE.build/Release-iphonesimulator/cmTC_b19ae.build/Objects-normal/x86_64/CheckIncludeFile.dia -c /Users/ameerspincar/Documents/ios/build/build-x86_64-iphonesimulator/CMakeFiles/CMakeTmp/CheckIncludeFile.c -o /Users/ameerspincar/Documents/ios/build/build-x86_64-iphonesimulator/CMakeFiles/CMakeTmp/CMAKE_TRY_COMPILE.build/Release-iphonesimulator/cmTC_b19ae.build/Objects-normal/x86_64/CheckIncludeFile.o
/Users/ameerspincar/Documents/ios/build/build-x86_64-iphonesimulator/CMakeFiles/CMakeTmp/CheckIncludeFile.c:1:10: fatal error: 'malloc.h' file not found
#include <malloc.h>
         ^~~~~~~~~~
1 error generated.

** BUILD FAILED **


The following build commands failed:
	CompileC CMAKE_TRY_COMPILE.build/Release-iphonesimulator/cmTC_b19ae.build/Objects-normal/x86_64/CheckIncludeFile.o CheckIncludeFile.c normal x86_64 c com.apple.compilers.llvm.clang.1_0.compiler
(1 failure)


Determining size of off64_t failed with the following output:
Change Dir: /Users/ameerspincar/Documents/ios/build/build-x86_64-iphonesimulator/CMakeFiles/CMakeTmp

Run Build Command:"/Users/ameerspincar/Documents/ios/build/build-x86_64-iphonesimulator/xcodebuild_wrapper" "-project" "CMAKE_TRY_COMPILE.xcodeproj" "build" "-target" "cmTC_df511" "-configuration" "Release"
Build settings from command line:
    ARCHS = x86_64
    IPHONEOS_DEPLOYMENT_TARGET = 6.0
    SDKROOT = iphonesimulator11.3

=== BUILD TARGET cmTC_df511 OF PROJECT CMAKE_TRY_COMPILE WITH CONFIGURATION Release ===

Check dependencies

Write auxiliary files
/bin/mkdir -p /Users/ameerspincar/Documents/ios/build/build-x86_64-iphonesimulator/CMakeFiles/CMakeTmp/CMAKE_TRY_COMPILE.build/Release-iphonesimulator/cmTC_df511.build/Objects-normal/x86_64
write-file /Users/ameerspincar/Documents/ios/build/build-x86_64-iphonesimulator/CMakeFiles/CMakeTmp/CMAKE_TRY_COMPILE.build/Release-iphonesimulator/cmTC_df511.build/Objects-normal/x86_64/cmTC_df511.LinkFileList

Create product structure
/bin/mkdir -p /Users/ameerspincar/Documents/ios/build/build-x86_64-iphonesimulator/CMakeFiles/CMakeTmp/Release/cmTC_df511.app

ProcessInfoPlistFile Release/cmTC_df511.app/Info.plist CMakeFiles/cmTC_df511.dir/Info.plist
    cd /Users/ameerspincar/Documents/ios/build/build-x86_64-iphonesimulator/CMakeFiles/CMakeTmp
    export PATH="/Applications/Xcode.app/Contents/Developer/Platforms/iPhoneSimulator.platform/Developer/usr/bin:/Applications/Xcode.app/Contents/Developer/usr/bin:/usr/local/bin:/usr/bin:/bin:/usr/sbin:/sbin"
    builtin-infoPlistUtility /Users/ameerspincar/Documents/ios/build/build-x86_64-iphonesimulator/CMakeFiles/CMakeTmp/CMakeFiles/cmTC_df511.dir/Info.plist -genpkginfo /Users/ameerspincar/Documents/ios/build/build-x86_64-iphonesimulator/CMakeFiles/CMakeTmp/Release/cmTC_df511.app/PkgInfo -expandbuildsettings -format binary -platform iphonesimulator -o /Users/ameerspincar/Documents/ios/build/build-x86_64-iphonesimulator/CMakeFiles/CMakeTmp/Release/cmTC_df511.app/Info.plist

ProcessProductPackaging "" CMAKE_TRY_COMPILE.build/Release-iphonesimulator/cmTC_df511.build/cmTC_df511.app-Simulated.xcent
    cd /Users/ameerspincar/Documents/ios/build/build-x86_64-iphonesimulator/CMakeFiles/CMakeTmp
    export PATH="/Applications/Xcode.app/Contents/Developer/Platforms/iPhoneSimulator.platform/Developer/usr/bin:/Applications/Xcode.app/Contents/Developer/usr/bin:/usr/local/bin:/usr/bin:/bin:/usr/sbin:/sbin"
    

Entitlements:

{
    "application-identifier" = "NLV9853SQ4.";
    "keychain-access-groups" =     (
        "NLV9853SQ4."
    );
}


    builtin-productPackagingUtility -entitlements -format xml -o /Users/ameerspincar/Documents/ios/build/build-x86_64-iphonesimulator/CMakeFiles/CMakeTmp/CMAKE_TRY_COMPILE.build/Release-iphonesimulator/cmTC_df511.build/cmTC_df511.app-Simulated.xcent

CompileC CMAKE_TRY_COMPILE.build/Release-iphonesimulator/cmTC_df511.build/Objects-normal/x86_64/OFF64_T.o /Users/ameerspincar/Documents/ios/build/build-x86_64-iphonesimulator/CMakeFiles/CheckTypeSize/OFF64_T.c normal x86_64 c com.apple.compilers.llvm.clang.1_0.compiler
    cd /Users/ameerspincar/Documents/ios/build/build-x86_64-iphonesimulator/CMakeFiles/CMakeTmp
    export LANG=en_US.US-ASCII
    export PATH="/Applications/Xcode.app/Contents/Developer/Platforms/iPhoneSimulator.platform/Developer/usr/bin:/Applications/Xcode.app/Contents/Developer/usr/bin:/usr/local/bin:/usr/bin:/bin:/usr/sbin:/sbin"
    /Applications/Xcode.app/Contents/Developer/Toolchains/XcodeDefault.xctoolchain/usr/bin/clang -x c -arch x86_64 -fmessage-length=0 -fdiagnostics-show-note-include-stack -fmacro-backtrace-limit=0 -Wno-trigraphs -fpascal-strings -O3 -Wno-missing-field-initializers -Wno-missing-prototypes -Wno-return-type -Wno-missing-braces -Wparentheses -Wswitch -Wno-unused-function -Wno-unused-label -Wno-unused-parameter -Wno-unused-variable -Wunused-value -Wno-empty-body -Wno-uninitialized -Wno-unknown-pragmas -Wno-shadow -Wno-four-char-constants -Wno-conversion -Wno-constant-conversion -Wno-int-conversion -Wno-bool-conversion -Wno-enum-conversion -Wno-float-conversion -Wno-non-literal-null-conversion -Wno-objc-literal-conversion -Wshorten-64-to-32 -Wpointer-sign -Wno-newline-eof -DCMAKE_INTDIR=\"Release-iphonesimulator\" -isysroot /Applications/Xcode.app/Contents/Developer/Platforms/iPhoneSimulator.platform/Developer/SDKs/iPhoneSimulator11.3.sdk -fasm-blocks -fstrict-aliasing -Wdeprecated-declarations -mios-simulator-version-min=6.0 -Wno-sign-conversion -Wno-infinite-recursion -Wno-comma -Wno-block-capture-autoreleasing -Wno-strict-prototypes -I/Users/ameerspincar/Documents/ios/build/build-x86_64-iphonesimulator/CMakeFiles/CMakeTmp/Release/include -I/Users/ameerspincar/Documents/ios/build/build-x86_64-iphonesimulator/CMakeFiles/CMakeTmp/CMAKE_TRY_COMPILE.build/Release-iphonesimulator/cmTC_df511.build/DerivedSources/x86_64 -I/Users/ameerspincar/Documents/ios/build/build-x86_64-iphonesimulator/CMakeFiles/CMakeTmp/CMAKE_TRY_COMPILE.build/Release-iphonesimulator/cmTC_df511.build/DerivedSources -Wmost -Wno-four-char-constants -Wno-unknown-pragmas -F/Users/ameerspincar/Documents/ios/build/build-x86_64-iphonesimulator/CMakeFiles/CMakeTmp/Release -Wno-unused-function -Wno-overloaded-virtual -Wno-unused-function -Wno-overloaded-virtual -Wno-unused-function -Wno-overloaded-virtual -fsigned-char -W -Wall -Werror=return-type -Werror=non-virtual-dtor -Werror=address -Werror=sequence-point -Wformat -Werror=format-security -Wmissing-declarations -Wmissing-prototypes -Wstrict-prototypes -Wundef -Winit-self -Wpointer-arith -Wshadow -Wsign-promo -Wuninitialized -Winit-self -Wno-narrowing -Wno-delete-non-virtual-dtor -Wno-unnamed-type-template-args -Wno-comment -Wno-implicit-fallthrough -fdiagnostics-show-option -Wno-long-long -Qunused-arguments -Wno-semicolon-before-method-body -msse -msse2 -msse3 -DNDEBUG -fPIE -MMD -MT dependencies -MF /Users/ameerspincar/Documents/ios/build/build-x86_64-iphonesimulator/CMakeFiles/CMakeTmp/CMAKE_TRY_COMPILE.build/Release-iphonesimulator/cmTC_df511.build/Objects-normal/x86_64/OFF64_T.d --serialize-diagnostics /Users/ameerspincar/Documents/ios/build/build-x86_64-iphonesimulator/CMakeFiles/CMakeTmp/CMAKE_TRY_COMPILE.build/Release-iphonesimulator/cmTC_df511.build/Objects-normal/x86_64/OFF64_T.dia -c /Users/ameerspincar/Documents/ios/build/build-x86_64-iphonesimulator/CMakeFiles/CheckTypeSize/OFF64_T.c -o /Users/ameerspincar/Documents/ios/build/build-x86_64-iphonesimulator/CMakeFiles/CMakeTmp/CMAKE_TRY_COMPILE.build/Release-iphonesimulator/cmTC_df511.build/Objects-normal/x86_64/OFF64_T.o
/Users/ameerspincar/Documents/ios/build/build-x86_64-iphonesimulator/CMakeFiles/CheckTypeSize/OFF64_T.c:25:12: error: use of undeclared identifier 'off64_t'
  ('0' + ((SIZE / 10000)%10)),
           ^
/Users/ameerspincar/Documents/ios/build/build-x86_64-iphonesimulator/CMakeFiles/CheckTypeSize/OFF64_T.c:23:22: note: expanded from macro 'SIZE'
#define SIZE (sizeof(off64_t))
                     ^
/Users/ameerspincar/Documents/ios/build/build-x86_64-iphonesimulator/CMakeFiles/CheckTypeSize/OFF64_T.c:26:12: error: use of undeclared identifier 'off64_t'
  ('0' + ((SIZE / 1000)%10)),
           ^
/Users/ameerspincar/Documents/ios/build/build-x86_64-iphonesimulator/CMakeFiles/CheckTypeSize/OFF64_T.c:23:22: note: expanded from macro 'SIZE'
#define SIZE (sizeof(off64_t))
                     ^
/Users/ameerspincar/Documents/ios/build/build-x86_64-iphonesimulator/CMakeFiles/CheckTypeSize/OFF64_T.c:27:12: error: use of undeclared identifier 'off64_t'
  ('0' + ((SIZE / 100)%10)),
           ^
/Users/ameerspincar/Documents/ios/build/build-x86_64-iphonesimulator/CMakeFiles/CheckTypeSize/OFF64_T.c:23:22: note: expanded from macro 'SIZE'
#define SIZE (sizeof(off64_t))
                     ^
/Users/ameerspincar/Documents/ios/build/build-x86_64-iphonesimulator/CMakeFiles/CheckTypeSize/OFF64_T.c:28:12: error: use of undeclared identifier 'off64_t'
  ('0' + ((SIZE / 10)%10)),
           ^
/Users/ameerspincar/Documents/ios/build/build-x86_64-iphonesimulator/CMakeFiles/CheckTypeSize/OFF64_T.c:23:22: note: expanded from macro 'SIZE'
#define SIZE (sizeof(off64_t))
                     ^
/Users/ameerspincar/Documents/ios/build/build-x86_64-iphonesimulator/CMakeFiles/CheckTypeSize/OFF64_T.c:29:12: error: use of undeclared identifier 'off64_t'
  ('0' +  (SIZE    % 10)),
           ^
/Users/ameerspincar/Documents/ios/build/build-x86_64-iphonesimulator/CMakeFiles/CheckTypeSize/OFF64_T.c:23:22: note: expanded from macro 'SIZE'
#define SIZE (sizeof(off64_t))
                     ^
5 errors generated.

** BUILD FAILED **


The following build commands failed:
	CompileC CMAKE_TRY_COMPILE.build/Release-iphonesimulator/cmTC_df511.build/Objects-normal/x86_64/OFF64_T.o /Users/ameerspincar/Documents/ios/build/build-x86_64-iphonesimulator/CMakeFiles/CheckTypeSize/OFF64_T.c normal x86_64 c com.apple.compilers.llvm.clang.1_0.compiler
(1 failure)

/Users/ameerspincar/Documents/ios/build/build-x86_64-iphonesimulator/CMakeFiles/CheckTypeSize/OFF64_T.c:
#include <sys/types.h>
#include <stdint.h>
#include <stddef.h>


#undef KEY
#if defined(__i386)
# define KEY '_','_','i','3','8','6'
#elif defined(__x86_64)
# define KEY '_','_','x','8','6','_','6','4'
#elif defined(__ppc__)
# define KEY '_','_','p','p','c','_','_'
#elif defined(__ppc64__)
# define KEY '_','_','p','p','c','6','4','_','_'
#elif defined(__aarch64__)
# define KEY '_','_','a','a','r','c','h','6','4','_','_'
#elif defined(__ARM_ARCH_7A__)
# define KEY '_','_','A','R','M','_','A','R','C','H','_','7','A','_','_'
#elif defined(__ARM_ARCH_7S__)
# define KEY '_','_','A','R','M','_','A','R','C','H','_','7','S','_','_'
#endif

#define SIZE (sizeof(off64_t))
char info_size[] =  {'I', 'N', 'F', 'O', ':', 's','i','z','e','[',
  ('0' + ((SIZE / 10000)%10)),
  ('0' + ((SIZE / 1000)%10)),
  ('0' + ((SIZE / 100)%10)),
  ('0' + ((SIZE / 10)%10)),
  ('0' +  (SIZE    % 10)),
  ']',
#ifdef KEY
  ' ','k','e','y','[', KEY, ']',
#endif
  '\0'};

#ifdef __CLASSIC_C__
int main(argc, argv) int argc; char *argv[];
#else
int main(int argc, char *argv[])
#endif
{
  int require = 0;
  require += info_size[argc];
  (void)argv;
  return require;
}


Build output check failed:
    Regex: 'unknown .*option'
    Output line: 'warning: unknown warning option '-Wno-maybe-uninitialized', did you mean '-Wno-uninitialized'? [-Wunknown-warning-option]'
Compilation failed:
    source file: '/Users/ameerspincar/Documents/ios/build/build-x86_64-iphonesimulator/CMakeFiles/CMakeTmp/src.c'
    check option: ' -Wno-maybe-uninitialized'
===== BUILD LOG =====
Change Dir: /Users/ameerspincar/Documents/ios/build/build-x86_64-iphonesimulator/CMakeFiles/CMakeTmp

Run Build Command:"/Users/ameerspincar/Documents/ios/build/build-x86_64-iphonesimulator/xcodebuild_wrapper" "-project" "CMAKE_TRY_COMPILE.xcodeproj" "build" "-target" "cmTC_1c215" "-configuration" "Release"
Build settings from command line:
    ARCHS = x86_64
    IPHONEOS_DEPLOYMENT_TARGET = 6.0
    SDKROOT = iphonesimulator11.3

=== BUILD TARGET cmTC_1c215 OF PROJECT CMAKE_TRY_COMPILE WITH CONFIGURATION Release ===

Check dependencies

Write auxiliary files
/bin/mkdir -p /Users/ameerspincar/Documents/ios/build/build-x86_64-iphonesimulator/CMakeFiles/CMakeTmp/CMAKE_TRY_COMPILE.build/Release-iphonesimulator/cmTC_1c215.build/Objects-normal/x86_64
write-file /Users/ameerspincar/Documents/ios/build/build-x86_64-iphonesimulator/CMakeFiles/CMakeTmp/CMAKE_TRY_COMPILE.build/Release-iphonesimulator/cmTC_1c215.build/Objects-normal/x86_64/cmTC_1c215.LinkFileList

Create product structure
/bin/mkdir -p /Users/ameerspincar/Documents/ios/build/build-x86_64-iphonesimulator/CMakeFiles/CMakeTmp/Release/cmTC_1c215.app

ProcessInfoPlistFile Release/cmTC_1c215.app/Info.plist CMakeFiles/cmTC_1c215.dir/Info.plist
    cd /Users/ameerspincar/Documents/ios/build/build-x86_64-iphonesimulator/CMakeFiles/CMakeTmp
    export PATH="/Applications/Xcode.app/Contents/Developer/Platforms/iPhoneSimulator.platform/Developer/usr/bin:/Applications/Xcode.app/Contents/Developer/usr/bin:/usr/local/bin:/usr/bin:/bin:/usr/sbin:/sbin"
    builtin-infoPlistUtility /Users/ameerspincar/Documents/ios/build/build-x86_64-iphonesimulator/CMakeFiles/CMakeTmp/CMakeFiles/cmTC_1c215.dir/Info.plist -genpkginfo /Users/ameerspincar/Documents/ios/build/build-x86_64-iphonesimulator/CMakeFiles/CMakeTmp/Release/cmTC_1c215.app/PkgInfo -expandbuildsettings -format binary -platform iphonesimulator -o /Users/ameerspincar/Documents/ios/build/build-x86_64-iphonesimulator/CMakeFiles/CMakeTmp/Release/cmTC_1c215.app/Info.plist

ProcessProductPackaging "" CMAKE_TRY_COMPILE.build/Release-iphonesimulator/cmTC_1c215.build/cmTC_1c215.app-Simulated.xcent
    cd /Users/ameerspincar/Documents/ios/build/build-x86_64-iphonesimulator/CMakeFiles/CMakeTmp
    export PATH="/Applications/Xcode.app/Contents/Developer/Platforms/iPhoneSimulator.platform/Developer/usr/bin:/Applications/Xcode.app/Contents/Developer/usr/bin:/usr/local/bin:/usr/bin:/bin:/usr/sbin:/sbin"
    

Entitlements:

{
    "application-identifier" = "NLV9853SQ4.";
    "keychain-access-groups" =     (
        "NLV9853SQ4."
    );
}


    builtin-productPackagingUtility -entitlements -format xml -o /Users/ameerspincar/Documents/ios/build/build-x86_64-iphonesimulator/CMakeFiles/CMakeTmp/CMAKE_TRY_COMPILE.build/Release-iphonesimulator/cmTC_1c215.build/cmTC_1c215.app-Simulated.xcent

CompileC CMAKE_TRY_COMPILE.build/Release-iphonesimulator/cmTC_1c215.build/Objects-normal/x86_64/src.o src.c normal x86_64 c com.apple.compilers.llvm.clang.1_0.compiler
    cd /Users/ameerspincar/Documents/ios/build/build-x86_64-iphonesimulator/CMakeFiles/CMakeTmp
    export LANG=en_US.US-ASCII
    export PATH="/Applications/Xcode.app/Contents/Developer/Platforms/iPhoneSimulator.platform/Developer/usr/bin:/Applications/Xcode.app/Contents/Developer/usr/bin:/usr/local/bin:/usr/bin:/bin:/usr/sbin:/sbin"
    /Applications/Xcode.app/Contents/Developer/Toolchains/XcodeDefault.xctoolchain/usr/bin/clang -x c -arch x86_64 -fmessage-length=0 -fdiagnostics-show-note-include-stack -fmacro-backtrace-limit=0 -Wno-trigraphs -fpascal-strings -O3 -Wno-missing-field-initializers -Wno-missing-prototypes -Wno-return-type -Wno-missing-braces -Wparentheses -Wswitch -Wno-unused-function -Wno-unused-label -Wno-unused-parameter -Wno-unused-variable -Wunused-value -Wno-empty-body -Wno-uninitialized -Wno-unknown-pragmas -Wno-shadow -Wno-four-char-constants -Wno-conversion -Wno-constant-conversion -Wno-int-conversion -Wno-bool-conversion -Wno-enum-conversion -Wno-float-conversion -Wno-non-literal-null-conversion -Wno-objc-literal-conversion -Wshorten-64-to-32 -Wpointer-sign -Wno-newline-eof -DCMAKE_INTDIR=\"Release-iphonesimulator\" -isysroot /Applications/Xcode.app/Contents/Developer/Platforms/iPhoneSimulator.platform/Developer/SDKs/iPhoneSimulator11.3.sdk -fasm-blocks -fstrict-aliasing -Wdeprecated-declarations -mios-simulator-version-min=6.0 -Wno-sign-conversion -Wno-infinite-recursion -Wno-comma -Wno-block-capture-autoreleasing -Wno-strict-prototypes -I/Users/ameerspincar/Documents/ios/build/build-x86_64-iphonesimulator/CMakeFiles/CMakeTmp/Release/include -I/Users/ameerspincar/Documents/ios/build/build-x86_64-iphonesimulator/CMakeFiles/CMakeTmp/CMAKE_TRY_COMPILE.build/Release-iphonesimulator/cmTC_1c215.build/DerivedSources/x86_64 -I/Users/ameerspincar/Documents/ios/build/build-x86_64-iphonesimulator/CMakeFiles/CMakeTmp/CMAKE_TRY_COMPILE.build/Release-iphonesimulator/cmTC_1c215.build/DerivedSources -Wmost -Wno-four-char-constants -Wno-unknown-pragmas -F/Users/ameerspincar/Documents/ios/build/build-x86_64-iphonesimulator/CMakeFiles/CMakeTmp/Release -Wno-unused-function -Wno-overloaded-virtual -Wno-unused-function -Wno-overloaded-virtual -Wno-unused-function -Wno-overloaded-virtual -fsigned-char -W -Wall -Werror=return-type -Werror=non-virtual-dtor -Werror=address -Werror=sequence-point -Wformat -Werror=format-security -Wmissing-declarations -Wmissing-prototypes -Wstrict-prototypes -Wundef -Winit-self -Wpointer-arith -Wsign-promo -Wuninitialized -Winit-self -Wno-narrowing -Wno-delete-non-virtual-dtor -Wno-unnamed-type-template-args -Wno-comment -Wno-implicit-fallthrough -fdiagnostics-show-option -Wno-long-long -Qunused-arguments -Wno-semicolon-before-method-body -msse -msse2 -msse3 -Wno-unused-variable -Wno-unused-function -Wno-shadow -DNDEBUG -fPIE -Wno-maybe-uninitialized -MMD -MT dependencies -MF /Users/ameerspincar/Documents/ios/build/build-x86_64-iphonesimulator/CMakeFiles/CMakeTmp/CMAKE_TRY_COMPILE.build/Release-iphonesimulator/cmTC_1c215.build/Objects-normal/x86_64/src.d --serialize-diagnostics /Users/ameerspincar/Documents/ios/build/build-x86_64-iphonesimulator/CMakeFiles/CMakeTmp/CMAKE_TRY_COMPILE.build/Release-iphonesimulator/cmTC_1c215.build/Objects-normal/x86_64/src.dia -c /Users/ameerspincar/Documents/ios/build/build-x86_64-iphonesimulator/CMakeFiles/CMakeTmp/src.c -o /Users/ameerspincar/Documents/ios/build/build-x86_64-iphonesimulator/CMakeFiles/CMakeTmp/CMAKE_TRY_COMPILE.build/Release-iphonesimulator/cmTC_1c215.build/Objects-normal/x86_64/src.o
warning: unknown warning option '-Wno-maybe-uninitialized'; did you mean '-Wno-uninitialized'? [-Wunknown-warning-option]
/Users/ameerspincar/Documents/ios/build/build-x86_64-iphonesimulator/CMakeFiles/CMakeTmp/src.c:1:8: warning: unknown pragma ignored [-Wunknown-pragmas]
#pragma
       ^
2 warnings generated.

Ld Release/cmTC_1c215.app/cmTC_1c215 normal x86_64
    cd /Users/ameerspincar/Documents/ios/build/build-x86_64-iphonesimulator/CMakeFiles/CMakeTmp
    export IPHONEOS_DEPLOYMENT_TARGET=6.0
    export PATH="/Applications/Xcode.app/Contents/Developer/Platforms/iPhoneSimulator.platform/Developer/usr/bin:/Applications/Xcode.app/Contents/Developer/usr/bin:/usr/local/bin:/usr/bin:/bin:/usr/sbin:/sbin"
    /Applications/Xcode.app/Contents/Developer/Toolchains/XcodeDefault.xctoolchain/usr/bin/clang -arch x86_64 -isysroot /Applications/Xcode.app/Contents/Developer/Platforms/iPhoneSimulator.platform/Developer/SDKs/iPhoneSimulator11.3.sdk -L/Users/ameerspincar/Documents/ios/build/build-x86_64-iphonesimulator/CMakeFiles/CMakeTmp/Release -F/Users/ameerspincar/Documents/ios/build/build-x86_64-iphonesimulator/CMakeFiles/CMakeTmp/Release -filelist /Users/ameerspincar/Documents/ios/build/build-x86_64-iphonesimulator/CMakeFiles/CMakeTmp/CMAKE_TRY_COMPILE.build/Release-iphonesimulator/cmTC_1c215.build/Objects-normal/x86_64/cmTC_1c215.LinkFileList -mios-simulator-version-min=6.0 -dead_strip -Xlinker -objc_abi_version -Xlinker 2 -Xlinker -sectcreate -Xlinker __TEXT -Xlinker __entitlements -Xlinker /Users/ameerspincar/Documents/ios/build/build-x86_64-iphonesimulator/CMakeFiles/CMakeTmp/CMAKE_TRY_COMPILE.build/Release-iphonesimulator/cmTC_1c215.build/cmTC_1c215.app-Simulated.xcent -Xlinker -dependency_info -Xlinker /Users/ameerspincar/Documents/ios/build/build-x86_64-iphonesimulator/CMakeFiles/CMakeTmp/CMAKE_TRY_COMPILE.build/Release-iphonesimulator/cmTC_1c215.build/Objects-normal/x86_64/cmTC_1c215_dependency_info.dat -o /Users/ameerspincar/Documents/ios/build/build-x86_64-iphonesimulator/CMakeFiles/CMakeTmp/Release/cmTC_1c215.app/cmTC_1c215

Touch Release/cmTC_1c215.app
    cd /Users/ameerspincar/Documents/ios/build/build-x86_64-iphonesimulator/CMakeFiles/CMakeTmp
    export PATH="/Applications/Xcode.app/Contents/Developer/Platforms/iPhoneSimulator.platform/Developer/usr/bin:/Applications/Xcode.app/Contents/Developer/usr/bin:/usr/local/bin:/usr/bin:/bin:/usr/sbin:/sbin"
    /usr/bin/touch -c /Users/ameerspincar/Documents/ios/build/build-x86_64-iphonesimulator/CMakeFiles/CMakeTmp/Release/cmTC_1c215.app

ProcessProductPackaging "" CMAKE_TRY_COMPILE.build/Release-iphonesimulator/cmTC_1c215.build/cmTC_1c215.app.xcent
    cd /Users/ameerspincar/Documents/ios/build/build-x86_64-iphonesimulator/CMakeFiles/CMakeTmp
    export PATH="/Applications/Xcode.app/Contents/Developer/Platforms/iPhoneSimulator.platform/Developer/usr/bin:/Applications/Xcode.app/Contents/Developer/usr/bin:/usr/local/bin:/usr/bin:/bin:/usr/sbin:/sbin"
    

Entitlements:

{
    "com.apple.security.get-task-allow" = 1;
}


    builtin-productPackagingUtility -entitlements -format xml -o /Users/ameerspincar/Documents/ios/build/build-x86_64-iphonesimulator/CMakeFiles/CMakeTmp/CMAKE_TRY_COMPILE.build/Release-iphonesimulator/cmTC_1c215.build/cmTC_1c215.app.xcent

CodeSign Release/cmTC_1c215.app
    cd /Users/ameerspincar/Documents/ios/build/build-x86_64-iphonesimulator/CMakeFiles/CMakeTmp
    export CODESIGN_ALLOCATE=/Applications/Xcode.app/Contents/Developer/Toolchains/XcodeDefault.xctoolchain/usr/bin/codesign_allocate
    export PATH="/Applications/Xcode.app/Contents/Developer/Platforms/iPhoneSimulator.platform/Developer/usr/bin:/Applications/Xcode.app/Contents/Developer/usr/bin:/usr/local/bin:/usr/bin:/bin:/usr/sbin:/sbin"
    
Signing Identity:     "-"

    /usr/bin/codesign --force --sign - --entitlements /Users/ameerspincar/Documents/ios/build/build-x86_64-iphonesimulator/CMakeFiles/CMakeTmp/CMAKE_TRY_COMPILE.build/Release-iphonesimulator/cmTC_1c215.build/cmTC_1c215.app.xcent --timestamp=none /Users/ameerspincar/Documents/ios/build/build-x86_64-iphonesimulator/CMakeFiles/CMakeTmp/Release/cmTC_1c215.app

** BUILD SUCCEEDED **


===== END =====

Build output check failed:
    Regex: 'unknown .*option'
    Output line: 'warning: unknown warning option '-Wno-enum-compare-switch', did you mean '-Wno-enum-compare'? [-Wunknown-warning-option]'
Compilation failed:
    source file: '/Users/ameerspincar/Documents/ios/build/build-x86_64-iphonesimulator/CMakeFiles/CMakeTmp/src.cxx'
    check option: ' -Wno-enum-compare-switch'
===== BUILD LOG =====
Change Dir: /Users/ameerspincar/Documents/ios/build/build-x86_64-iphonesimulator/CMakeFiles/CMakeTmp

Run Build Command:"/Users/ameerspincar/Documents/ios/build/build-x86_64-iphonesimulator/xcodebuild_wrapper" "-project" "CMAKE_TRY_COMPILE.xcodeproj" "build" "-target" "cmTC_1ab6b" "-configuration" "Release"
Build settings from command line:
    ARCHS = x86_64
    IPHONEOS_DEPLOYMENT_TARGET = 6.0
    SDKROOT = iphonesimulator11.3

=== BUILD TARGET cmTC_1ab6b OF PROJECT CMAKE_TRY_COMPILE WITH CONFIGURATION Release ===

Check dependencies

Write auxiliary files
/bin/mkdir -p /Users/ameerspincar/Documents/ios/build/build-x86_64-iphonesimulator/CMakeFiles/CMakeTmp/CMAKE_TRY_COMPILE.build/Release-iphonesimulator/cmTC_1ab6b.build/Objects-normal/x86_64
write-file /Users/ameerspincar/Documents/ios/build/build-x86_64-iphonesimulator/CMakeFiles/CMakeTmp/CMAKE_TRY_COMPILE.build/Release-iphonesimulator/cmTC_1ab6b.build/Objects-normal/x86_64/cmTC_1ab6b.LinkFileList

Create product structure
/bin/mkdir -p /Users/ameerspincar/Documents/ios/build/build-x86_64-iphonesimulator/CMakeFiles/CMakeTmp/Release/cmTC_1ab6b.app

ProcessInfoPlistFile Release/cmTC_1ab6b.app/Info.plist CMakeFiles/cmTC_1ab6b.dir/Info.plist
    cd /Users/ameerspincar/Documents/ios/build/build-x86_64-iphonesimulator/CMakeFiles/CMakeTmp
    export PATH="/Applications/Xcode.app/Contents/Developer/Platforms/iPhoneSimulator.platform/Developer/usr/bin:/Applications/Xcode.app/Contents/Developer/usr/bin:/usr/local/bin:/usr/bin:/bin:/usr/sbin:/sbin"
    builtin-infoPlistUtility /Users/ameerspincar/Documents/ios/build/build-x86_64-iphonesimulator/CMakeFiles/CMakeTmp/CMakeFiles/cmTC_1ab6b.dir/Info.plist -genpkginfo /Users/ameerspincar/Documents/ios/build/build-x86_64-iphonesimulator/CMakeFiles/CMakeTmp/Release/cmTC_1ab6b.app/PkgInfo -expandbuildsettings -format binary -platform iphonesimulator -o /Users/ameerspincar/Documents/ios/build/build-x86_64-iphonesimulator/CMakeFiles/CMakeTmp/Release/cmTC_1ab6b.app/Info.plist

ProcessProductPackaging "" CMAKE_TRY_COMPILE.build/Release-iphonesimulator/cmTC_1ab6b.build/cmTC_1ab6b.app-Simulated.xcent
    cd /Users/ameerspincar/Documents/ios/build/build-x86_64-iphonesimulator/CMakeFiles/CMakeTmp
    export PATH="/Applications/Xcode.app/Contents/Developer/Platforms/iPhoneSimulator.platform/Developer/usr/bin:/Applications/Xcode.app/Contents/Developer/usr/bin:/usr/local/bin:/usr/bin:/bin:/usr/sbin:/sbin"
    

Entitlements:

{
    "application-identifier" = "NLV9853SQ4.";
    "keychain-access-groups" =     (
        "NLV9853SQ4."
    );
}


    builtin-productPackagingUtility -entitlements -format xml -o /Users/ameerspincar/Documents/ios/build/build-x86_64-iphonesimulator/CMakeFiles/CMakeTmp/CMAKE_TRY_COMPILE.build/Release-iphonesimulator/cmTC_1ab6b.build/cmTC_1ab6b.app-Simulated.xcent

CompileC CMAKE_TRY_COMPILE.build/Release-iphonesimulator/cmTC_1ab6b.build/Objects-normal/x86_64/src.o src.cxx normal x86_64 c++ com.apple.compilers.llvm.clang.1_0.compiler
    cd /Users/ameerspincar/Documents/ios/build/build-x86_64-iphonesimulator/CMakeFiles/CMakeTmp
    export LANG=en_US.US-ASCII
    export PATH="/Applications/Xcode.app/Contents/Developer/Platforms/iPhoneSimulator.platform/Developer/usr/bin:/Applications/Xcode.app/Contents/Developer/usr/bin:/usr/local/bin:/usr/bin:/bin:/usr/sbin:/sbin"
    /Applications/Xcode.app/Contents/Developer/Toolchains/XcodeDefault.xctoolchain/usr/bin/clang -x c++ -arch x86_64 -fmessage-length=0 -fdiagnostics-show-note-include-stack -fmacro-backtrace-limit=0 -Wno-trigraphs -fpascal-strings -O3 -Wno-missing-field-initializers -Wno-missing-prototypes -Wno-return-type -Wno-non-virtual-dtor -Wno-overloaded-virtual -Wno-exit-time-destructors -Wno-missing-braces -Wparentheses -Wswitch -Wno-unused-function -Wno-unused-label -Wno-unused-parameter -Wno-unused-variable -Wunused-value -Wno-empty-body -Wno-uninitialized -Wno-unknown-pragmas -Wno-shadow -Wno-four-char-constants -Wno-conversion -Wno-constant-conversion -Wno-int-conversion -Wno-bool-conversion -Wno-enum-conversion -Wno-float-conversion -Wno-non-literal-null-conversion -Wno-objc-literal-conversion -Wshorten-64-to-32 -Wno-newline-eof -Wno-c++11-extensions -DCMAKE_INTDIR=\"Release-iphonesimulator\" -isysroot /Applications/Xcode.app/Contents/Developer/Platforms/iPhoneSimulator.platform/Developer/SDKs/iPhoneSimulator11.3.sdk -fasm-blocks -fstrict-aliasing -Wdeprecated-declarations -Winvalid-offsetof -mios-simulator-version-min=6.0 -Wno-sign-conversion -Wno-infinite-recursion -Wno-move -Wno-comma -Wno-block-capture-autoreleasing -Wno-strict-prototypes -Wno-range-loop-analysis -I/Users/ameerspincar/Documents/ios/build/build-x86_64-iphonesimulator/CMakeFiles/CMakeTmp/Release/include -I/Users/ameerspincar/Documents/ios/build/build-x86_64-iphonesimulator/CMakeFiles/CMakeTmp/CMAKE_TRY_COMPILE.build/Release-iphonesimulator/cmTC_1ab6b.build/DerivedSources/x86_64 -I/Users/ameerspincar/Documents/ios/build/build-x86_64-iphonesimulator/CMakeFiles/CMakeTmp/CMAKE_TRY_COMPILE.build/Release-iphonesimulator/cmTC_1ab6b.build/DerivedSources -Wmost -Wno-four-char-constants -Wno-unknown-pragmas -F/Users/ameerspincar/Documents/ios/build/build-x86_64-iphonesimulator/CMakeFiles/CMakeTmp/Release -stdlib=libc++ -fvisibility=hidden -fvisibility-inlines-hidden -Wno-unused-function -Wno-overloaded-virtual -stdlib=libc++ -fvisibility=hidden -fvisibility-inlines-hidden -Wno-unused-function -Wno-overloaded-virtual -stdlib=libc++ -fvisibility=hidden -fvisibility-inlines-hidden -Wno-unused-function -Wno-overloaded-virtual -fsigned-char -W -Wall -Werror=return-type -Werror=non-virtual-dtor -Werror=address -Werror=sequence-point -Wformat -Werror=format-security -Wstrict-prototypes -Winit-self -Wpointer-arith -Wuninitialized -Winit-self -Wno-narrowing -Wno-delete-non-virtual-dtor -Wno-unnamed-type-template-args -Wno-comment -Wno-implicit-fallthrough -fdiagnostics-show-option -Wno-long-long -Qunused-arguments -Wno-semicolon-before-method-body -msse -msse2 -msse3 -Wno-deprecated -Wno-missing-prototypes -Wno-missing-declarations -Wno-shadow -Wno-unused-parameter -Wno-unused-local-typedefs -Wno-sign-compare -Wno-sign-promo -Wno-undef -Wno-tautological-undefined-compare -Wno-ignored-qualifiers -Wno-extra -Wno-unused-function -Wno-unused-const-variable -Wno-shorten-64-to-32 -Wno-invalid-offsetof -DNDEBUG -ffast-math -fomit-frame-pointer -fPIE -std=c++11 -Wno-enum-compare-switch -MMD -MT dependencies -MF /Users/ameerspincar/Documents/ios/build/build-x86_64-iphonesimulator/CMakeFiles/CMakeTmp/CMAKE_TRY_COMPILE.build/Release-iphonesimulator/cmTC_1ab6b.build/Objects-normal/x86_64/src.d --serialize-diagnostics /Users/ameerspincar/Documents/ios/build/build-x86_64-iphonesimulator/CMakeFiles/CMakeTmp/CMAKE_TRY_COMPILE.build/Release-iphonesimulator/cmTC_1ab6b.build/Objects-normal/x86_64/src.dia -c /Users/ameerspincar/Documents/ios/build/build-x86_64-iphonesimulator/CMakeFiles/CMakeTmp/src.cxx -o /Users/ameerspincar/Documents/ios/build/build-x86_64-iphonesimulator/CMakeFiles/CMakeTmp/CMAKE_TRY_COMPILE.build/Release-iphonesimulator/cmTC_1ab6b.build/Objects-normal/x86_64/src.o
warning: unknown warning option '-Wno-enum-compare-switch'; did you mean '-Wno-enum-compare'? [-Wunknown-warning-option]
/Users/ameerspincar/Documents/ios/build/build-x86_64-iphonesimulator/CMakeFiles/CMakeTmp/src.cxx:1:8: warning: unknown pragma ignored [-Wunknown-pragmas]
#pragma
       ^
2 warnings generated.

Ld Release/cmTC_1ab6b.app/cmTC_1ab6b normal x86_64
    cd /Users/ameerspincar/Documents/ios/build/build-x86_64-iphonesimulator/CMakeFiles/CMakeTmp
    export IPHONEOS_DEPLOYMENT_TARGET=6.0
    export PATH="/Applications/Xcode.app/Contents/Developer/Platforms/iPhoneSimulator.platform/Developer/usr/bin:/Applications/Xcode.app/Contents/Developer/usr/bin:/usr/local/bin:/usr/bin:/bin:/usr/sbin:/sbin"
    /Applications/Xcode.app/Contents/Developer/Toolchains/XcodeDefault.xctoolchain/usr/bin/clang++ -arch x86_64 -isysroot /Applications/Xcode.app/Contents/Developer/Platforms/iPhoneSimulator.platform/Developer/SDKs/iPhoneSimulator11.3.sdk -L/Users/ameerspincar/Documents/ios/build/build-x86_64-iphonesimulator/CMakeFiles/CMakeTmp/Release -F/Users/ameerspincar/Documents/ios/build/build-x86_64-iphonesimulator/CMakeFiles/CMakeTmp/Release -filelist /Users/ameerspincar/Documents/ios/build/build-x86_64-iphonesimulator/CMakeFiles/CMakeTmp/CMAKE_TRY_COMPILE.build/Release-iphonesimulator/cmTC_1ab6b.build/Objects-normal/x86_64/cmTC_1ab6b.LinkFileList -mios-simulator-version-min=6.0 -dead_strip -Xlinker -objc_abi_version -Xlinker 2 -Xlinker -sectcreate -Xlinker __TEXT -Xlinker __entitlements -Xlinker /Users/ameerspincar/Documents/ios/build/build-x86_64-iphonesimulator/CMakeFiles/CMakeTmp/CMAKE_TRY_COMPILE.build/Release-iphonesimulator/cmTC_1ab6b.build/cmTC_1ab6b.app-Simulated.xcent -Xlinker -dependency_info -Xlinker /Users/ameerspincar/Documents/ios/build/build-x86_64-iphonesimulator/CMakeFiles/CMakeTmp/CMAKE_TRY_COMPILE.build/Release-iphonesimulator/cmTC_1ab6b.build/Objects-normal/x86_64/cmTC_1ab6b_dependency_info.dat -o /Users/ameerspincar/Documents/ios/build/build-x86_64-iphonesimulator/CMakeFiles/CMakeTmp/Release/cmTC_1ab6b.app/cmTC_1ab6b
clang: warning: libstdc++ is deprecated; move to libc++ with a minimum deployment target of iOS 7 [-Wdeprecated]

Touch Release/cmTC_1ab6b.app
    cd /Users/ameerspincar/Documents/ios/build/build-x86_64-iphonesimulator/CMakeFiles/CMakeTmp
    export PATH="/Applications/Xcode.app/Contents/Developer/Platforms/iPhoneSimulator.platform/Developer/usr/bin:/Applications/Xcode.app/Contents/Developer/usr/bin:/usr/local/bin:/usr/bin:/bin:/usr/sbin:/sbin"
    /usr/bin/touch -c /Users/ameerspincar/Documents/ios/build/build-x86_64-iphonesimulator/CMakeFiles/CMakeTmp/Release/cmTC_1ab6b.app

ProcessProductPackaging "" CMAKE_TRY_COMPILE.build/Release-iphonesimulator/cmTC_1ab6b.build/cmTC_1ab6b.app.xcent
    cd /Users/ameerspincar/Documents/ios/build/build-x86_64-iphonesimulator/CMakeFiles/CMakeTmp
    export PATH="/Applications/Xcode.app/Contents/Developer/Platforms/iPhoneSimulator.platform/Developer/usr/bin:/Applications/Xcode.app/Contents/Developer/usr/bin:/usr/local/bin:/usr/bin:/bin:/usr/sbin:/sbin"
    

Entitlements:

{
    "com.apple.security.get-task-allow" = 1;
}


    builtin-productPackagingUtility -entitlements -format xml -o /Users/ameerspincar/Documents/ios/build/build-x86_64-iphonesimulator/CMakeFiles/CMakeTmp/CMAKE_TRY_COMPILE.build/Release-iphonesimulator/cmTC_1ab6b.build/cmTC_1ab6b.app.xcent

CodeSign Release/cmTC_1ab6b.app
    cd /Users/ameerspincar/Documents/ios/build/build-x86_64-iphonesimulator/CMakeFiles/CMakeTmp
    export CODESIGN_ALLOCATE=/Applications/Xcode.app/Contents/Developer/Toolchains/XcodeDefault.xctoolchain/usr/bin/codesign_allocate
    export PATH="/Applications/Xcode.app/Contents/Developer/Platforms/iPhoneSimulator.platform/Developer/usr/bin:/Applications/Xcode.app/Contents/Developer/usr/bin:/usr/local/bin:/usr/bin:/bin:/usr/sbin:/sbin"
    
Signing Identity:     "-"

    /usr/bin/codesign --force --sign - --entitlements /Users/ameerspincar/Documents/ios/build/build-x86_64-iphonesimulator/CMakeFiles/CMakeTmp/CMAKE_TRY_COMPILE.build/Release-iphonesimulator/cmTC_1ab6b.build/cmTC_1ab6b.app.xcent --timestamp=none /Users/ameerspincar/Documents/ios/build/build-x86_64-iphonesimulator/CMakeFiles/CMakeTmp/Release/cmTC_1ab6b.app

** BUILD SUCCEEDED **


===== END =====

Build output check failed:
    Regex: 'unknown .*option'
    Output line: 'warning: unknown warning option '-Wno-suggest-override', did you mean '-Wno-shift-overflow'? [-Wunknown-warning-option]'
Compilation failed:
    source file: '/Users/ameerspincar/Documents/ios/build/build-x86_64-iphonesimulator/CMakeFiles/CMakeTmp/src.cxx'
    check option: ' -Wno-suggest-override'
===== BUILD LOG =====
Change Dir: /Users/ameerspincar/Documents/ios/build/build-x86_64-iphonesimulator/CMakeFiles/CMakeTmp

Run Build Command:"/Users/ameerspincar/Documents/ios/build/build-x86_64-iphonesimulator/xcodebuild_wrapper" "-project" "CMAKE_TRY_COMPILE.xcodeproj" "build" "-target" "cmTC_7405d" "-configuration" "Release"
Build settings from command line:
    ARCHS = x86_64
    IPHONEOS_DEPLOYMENT_TARGET = 6.0
    SDKROOT = iphonesimulator11.3

=== BUILD TARGET cmTC_7405d OF PROJECT CMAKE_TRY_COMPILE WITH CONFIGURATION Release ===

Check dependencies

Write auxiliary files
/bin/mkdir -p /Users/ameerspincar/Documents/ios/build/build-x86_64-iphonesimulator/CMakeFiles/CMakeTmp/CMAKE_TRY_COMPILE.build/Release-iphonesimulator/cmTC_7405d.build/Objects-normal/x86_64
write-file /Users/ameerspincar/Documents/ios/build/build-x86_64-iphonesimulator/CMakeFiles/CMakeTmp/CMAKE_TRY_COMPILE.build/Release-iphonesimulator/cmTC_7405d.build/Objects-normal/x86_64/cmTC_7405d.LinkFileList

Create product structure
/bin/mkdir -p /Users/ameerspincar/Documents/ios/build/build-x86_64-iphonesimulator/CMakeFiles/CMakeTmp/Release/cmTC_7405d.app

ProcessInfoPlistFile Release/cmTC_7405d.app/Info.plist CMakeFiles/cmTC_7405d.dir/Info.plist
    cd /Users/ameerspincar/Documents/ios/build/build-x86_64-iphonesimulator/CMakeFiles/CMakeTmp
    export PATH="/Applications/Xcode.app/Contents/Developer/Platforms/iPhoneSimulator.platform/Developer/usr/bin:/Applications/Xcode.app/Contents/Developer/usr/bin:/usr/local/bin:/usr/bin:/bin:/usr/sbin:/sbin"
    builtin-infoPlistUtility /Users/ameerspincar/Documents/ios/build/build-x86_64-iphonesimulator/CMakeFiles/CMakeTmp/CMakeFiles/cmTC_7405d.dir/Info.plist -genpkginfo /Users/ameerspincar/Documents/ios/build/build-x86_64-iphonesimulator/CMakeFiles/CMakeTmp/Release/cmTC_7405d.app/PkgInfo -expandbuildsettings -format binary -platform iphonesimulator -o /Users/ameerspincar/Documents/ios/build/build-x86_64-iphonesimulator/CMakeFiles/CMakeTmp/Release/cmTC_7405d.app/Info.plist

ProcessProductPackaging "" CMAKE_TRY_COMPILE.build/Release-iphonesimulator/cmTC_7405d.build/cmTC_7405d.app-Simulated.xcent
    cd /Users/ameerspincar/Documents/ios/build/build-x86_64-iphonesimulator/CMakeFiles/CMakeTmp
    export PATH="/Applications/Xcode.app/Contents/Developer/Platforms/iPhoneSimulator.platform/Developer/usr/bin:/Applications/Xcode.app/Contents/Developer/usr/bin:/usr/local/bin:/usr/bin:/bin:/usr/sbin:/sbin"
    

Entitlements:

{
    "application-identifier" = "NLV9853SQ4.";
    "keychain-access-groups" =     (
        "NLV9853SQ4."
    );
}


    builtin-productPackagingUtility -entitlements -format xml -o /Users/ameerspincar/Documents/ios/build/build-x86_64-iphonesimulator/CMakeFiles/CMakeTmp/CMAKE_TRY_COMPILE.build/Release-iphonesimulator/cmTC_7405d.build/cmTC_7405d.app-Simulated.xcent

CompileC CMAKE_TRY_COMPILE.build/Release-iphonesimulator/cmTC_7405d.build/Objects-normal/x86_64/src.o src.cxx normal x86_64 c++ com.apple.compilers.llvm.clang.1_0.compiler
    cd /Users/ameerspincar/Documents/ios/build/build-x86_64-iphonesimulator/CMakeFiles/CMakeTmp
    export LANG=en_US.US-ASCII
    export PATH="/Applications/Xcode.app/Contents/Developer/Platforms/iPhoneSimulator.platform/Developer/usr/bin:/Applications/Xcode.app/Contents/Developer/usr/bin:/usr/local/bin:/usr/bin:/bin:/usr/sbin:/sbin"
    /Applications/Xcode.app/Contents/Developer/Toolchains/XcodeDefault.xctoolchain/usr/bin/clang -x c++ -arch x86_64 -fmessage-length=0 -fdiagnostics-show-note-include-stack -fmacro-backtrace-limit=0 -Wno-trigraphs -fpascal-strings -O3 -Wno-missing-field-initializers -Wno-missing-prototypes -Wno-return-type -Wno-non-virtual-dtor -Wno-overloaded-virtual -Wno-exit-time-destructors -Wno-missing-braces -Wparentheses -Wswitch -Wno-unused-function -Wno-unused-label -Wno-unused-parameter -Wno-unused-variable -Wunused-value -Wno-empty-body -Wno-uninitialized -Wno-unknown-pragmas -Wno-shadow -Wno-four-char-constants -Wno-conversion -Wno-constant-conversion -Wno-int-conversion -Wno-bool-conversion -Wno-enum-conversion -Wno-float-conversion -Wno-non-literal-null-conversion -Wno-objc-literal-conversion -Wshorten-64-to-32 -Wno-newline-eof -Wno-c++11-extensions -DCMAKE_INTDIR=\"Release-iphonesimulator\" -isysroot /Applications/Xcode.app/Contents/Developer/Platforms/iPhoneSimulator.platform/Developer/SDKs/iPhoneSimulator11.3.sdk -fasm-blocks -fstrict-aliasing -Wdeprecated-declarations -Winvalid-offsetof -mios-simulator-version-min=6.0 -Wno-sign-conversion -Wno-infinite-recursion -Wno-move -Wno-comma -Wno-block-capture-autoreleasing -Wno-strict-prototypes -Wno-range-loop-analysis -I/Users/ameerspincar/Documents/ios/build/build-x86_64-iphonesimulator/CMakeFiles/CMakeTmp/Release/include -I/Users/ameerspincar/Documents/ios/build/build-x86_64-iphonesimulator/CMakeFiles/CMakeTmp/CMAKE_TRY_COMPILE.build/Release-iphonesimulator/cmTC_7405d.build/DerivedSources/x86_64 -I/Users/ameerspincar/Documents/ios/build/build-x86_64-iphonesimulator/CMakeFiles/CMakeTmp/CMAKE_TRY_COMPILE.build/Release-iphonesimulator/cmTC_7405d.build/DerivedSources -Wmost -Wno-four-char-constants -Wno-unknown-pragmas -F/Users/ameerspincar/Documents/ios/build/build-x86_64-iphonesimulator/CMakeFiles/CMakeTmp/Release -stdlib=libc++ -fvisibility=hidden -fvisibility-inlines-hidden -Wno-unused-function -Wno-overloaded-virtual -stdlib=libc++ -fvisibility=hidden -fvisibility-inlines-hidden -Wno-unused-function -Wno-overloaded-virtual -stdlib=libc++ -fvisibility=hidden -fvisibility-inlines-hidden -Wno-unused-function -Wno-overloaded-virtual -fsigned-char -W -Wall -Werror=return-type -Werror=non-virtual-dtor -Werror=address -Werror=sequence-point -Wformat -Werror=format-security -Wstrict-prototypes -Winit-self -Wpointer-arith -Wuninitialized -Winit-self -Wno-narrowing -Wno-delete-non-virtual-dtor -Wno-unnamed-type-template-args -Wno-comment -Wno-implicit-fallthrough -fdiagnostics-show-option -Wno-long-long -Qunused-arguments -Wno-semicolon-before-method-body -msse -msse2 -msse3 -Wno-deprecated -Wno-missing-prototypes -Wno-missing-declarations -Wno-shadow -Wno-unused-parameter -Wno-unused-local-typedefs -Wno-sign-compare -Wno-sign-promo -Wno-undef -Wno-tautological-undefined-compare -Wno-ignored-qualifiers -Wno-extra -Wno-unused-function -Wno-unused-const-variable -Wno-shorten-64-to-32 -Wno-invalid-offsetof -DNDEBUG -ffast-math -fomit-frame-pointer -fPIE -std=c++11 -Wno-suggest-override -MMD -MT dependencies -MF /Users/ameerspincar/Documents/ios/build/build-x86_64-iphonesimulator/CMakeFiles/CMakeTmp/CMAKE_TRY_COMPILE.build/Release-iphonesimulator/cmTC_7405d.build/Objects-normal/x86_64/src.d --serialize-diagnostics /Users/ameerspincar/Documents/ios/build/build-x86_64-iphonesimulator/CMakeFiles/CMakeTmp/CMAKE_TRY_COMPILE.build/Release-iphonesimulator/cmTC_7405d.build/Objects-normal/x86_64/src.dia -c /Users/ameerspincar/Documents/ios/build/build-x86_64-iphonesimulator/CMakeFiles/CMakeTmp/src.cxx -o /Users/ameerspincar/Documents/ios/build/build-x86_64-iphonesimulator/CMakeFiles/CMakeTmp/CMAKE_TRY_COMPILE.build/Release-iphonesimulator/cmTC_7405d.build/Objects-normal/x86_64/src.o
warning: unknown warning option '-Wno-suggest-override'; did you mean '-Wno-shift-overflow'? [-Wunknown-warning-option]
/Users/ameerspincar/Documents/ios/build/build-x86_64-iphonesimulator/CMakeFiles/CMakeTmp/src.cxx:1:8: warning: unknown pragma ignored [-Wunknown-pragmas]
#pragma
       ^
2 warnings generated.

Ld Release/cmTC_7405d.app/cmTC_7405d normal x86_64
    cd /Users/ameerspincar/Documents/ios/build/build-x86_64-iphonesimulator/CMakeFiles/CMakeTmp
    export IPHONEOS_DEPLOYMENT_TARGET=6.0
    export PATH="/Applications/Xcode.app/Contents/Developer/Platforms/iPhoneSimulator.platform/Developer/usr/bin:/Applications/Xcode.app/Contents/Developer/usr/bin:/usr/local/bin:/usr/bin:/bin:/usr/sbin:/sbin"
    /Applications/Xcode.app/Contents/Developer/Toolchains/XcodeDefault.xctoolchain/usr/bin/clang++ -arch x86_64 -isysroot /Applications/Xcode.app/Contents/Developer/Platforms/iPhoneSimulator.platform/Developer/SDKs/iPhoneSimulator11.3.sdk -L/Users/ameerspincar/Documents/ios/build/build-x86_64-iphonesimulator/CMakeFiles/CMakeTmp/Release -F/Users/ameerspincar/Documents/ios/build/build-x86_64-iphonesimulator/CMakeFiles/CMakeTmp/Release -filelist /Users/ameerspincar/Documents/ios/build/build-x86_64-iphonesimulator/CMakeFiles/CMakeTmp/CMAKE_TRY_COMPILE.build/Release-iphonesimulator/cmTC_7405d.build/Objects-normal/x86_64/cmTC_7405d.LinkFileList -mios-simulator-version-min=6.0 -dead_strip -Xlinker -objc_abi_version -Xlinker 2 -Xlinker -sectcreate -Xlinker __TEXT -Xlinker __entitlements -Xlinker /Users/ameerspincar/Documents/ios/build/build-x86_64-iphonesimulator/CMakeFiles/CMakeTmp/CMAKE_TRY_COMPILE.build/Release-iphonesimulator/cmTC_7405d.build/cmTC_7405d.app-Simulated.xcent -Xlinker -dependency_info -Xlinker /Users/ameerspincar/Documents/ios/build/build-x86_64-iphonesimulator/CMakeFiles/CMakeTmp/CMAKE_TRY_COMPILE.build/Release-iphonesimulator/cmTC_7405d.build/Objects-normal/x86_64/cmTC_7405d_dependency_info.dat -o /Users/ameerspincar/Documents/ios/build/build-x86_64-iphonesimulator/CMakeFiles/CMakeTmp/Release/cmTC_7405d.app/cmTC_7405d
clang: warning: libstdc++ is deprecated; move to libc++ with a minimum deployment target of iOS 7 [-Wdeprecated]

Touch Release/cmTC_7405d.app
    cd /Users/ameerspincar/Documents/ios/build/build-x86_64-iphonesimulator/CMakeFiles/CMakeTmp
    export PATH="/Applications/Xcode.app/Contents/Developer/Platforms/iPhoneSimulator.platform/Developer/usr/bin:/Applications/Xcode.app/Contents/Developer/usr/bin:/usr/local/bin:/usr/bin:/bin:/usr/sbin:/sbin"
    /usr/bin/touch -c /Users/ameerspincar/Documents/ios/build/build-x86_64-iphonesimulator/CMakeFiles/CMakeTmp/Release/cmTC_7405d.app

ProcessProductPackaging "" CMAKE_TRY_COMPILE.build/Release-iphonesimulator/cmTC_7405d.build/cmTC_7405d.app.xcent
    cd /Users/ameerspincar/Documents/ios/build/build-x86_64-iphonesimulator/CMakeFiles/CMakeTmp
    export PATH="/Applications/Xcode.app/Contents/Developer/Platforms/iPhoneSimulator.platform/Developer/usr/bin:/Applications/Xcode.app/Contents/Developer/usr/bin:/usr/local/bin:/usr/bin:/bin:/usr/sbin:/sbin"
    

Entitlements:

{
    "com.apple.security.get-task-allow" = 1;
}


    builtin-productPackagingUtility -entitlements -format xml -o /Users/ameerspincar/Documents/ios/build/build-x86_64-iphonesimulator/CMakeFiles/CMakeTmp/CMAKE_TRY_COMPILE.build/Release-iphonesimulator/cmTC_7405d.build/cmTC_7405d.app.xcent

CodeSign Release/cmTC_7405d.app
    cd /Users/ameerspincar/Documents/ios/build/build-x86_64-iphonesimulator/CMakeFiles/CMakeTmp
    export CODESIGN_ALLOCATE=/Applications/Xcode.app/Contents/Developer/Toolchains/XcodeDefault.xctoolchain/usr/bin/codesign_allocate
    export PATH="/Applications/Xcode.app/Contents/Developer/Platforms/iPhoneSimulator.platform/Developer/usr/bin:/Applications/Xcode.app/Contents/Developer/usr/bin:/usr/local/bin:/usr/bin:/bin:/usr/sbin:/sbin"
    
Signing Identity:     "-"

    /usr/bin/codesign --force --sign - --entitlements /Users/ameerspincar/Documents/ios/build/build-x86_64-iphonesimulator/CMakeFiles/CMakeTmp/CMAKE_TRY_COMPILE.build/Release-iphonesimulator/cmTC_7405d.build/cmTC_7405d.app.xcent --timestamp=none /Users/ameerspincar/Documents/ios/build/build-x86_64-iphonesimulator/CMakeFiles/CMakeTmp/Release/cmTC_7405d.app

** BUILD SUCCEEDED **


===== END =====

Build output check failed:
    Regex: 'unknown .*option'
    Output line: 'warning: unknown warning option '-Wno-maybe-uninitialized', did you mean '-Wno-uninitialized'? [-Wunknown-warning-option]'
Compilation failed:
    source file: '/Users/ameerspincar/Documents/ios/build/build-x86_64-iphonesimulator/CMakeFiles/CMakeTmp/src.cxx'
    check option: ' -Wno-maybe-uninitialized'
===== BUILD LOG =====
Change Dir: /Users/ameerspincar/Documents/ios/build/build-x86_64-iphonesimulator/CMakeFiles/CMakeTmp

Run Build Command:"/Users/ameerspincar/Documents/ios/build/build-x86_64-iphonesimulator/xcodebuild_wrapper" "-project" "CMAKE_TRY_COMPILE.xcodeproj" "build" "-target" "cmTC_9b670" "-configuration" "Release"
Build settings from command line:
    ARCHS = x86_64
    IPHONEOS_DEPLOYMENT_TARGET = 6.0
    SDKROOT = iphonesimulator11.3

=== BUILD TARGET cmTC_9b670 OF PROJECT CMAKE_TRY_COMPILE WITH CONFIGURATION Release ===

Check dependencies

Write auxiliary files
/bin/mkdir -p /Users/ameerspincar/Documents/ios/build/build-x86_64-iphonesimulator/CMakeFiles/CMakeTmp/CMAKE_TRY_COMPILE.build/Release-iphonesimulator/cmTC_9b670.build/Objects-normal/x86_64
write-file /Users/ameerspincar/Documents/ios/build/build-x86_64-iphonesimulator/CMakeFiles/CMakeTmp/CMAKE_TRY_COMPILE.build/Release-iphonesimulator/cmTC_9b670.build/Objects-normal/x86_64/cmTC_9b670.LinkFileList

Create product structure
/bin/mkdir -p /Users/ameerspincar/Documents/ios/build/build-x86_64-iphonesimulator/CMakeFiles/CMakeTmp/Release/cmTC_9b670.app

ProcessInfoPlistFile Release/cmTC_9b670.app/Info.plist CMakeFiles/cmTC_9b670.dir/Info.plist
    cd /Users/ameerspincar/Documents/ios/build/build-x86_64-iphonesimulator/CMakeFiles/CMakeTmp
    export PATH="/Applications/Xcode.app/Contents/Developer/Platforms/iPhoneSimulator.platform/Developer/usr/bin:/Applications/Xcode.app/Contents/Developer/usr/bin:/usr/local/bin:/usr/bin:/bin:/usr/sbin:/sbin"
    builtin-infoPlistUtility /Users/ameerspincar/Documents/ios/build/build-x86_64-iphonesimulator/CMakeFiles/CMakeTmp/CMakeFiles/cmTC_9b670.dir/Info.plist -genpkginfo /Users/ameerspincar/Documents/ios/build/build-x86_64-iphonesimulator/CMakeFiles/CMakeTmp/Release/cmTC_9b670.app/PkgInfo -expandbuildsettings -format binary -platform iphonesimulator -o /Users/ameerspincar/Documents/ios/build/build-x86_64-iphonesimulator/CMakeFiles/CMakeTmp/Release/cmTC_9b670.app/Info.plist

ProcessProductPackaging "" CMAKE_TRY_COMPILE.build/Release-iphonesimulator/cmTC_9b670.build/cmTC_9b670.app-Simulated.xcent
    cd /Users/ameerspincar/Documents/ios/build/build-x86_64-iphonesimulator/CMakeFiles/CMakeTmp
    export PATH="/Applications/Xcode.app/Contents/Developer/Platforms/iPhoneSimulator.platform/Developer/usr/bin:/Applications/Xcode.app/Contents/Developer/usr/bin:/usr/local/bin:/usr/bin:/bin:/usr/sbin:/sbin"
    

Entitlements:

{
    "application-identifier" = "NLV9853SQ4.";
    "keychain-access-groups" =     (
        "NLV9853SQ4."
    );
}


    builtin-productPackagingUtility -entitlements -format xml -o /Users/ameerspincar/Documents/ios/build/build-x86_64-iphonesimulator/CMakeFiles/CMakeTmp/CMAKE_TRY_COMPILE.build/Release-iphonesimulator/cmTC_9b670.build/cmTC_9b670.app-Simulated.xcent

CompileC CMAKE_TRY_COMPILE.build/Release-iphonesimulator/cmTC_9b670.build/Objects-normal/x86_64/src.o src.cxx normal x86_64 c++ com.apple.compilers.llvm.clang.1_0.compiler
    cd /Users/ameerspincar/Documents/ios/build/build-x86_64-iphonesimulator/CMakeFiles/CMakeTmp
    export LANG=en_US.US-ASCII
    export PATH="/Applications/Xcode.app/Contents/Developer/Platforms/iPhoneSimulator.platform/Developer/usr/bin:/Applications/Xcode.app/Contents/Developer/usr/bin:/usr/local/bin:/usr/bin:/bin:/usr/sbin:/sbin"
    /Applications/Xcode.app/Contents/Developer/Toolchains/XcodeDefault.xctoolchain/usr/bin/clang -x c++ -arch x86_64 -fmessage-length=0 -fdiagnostics-show-note-include-stack -fmacro-backtrace-limit=0 -Wno-trigraphs -fpascal-strings -O3 -Wno-missing-field-initializers -Wno-missing-prototypes -Wno-return-type -Wno-non-virtual-dtor -Wno-overloaded-virtual -Wno-exit-time-destructors -Wno-missing-braces -Wparentheses -Wswitch -Wno-unused-function -Wno-unused-label -Wno-unused-parameter -Wno-unused-variable -Wunused-value -Wno-empty-body -Wno-uninitialized -Wno-unknown-pragmas -Wno-shadow -Wno-four-char-constants -Wno-conversion -Wno-constant-conversion -Wno-int-conversion -Wno-bool-conversion -Wno-enum-conversion -Wno-float-conversion -Wno-non-literal-null-conversion -Wno-objc-literal-conversion -Wshorten-64-to-32 -Wno-newline-eof -Wno-c++11-extensions -DCMAKE_INTDIR=\"Release-iphonesimulator\" -isysroot /Applications/Xcode.app/Contents/Developer/Platforms/iPhoneSimulator.platform/Developer/SDKs/iPhoneSimulator11.3.sdk -fasm-blocks -fstrict-aliasing -Wdeprecated-declarations -Winvalid-offsetof -mios-simulator-version-min=6.0 -Wno-sign-conversion -Wno-infinite-recursion -Wno-move -Wno-comma -Wno-block-capture-autoreleasing -Wno-strict-prototypes -Wno-range-loop-analysis -I/Users/ameerspincar/Documents/ios/build/build-x86_64-iphonesimulator/CMakeFiles/CMakeTmp/Release/include -I/Users/ameerspincar/Documents/ios/build/build-x86_64-iphonesimulator/CMakeFiles/CMakeTmp/CMAKE_TRY_COMPILE.build/Release-iphonesimulator/cmTC_9b670.build/DerivedSources/x86_64 -I/Users/ameerspincar/Documents/ios/build/build-x86_64-iphonesimulator/CMakeFiles/CMakeTmp/CMAKE_TRY_COMPILE.build/Release-iphonesimulator/cmTC_9b670.build/DerivedSources -Wmost -Wno-four-char-constants -Wno-unknown-pragmas -F/Users/ameerspincar/Documents/ios/build/build-x86_64-iphonesimulator/CMakeFiles/CMakeTmp/Release -stdlib=libc++ -fvisibility=hidden -fvisibility-inlines-hidden -Wno-unused-function -Wno-overloaded-virtual -stdlib=libc++ -fvisibility=hidden -fvisibility-inlines-hidden -Wno-unused-function -Wno-overloaded-virtual -stdlib=libc++ -fvisibility=hidden -fvisibility-inlines-hidden -Wno-unused-function -Wno-overloaded-virtual -fsigned-char -W -Wall -Werror=return-type -Werror=non-virtual-dtor -Werror=address -Werror=sequence-point -Wformat -Werror=format-security -Wmissing-declarations -Wmissing-prototypes -Wstrict-prototypes -Wundef -Winit-self -Wpointer-arith -Wshadow -Wsign-promo -Wuninitialized -Winit-self -Wno-narrowing -Wno-delete-non-virtual-dtor -Wno-unnamed-type-template-args -Wno-comment -Wno-implicit-fallthrough -fdiagnostics-show-option -Wno-long-long -Qunused-arguments -Wno-semicolon-before-method-body -msse -msse2 -msse3 -Wno-shadow -Wno-parentheses -DNDEBUG -ffast-math -fomit-frame-pointer -fPIE -std=c++11 -Wno-maybe-uninitialized -MMD -MT dependencies -MF /Users/ameerspincar/Documents/ios/build/build-x86_64-iphonesimulator/CMakeFiles/CMakeTmp/CMAKE_TRY_COMPILE.build/Release-iphonesimulator/cmTC_9b670.build/Objects-normal/x86_64/src.d --serialize-diagnostics /Users/ameerspincar/Documents/ios/build/build-x86_64-iphonesimulator/CMakeFiles/CMakeTmp/CMAKE_TRY_COMPILE.build/Release-iphonesimulator/cmTC_9b670.build/Objects-normal/x86_64/src.dia -c /Users/ameerspincar/Documents/ios/build/build-x86_64-iphonesimulator/CMakeFiles/CMakeTmp/src.cxx -o /Users/ameerspincar/Documents/ios/build/build-x86_64-iphonesimulator/CMakeFiles/CMakeTmp/CMAKE_TRY_COMPILE.build/Release-iphonesimulator/cmTC_9b670.build/Objects-normal/x86_64/src.o
warning: unknown warning option '-Wno-maybe-uninitialized'; did you mean '-Wno-uninitialized'? [-Wunknown-warning-option]
/Users/ameerspincar/Documents/ios/build/build-x86_64-iphonesimulator/CMakeFiles/CMakeTmp/src.cxx:1:8: warning: unknown pragma ignored [-Wunknown-pragmas]
#pragma
       ^
2 warnings generated.

Ld Release/cmTC_9b670.app/cmTC_9b670 normal x86_64
    cd /Users/ameerspincar/Documents/ios/build/build-x86_64-iphonesimulator/CMakeFiles/CMakeTmp
    export IPHONEOS_DEPLOYMENT_TARGET=6.0
    export PATH="/Applications/Xcode.app/Contents/Developer/Platforms/iPhoneSimulator.platform/Developer/usr/bin:/Applications/Xcode.app/Contents/Developer/usr/bin:/usr/local/bin:/usr/bin:/bin:/usr/sbin:/sbin"
    /Applications/Xcode.app/Contents/Developer/Toolchains/XcodeDefault.xctoolchain/usr/bin/clang++ -arch x86_64 -isysroot /Applications/Xcode.app/Contents/Developer/Platforms/iPhoneSimulator.platform/Developer/SDKs/iPhoneSimulator11.3.sdk -L/Users/ameerspincar/Documents/ios/build/build-x86_64-iphonesimulator/CMakeFiles/CMakeTmp/Release -F/Users/ameerspincar/Documents/ios/build/build-x86_64-iphonesimulator/CMakeFiles/CMakeTmp/Release -filelist /Users/ameerspincar/Documents/ios/build/build-x86_64-iphonesimulator/CMakeFiles/CMakeTmp/CMAKE_TRY_COMPILE.build/Release-iphonesimulator/cmTC_9b670.build/Objects-normal/x86_64/cmTC_9b670.LinkFileList -mios-simulator-version-min=6.0 -dead_strip -Xlinker -objc_abi_version -Xlinker 2 -Xlinker -sectcreate -Xlinker __TEXT -Xlinker __entitlements -Xlinker /Users/ameerspincar/Documents/ios/build/build-x86_64-iphonesimulator/CMakeFiles/CMakeTmp/CMAKE_TRY_COMPILE.build/Release-iphonesimulator/cmTC_9b670.build/cmTC_9b670.app-Simulated.xcent -Xlinker -dependency_info -Xlinker /Users/ameerspincar/Documents/ios/build/build-x86_64-iphonesimulator/CMakeFiles/CMakeTmp/CMAKE_TRY_COMPILE.build/Release-iphonesimulator/cmTC_9b670.build/Objects-normal/x86_64/cmTC_9b670_dependency_info.dat -o /Users/ameerspincar/Documents/ios/build/build-x86_64-iphonesimulator/CMakeFiles/CMakeTmp/Release/cmTC_9b670.app/cmTC_9b670
clang: warning: libstdc++ is deprecated; move to libc++ with a minimum deployment target of iOS 7 [-Wdeprecated]

Touch Release/cmTC_9b670.app
    cd /Users/ameerspincar/Documents/ios/build/build-x86_64-iphonesimulator/CMakeFiles/CMakeTmp
    export PATH="/Applications/Xcode.app/Contents/Developer/Platforms/iPhoneSimulator.platform/Developer/usr/bin:/Applications/Xcode.app/Contents/Developer/usr/bin:/usr/local/bin:/usr/bin:/bin:/usr/sbin:/sbin"
    /usr/bin/touch -c /Users/ameerspincar/Documents/ios/build/build-x86_64-iphonesimulator/CMakeFiles/CMakeTmp/Release/cmTC_9b670.app

ProcessProductPackaging "" CMAKE_TRY_COMPILE.build/Release-iphonesimulator/cmTC_9b670.build/cmTC_9b670.app.xcent
    cd /Users/ameerspincar/Documents/ios/build/build-x86_64-iphonesimulator/CMakeFiles/CMakeTmp
    export PATH="/Applications/Xcode.app/Contents/Developer/Platforms/iPhoneSimulator.platform/Developer/usr/bin:/Applications/Xcode.app/Contents/Developer/usr/bin:/usr/local/bin:/usr/bin:/bin:/usr/sbin:/sbin"
    

Entitlements:

{
    "com.apple.security.get-task-allow" = 1;
}


    builtin-productPackagingUtility -entitlements -format xml -o /Users/ameerspincar/Documents/ios/build/build-x86_64-iphonesimulator/CMakeFiles/CMakeTmp/CMAKE_TRY_COMPILE.build/Release-iphonesimulator/cmTC_9b670.build/cmTC_9b670.app.xcent

CodeSign Release/cmTC_9b670.app
    cd /Users/ameerspincar/Documents/ios/build/build-x86_64-iphonesimulator/CMakeFiles/CMakeTmp
    export CODESIGN_ALLOCATE=/Applications/Xcode.app/Contents/Developer/Toolchains/XcodeDefault.xctoolchain/usr/bin/codesign_allocate
    export PATH="/Applications/Xcode.app/Contents/Developer/Platforms/iPhoneSimulator.platform/Developer/usr/bin:/Applications/Xcode.app/Contents/Developer/usr/bin:/usr/local/bin:/usr/bin:/bin:/usr/sbin:/sbin"
    
Signing Identity:     "-"

    /usr/bin/codesign --force --sign - --entitlements /Users/ameerspincar/Documents/ios/build/build-x86_64-iphonesimulator/CMakeFiles/CMakeTmp/CMAKE_TRY_COMPILE.build/Release-iphonesimulator/cmTC_9b670.build/cmTC_9b670.app.xcent --timestamp=none /Users/ameerspincar/Documents/ios/build/build-x86_64-iphonesimulator/CMakeFiles/CMakeTmp/Release/cmTC_9b670.app

** BUILD SUCCEEDED **


===== END =====

