Compilation failed:
    source file: '/Users/ameerspincar/Documents/opencv/cmake/checks/cpu_fp16.cpp'
    check option: ' -mfpu=neon'
===== BUILD LOG =====
Change Dir: /Users/ameerspincar/Documents/ios/build/build-armv7-iphoneos/CMakeFiles/CMakeTmp

Run Build Command:"/Users/ameerspincar/Documents/ios/build/build-armv7-iphoneos/xcodebuild_wrapper" "-project" "CMAKE_TRY_COMPILE.xcodeproj" "build" "-target" "cmTC_68f83" "-configuration" "Release"
Build settings from command line:
    ARCHS = armv7
    IPHONEOS_DEPLOYMENT_TARGET = 6.0
    SDKROOT = iphoneos11.3

=== BUILD TARGET cmTC_68f83 OF PROJECT CMAKE_TRY_COMPILE WITH CONFIGURATION Release ===

Check dependencies
Code Signing Warning: "cmTC_68f83" isn't code signed but requires entitlements. It is not possible to add entitlements to a binary without signing it.

Write auxiliary files
/bin/mkdir -p /Users/ameerspincar/Documents/ios/build/build-armv7-iphoneos/CMakeFiles/CMakeTmp/CMAKE_TRY_COMPILE.build/Release-iphoneos/cmTC_68f83.build/Objects-normal/armv7
write-file /Users/ameerspincar/Documents/ios/build/build-armv7-iphoneos/CMakeFiles/CMakeTmp/CMAKE_TRY_COMPILE.build/Release-iphoneos/cmTC_68f83.build/Objects-normal/armv7/cmTC_68f83.LinkFileList

Create product structure
/bin/mkdir -p /Users/ameerspincar/Documents/ios/build/build-armv7-iphoneos/CMakeFiles/CMakeTmp/Release/cmTC_68f83.app

ProcessInfoPlistFile Release/cmTC_68f83.app/Info.plist CMakeFiles/cmTC_68f83.dir/Info.plist
    cd /Users/ameerspincar/Documents/ios/build/build-armv7-iphoneos/CMakeFiles/CMakeTmp
    export PATH="/Applications/Xcode.app/Contents/Developer/Platforms/iPhoneOS.platform/Developer/usr/bin:/Applications/Xcode.app/Contents/Developer/usr/bin:/usr/local/bin:/usr/bin:/bin:/usr/sbin:/sbin"
    builtin-infoPlistUtility /Users/ameerspincar/Documents/ios/build/build-armv7-iphoneos/CMakeFiles/CMakeTmp/CMakeFiles/cmTC_68f83.dir/Info.plist -genpkginfo /Users/ameerspincar/Documents/ios/build/build-armv7-iphoneos/CMakeFiles/CMakeTmp/Release/cmTC_68f83.app/PkgInfo -expandbuildsettings -format binary -platform iphoneos -o /Users/ameerspincar/Documents/ios/build/build-armv7-iphoneos/CMakeFiles/CMakeTmp/Release/cmTC_68f83.app/Info.plist

CompileC CMAKE_TRY_COMPILE.build/Release-iphoneos/cmTC_68f83.build/Objects-normal/armv7/cpu_fp16.o /Users/ameerspincar/Documents/opencv/cmake/checks/cpu_fp16.cpp normal armv7 c++ com.apple.compilers.llvm.clang.1_0.compiler
    cd /Users/ameerspincar/Documents/ios/build/build-armv7-iphoneos/CMakeFiles/CMakeTmp
    export LANG=en_US.US-ASCII
    export PATH="/Applications/Xcode.app/Contents/Developer/Platforms/iPhoneOS.platform/Developer/usr/bin:/Applications/Xcode.app/Contents/Developer/usr/bin:/usr/local/bin:/usr/bin:/bin:/usr/sbin:/sbin"
    /Applications/Xcode.app/Contents/Developer/Toolchains/XcodeDefault.xctoolchain/usr/bin/clang -x c++ -arch armv7 -fmessage-length=0 -fdiagnostics-show-note-include-stack -fmacro-backtrace-limit=0 -Wno-trigraphs -fpascal-strings -O3 -Wno-missing-field-initializers -Wno-missing-prototypes -Wno-return-type -Wno-non-virtual-dtor -Wno-overloaded-virtual -Wno-exit-time-destructors -Wno-missing-braces -Wparentheses -Wswitch -Wno-unused-function -Wno-unused-label -Wno-unused-parameter -Wno-unused-variable -Wunused-value -Wno-empty-body -Wno-uninitialized -Wno-unknown-pragmas -Wno-shadow -Wno-four-char-constants -Wno-conversion -Wno-constant-conversion -Wno-int-conversion -Wno-bool-conversion -Wno-enum-conversion -Wno-float-conversion -Wno-non-literal-null-conversion -Wno-objc-literal-conversion -Wno-shorten-64-to-32 -Wno-newline-eof -Wno-c++11-extensions -DCMAKE_INTDIR=\"Release-iphoneos\" -isysroot /Applications/Xcode.app/Contents/Developer/Platforms/iPhoneOS.platform/Developer/SDKs/iPhoneOS11.3.sdk -fstrict-aliasing -Wdeprecated-declarations -Winvalid-offsetof -miphoneos-version-min=6.0 -Wno-sign-conversion -Wno-infinite-recursion -Wno-move -Wno-comma -Wno-block-capture-autoreleasing -Wno-strict-prototypes -Wno-range-loop-analysis -fembed-bitcode-marker -I/Users/ameerspincar/Documents/ios/build/build-armv7-iphoneos/CMakeFiles/CMakeTmp/Release/include -I/Users/ameerspincar/Documents/ios/build/build-armv7-iphoneos/CMakeFiles/CMakeTmp/CMAKE_TRY_COMPILE.build/Release-iphoneos/cmTC_68f83.build/DerivedSources/armv7 -I/Users/ameerspincar/Documents/ios/build/build-armv7-iphoneos/CMakeFiles/CMakeTmp/CMAKE_TRY_COMPILE.build/Release-iphoneos/cmTC_68f83.build/DerivedSources -Wmost -Wno-four-char-constants -Wno-unknown-pragmas -F/Users/ameerspincar/Documents/ios/build/build-armv7-iphoneos/CMakeFiles/CMakeTmp/Release -fembed-bitcode -stdlib=libc++ -fvisibility=hidden -fvisibility-inlines-hidden -Wno-unused-function -Wno-overloaded-virtual -stdlib=libc++ -fvisibility=hidden -fvisibility-inlines-hidden -Wno-unused-function -Wno-overloaded-virtual -stdlib=libc++ -fvisibility=hidden -fvisibility-inlines-hidden -Wno-unused-function -Wno-overloaded-virtual -DNDEBUG -ffast-math -fPIE -std=c++11 -mfpu=neon -MMD -MT dependencies -MF /Users/ameerspincar/Documents/ios/build/build-armv7-iphoneos/CMakeFiles/CMakeTmp/CMAKE_TRY_COMPILE.build/Release-iphoneos/cmTC_68f83.build/Objects-normal/armv7/cpu_fp16.d --serialize-diagnostics /Users/ameerspincar/Documents/ios/build/build-armv7-iphoneos/CMakeFiles/CMakeTmp/CMAKE_TRY_COMPILE.build/Release-iphoneos/cmTC_68f83.build/Objects-normal/armv7/cpu_fp16.dia -c /Users/ameerspincar/Documents/opencv/cmake/checks/cpu_fp16.cpp -o /Users/ameerspincar/Documents/ios/build/build-armv7-iphoneos/CMakeFiles/CMakeTmp/CMAKE_TRY_COMPILE.build/Release-iphoneos/cmTC_68f83.build/Objects-normal/armv7/cpu_fp16.o
/Users/ameerspincar/Documents/opencv/cmake/checks/cpu_fp16.cpp:21:25: error: use of undeclared identifier 'vcvt_f16_f32'
    float16x4_t v_dst = vcvt_f16_f32(v_src);
                        ^
1 error generated.

** BUILD FAILED **


The following build commands failed:
	CompileC CMAKE_TRY_COMPILE.build/Release-iphoneos/cmTC_68f83.build/Objects-normal/armv7/cpu_fp16.o /Users/ameerspincar/Documents/opencv/cmake/checks/cpu_fp16.cpp normal armv7 c++ com.apple.compilers.llvm.clang.1_0.compiler
(1 failure)

===== END =====

Compilation failed:
    source file: '/Users/ameerspincar/Documents/ios/build/build-armv7-iphoneos/CMakeFiles/CMakeTmp/src.cxx'
    check option: ' -fsigned-char -W -Wall -Werror=return-type -Werror=non-virtual-dtor -Werror=address -Werror=sequence-point -Wformat -Werror=format-security -Wmissing-declarations -Wmissing-prototypes -Wstrict-prototypes -Wundef -Winit-self -Wpointer-arith -Wshadow -Wsign-promo -Wuninitialized -Winit-self -Wno-narrowing -Wno-delete-non-virtual-dtor -Wno-unnamed-type-template-args -Wno-comment -Wno-implicit-fallthrough -fdiagnostics-show-option -Qunused-arguments -Wno-semicolon-before-method-body  -mfpu=neon  -mfp16-format=ieee'
===== BUILD LOG =====
Change Dir: /Users/ameerspincar/Documents/ios/build/build-armv7-iphoneos/CMakeFiles/CMakeTmp

Run Build Command:"/Users/ameerspincar/Documents/ios/build/build-armv7-iphoneos/xcodebuild_wrapper" "-project" "CMAKE_TRY_COMPILE.xcodeproj" "build" "-target" "cmTC_13283" "-configuration" "Release"
Build settings from command line:
    ARCHS = armv7
    IPHONEOS_DEPLOYMENT_TARGET = 6.0
    SDKROOT = iphoneos11.3

=== BUILD TARGET cmTC_13283 OF PROJECT CMAKE_TRY_COMPILE WITH CONFIGURATION Release ===

Check dependencies
Code Signing Warning: "cmTC_13283" isn't code signed but requires entitlements. It is not possible to add entitlements to a binary without signing it.

Write auxiliary files
/bin/mkdir -p /Users/ameerspincar/Documents/ios/build/build-armv7-iphoneos/CMakeFiles/CMakeTmp/CMAKE_TRY_COMPILE.build/Release-iphoneos/cmTC_13283.build/Objects-normal/armv7
write-file /Users/ameerspincar/Documents/ios/build/build-armv7-iphoneos/CMakeFiles/CMakeTmp/CMAKE_TRY_COMPILE.build/Release-iphoneos/cmTC_13283.build/Objects-normal/armv7/cmTC_13283.LinkFileList

Create product structure
/bin/mkdir -p /Users/ameerspincar/Documents/ios/build/build-armv7-iphoneos/CMakeFiles/CMakeTmp/Release/cmTC_13283.app

ProcessInfoPlistFile Release/cmTC_13283.app/Info.plist CMakeFiles/cmTC_13283.dir/Info.plist
    cd /Users/ameerspincar/Documents/ios/build/build-armv7-iphoneos/CMakeFiles/CMakeTmp
    export PATH="/Applications/Xcode.app/Contents/Developer/Platforms/iPhoneOS.platform/Developer/usr/bin:/Applications/Xcode.app/Contents/Developer/usr/bin:/usr/local/bin:/usr/bin:/bin:/usr/sbin:/sbin"
    builtin-infoPlistUtility /Users/ameerspincar/Documents/ios/build/build-armv7-iphoneos/CMakeFiles/CMakeTmp/CMakeFiles/cmTC_13283.dir/Info.plist -genpkginfo /Users/ameerspincar/Documents/ios/build/build-armv7-iphoneos/CMakeFiles/CMakeTmp/Release/cmTC_13283.app/PkgInfo -expandbuildsettings -format binary -platform iphoneos -o /Users/ameerspincar/Documents/ios/build/build-armv7-iphoneos/CMakeFiles/CMakeTmp/Release/cmTC_13283.app/Info.plist

CompileC CMAKE_TRY_COMPILE.build/Release-iphoneos/cmTC_13283.build/Objects-normal/armv7/src.o src.cxx normal armv7 c++ com.apple.compilers.llvm.clang.1_0.compiler
    cd /Users/ameerspincar/Documents/ios/build/build-armv7-iphoneos/CMakeFiles/CMakeTmp
    export LANG=en_US.US-ASCII
    export PATH="/Applications/Xcode.app/Contents/Developer/Platforms/iPhoneOS.platform/Developer/usr/bin:/Applications/Xcode.app/Contents/Developer/usr/bin:/usr/local/bin:/usr/bin:/bin:/usr/sbin:/sbin"
    /Applications/Xcode.app/Contents/Developer/Toolchains/XcodeDefault.xctoolchain/usr/bin/clang -x c++ -arch armv7 -fmessage-length=0 -fdiagnostics-show-note-include-stack -fmacro-backtrace-limit=0 -Wno-trigraphs -fpascal-strings -O3 -Wno-missing-field-initializers -Wno-missing-prototypes -Wno-return-type -Wno-non-virtual-dtor -Wno-overloaded-virtual -Wno-exit-time-destructors -Wno-missing-braces -Wparentheses -Wswitch -Wno-unused-function -Wno-unused-label -Wno-unused-parameter -Wno-unused-variable -Wunused-value -Wno-empty-body -Wno-uninitialized -Wno-unknown-pragmas -Wno-shadow -Wno-four-char-constants -Wno-conversion -Wno-constant-conversion -Wno-int-conversion -Wno-bool-conversion -Wno-enum-conversion -Wno-float-conversion -Wno-non-literal-null-conversion -Wno-objc-literal-conversion -Wno-shorten-64-to-32 -Wno-newline-eof -Wno-c++11-extensions -DCMAKE_INTDIR=\"Release-iphoneos\" -isysroot /Applications/Xcode.app/Contents/Developer/Platforms/iPhoneOS.platform/Developer/SDKs/iPhoneOS11.3.sdk -fstrict-aliasing -Wdeprecated-declarations -Winvalid-offsetof -miphoneos-version-min=6.0 -Wno-sign-conversion -Wno-infinite-recursion -Wno-move -Wno-comma -Wno-block-capture-autoreleasing -Wno-strict-prototypes -Wno-range-loop-analysis -fembed-bitcode-marker -I/Users/ameerspincar/Documents/ios/build/build-armv7-iphoneos/CMakeFiles/CMakeTmp/Release/include -I/Users/ameerspincar/Documents/ios/build/build-armv7-iphoneos/CMakeFiles/CMakeTmp/CMAKE_TRY_COMPILE.build/Release-iphoneos/cmTC_13283.build/DerivedSources/armv7 -I/Users/ameerspincar/Documents/ios/build/build-armv7-iphoneos/CMakeFiles/CMakeTmp/CMAKE_TRY_COMPILE.build/Release-iphoneos/cmTC_13283.build/DerivedSources -Wmost -Wno-four-char-constants -Wno-unknown-pragmas -F/Users/ameerspincar/Documents/ios/build/build-armv7-iphoneos/CMakeFiles/CMakeTmp/Release -fembed-bitcode -stdlib=libc++ -fvisibility=hidden -fvisibility-inlines-hidden -Wno-unused-function -Wno-overloaded-virtual -stdlib=libc++ -fvisibility=hidden -fvisibility-inlines-hidden -Wno-unused-function -Wno-overloaded-virtual -stdlib=libc++ -fvisibility=hidden -fvisibility-inlines-hidden -Wno-unused-function -Wno-overloaded-virtual -DNDEBUG -ffast-math -fPIE -std=c++11 -fsigned-char -W -Wall -Werror=return-type -Werror=non-virtual-dtor -Werror=address -Werror=sequence-point -Wformat -Werror=format-security -Wmissing-declarations -Wmissing-prototypes -Wstrict-prototypes -Wundef -Winit-self -Wpointer-arith -Wshadow -Wsign-promo -Wuninitialized -Winit-self -Wno-narrowing -Wno-delete-non-virtual-dtor -Wno-unnamed-type-template-args -Wno-comment -Wno-implicit-fallthrough -fdiagnostics-show-option -Qunused-arguments -Wno-semicolon-before-method-body -mfpu=neon -mfp16-format=ieee -MMD -MT dependencies -MF /Users/ameerspincar/Documents/ios/build/build-armv7-iphoneos/CMakeFiles/CMakeTmp/CMAKE_TRY_COMPILE.build/Release-iphoneos/cmTC_13283.build/Objects-normal/armv7/src.d --serialize-diagnostics /Users/ameerspincar/Documents/ios/build/build-armv7-iphoneos/CMakeFiles/CMakeTmp/CMAKE_TRY_COMPILE.build/Release-iphoneos/cmTC_13283.build/Objects-normal/armv7/src.dia -c /Users/ameerspincar/Documents/ios/build/build-armv7-iphoneos/CMakeFiles/CMakeTmp/src.cxx -o /Users/ameerspincar/Documents/ios/build/build-armv7-iphoneos/CMakeFiles/CMakeTmp/CMAKE_TRY_COMPILE.build/Release-iphoneos/cmTC_13283.build/Objects-normal/armv7/src.o
clang: error: unknown argument: '-mfp16-format=ieee'

** BUILD FAILED **


The following build commands failed:
	CompileC CMAKE_TRY_COMPILE.build/Release-iphoneos/cmTC_13283.build/Objects-normal/armv7/src.o src.cxx normal armv7 c++ com.apple.compilers.llvm.clang.1_0.compiler
(1 failure)

===== END =====

Compilation failed:
    source file: '/Users/ameerspincar/Documents/ios/build/build-armv7-iphoneos/CMakeFiles/CMakeTmp/src.c'
    check option: ' -fsigned-char -W -Wall -Werror=return-type -Werror=non-virtual-dtor -Werror=address -Werror=sequence-point -Wformat -Werror=format-security -Wmissing-declarations -Wmissing-prototypes -Wstrict-prototypes -Wundef -Winit-self -Wpointer-arith -Wshadow -Wsign-promo -Wuninitialized -Winit-self -Wno-narrowing -Wno-delete-non-virtual-dtor -Wno-unnamed-type-template-args -Wno-comment -Wno-implicit-fallthrough -fdiagnostics-show-option -Qunused-arguments -Wno-semicolon-before-method-body  -mfpu=neon  -mfp16-format=ieee'
===== BUILD LOG =====
Change Dir: /Users/ameerspincar/Documents/ios/build/build-armv7-iphoneos/CMakeFiles/CMakeTmp

Run Build Command:"/Users/ameerspincar/Documents/ios/build/build-armv7-iphoneos/xcodebuild_wrapper" "-project" "CMAKE_TRY_COMPILE.xcodeproj" "build" "-target" "cmTC_6c230" "-configuration" "Release"
Build settings from command line:
    ARCHS = armv7
    IPHONEOS_DEPLOYMENT_TARGET = 6.0
    SDKROOT = iphoneos11.3

=== BUILD TARGET cmTC_6c230 OF PROJECT CMAKE_TRY_COMPILE WITH CONFIGURATION Release ===

Check dependencies
Code Signing Warning: "cmTC_6c230" isn't code signed but requires entitlements. It is not possible to add entitlements to a binary without signing it.

Write auxiliary files
/bin/mkdir -p /Users/ameerspincar/Documents/ios/build/build-armv7-iphoneos/CMakeFiles/CMakeTmp/CMAKE_TRY_COMPILE.build/Release-iphoneos/cmTC_6c230.build/Objects-normal/armv7
write-file /Users/ameerspincar/Documents/ios/build/build-armv7-iphoneos/CMakeFiles/CMakeTmp/CMAKE_TRY_COMPILE.build/Release-iphoneos/cmTC_6c230.build/Objects-normal/armv7/cmTC_6c230.LinkFileList

Create product structure
/bin/mkdir -p /Users/ameerspincar/Documents/ios/build/build-armv7-iphoneos/CMakeFiles/CMakeTmp/Release/cmTC_6c230.app

ProcessInfoPlistFile Release/cmTC_6c230.app/Info.plist CMakeFiles/cmTC_6c230.dir/Info.plist
    cd /Users/ameerspincar/Documents/ios/build/build-armv7-iphoneos/CMakeFiles/CMakeTmp
    export PATH="/Applications/Xcode.app/Contents/Developer/Platforms/iPhoneOS.platform/Developer/usr/bin:/Applications/Xcode.app/Contents/Developer/usr/bin:/usr/local/bin:/usr/bin:/bin:/usr/sbin:/sbin"
    builtin-infoPlistUtility /Users/ameerspincar/Documents/ios/build/build-armv7-iphoneos/CMakeFiles/CMakeTmp/CMakeFiles/cmTC_6c230.dir/Info.plist -genpkginfo /Users/ameerspincar/Documents/ios/build/build-armv7-iphoneos/CMakeFiles/CMakeTmp/Release/cmTC_6c230.app/PkgInfo -expandbuildsettings -format binary -platform iphoneos -o /Users/ameerspincar/Documents/ios/build/build-armv7-iphoneos/CMakeFiles/CMakeTmp/Release/cmTC_6c230.app/Info.plist

CompileC CMAKE_TRY_COMPILE.build/Release-iphoneos/cmTC_6c230.build/Objects-normal/armv7/src.o src.c normal armv7 c com.apple.compilers.llvm.clang.1_0.compiler
    cd /Users/ameerspincar/Documents/ios/build/build-armv7-iphoneos/CMakeFiles/CMakeTmp
    export LANG=en_US.US-ASCII
    export PATH="/Applications/Xcode.app/Contents/Developer/Platforms/iPhoneOS.platform/Developer/usr/bin:/Applications/Xcode.app/Contents/Developer/usr/bin:/usr/local/bin:/usr/bin:/bin:/usr/sbin:/sbin"
    /Applications/Xcode.app/Contents/Developer/Toolchains/XcodeDefault.xctoolchain/usr/bin/clang -x c -arch armv7 -fmessage-length=0 -fdiagnostics-show-note-include-stack -fmacro-backtrace-limit=0 -Wno-trigraphs -fpascal-strings -O3 -Wno-missing-field-initializers -Wno-missing-prototypes -Wno-return-type -Wno-missing-braces -Wparentheses -Wswitch -Wno-unused-function -Wno-unused-label -Wno-unused-parameter -Wno-unused-variable -Wunused-value -Wno-empty-body -Wno-uninitialized -Wno-unknown-pragmas -Wno-shadow -Wno-four-char-constants -Wno-conversion -Wno-constant-conversion -Wno-int-conversion -Wno-bool-conversion -Wno-enum-conversion -Wno-float-conversion -Wno-non-literal-null-conversion -Wno-objc-literal-conversion -Wno-shorten-64-to-32 -Wpointer-sign -Wno-newline-eof -DCMAKE_INTDIR=\"Release-iphoneos\" -isysroot /Applications/Xcode.app/Contents/Developer/Platforms/iPhoneOS.platform/Developer/SDKs/iPhoneOS11.3.sdk -fstrict-aliasing -Wdeprecated-declarations -miphoneos-version-min=6.0 -Wno-sign-conversion -Wno-infinite-recursion -Wno-comma -Wno-block-capture-autoreleasing -Wno-strict-prototypes -fembed-bitcode-marker -I/Users/ameerspincar/Documents/ios/build/build-armv7-iphoneos/CMakeFiles/CMakeTmp/Release/include -I/Users/ameerspincar/Documents/ios/build/build-armv7-iphoneos/CMakeFiles/CMakeTmp/CMAKE_TRY_COMPILE.build/Release-iphoneos/cmTC_6c230.build/DerivedSources/armv7 -I/Users/ameerspincar/Documents/ios/build/build-armv7-iphoneos/CMakeFiles/CMakeTmp/CMAKE_TRY_COMPILE.build/Release-iphoneos/cmTC_6c230.build/DerivedSources -Wmost -Wno-four-char-constants -Wno-unknown-pragmas -F/Users/ameerspincar/Documents/ios/build/build-armv7-iphoneos/CMakeFiles/CMakeTmp/Release -fembed-bitcode -Wno-unused-function -Wno-overloaded-virtual -Wno-unused-function -Wno-overloaded-virtual -Wno-unused-function -Wno-overloaded-virtual -DNDEBUG -fPIE -fsigned-char -W -Wall -Werror=return-type -Werror=non-virtual-dtor -Werror=address -Werror=sequence-point -Wformat -Werror=format-security -Wmissing-declarations -Wmissing-prototypes -Wstrict-prototypes -Wundef -Winit-self -Wpointer-arith -Wshadow -Wsign-promo -Wuninitialized -Winit-self -Wno-narrowing -Wno-delete-non-virtual-dtor -Wno-unnamed-type-template-args -Wno-comment -Wno-implicit-fallthrough -fdiagnostics-show-option -Qunused-arguments -Wno-semicolon-before-method-body -mfpu=neon -mfp16-format=ieee -MMD -MT dependencies -MF /Users/ameerspincar/Documents/ios/build/build-armv7-iphoneos/CMakeFiles/CMakeTmp/CMAKE_TRY_COMPILE.build/Release-iphoneos/cmTC_6c230.build/Objects-normal/armv7/src.d --serialize-diagnostics /Users/ameerspincar/Documents/ios/build/build-armv7-iphoneos/CMakeFiles/CMakeTmp/CMAKE_TRY_COMPILE.build/Release-iphoneos/cmTC_6c230.build/Objects-normal/armv7/src.dia -c /Users/ameerspincar/Documents/ios/build/build-armv7-iphoneos/CMakeFiles/CMakeTmp/src.c -o /Users/ameerspincar/Documents/ios/build/build-armv7-iphoneos/CMakeFiles/CMakeTmp/CMAKE_TRY_COMPILE.build/Release-iphoneos/cmTC_6c230.build/Objects-normal/armv7/src.o
clang: error: unknown argument: '-mfp16-format=ieee'

** BUILD FAILED **


The following build commands failed:
	CompileC CMAKE_TRY_COMPILE.build/Release-iphoneos/cmTC_6c230.build/Objects-normal/armv7/src.o src.c normal armv7 c com.apple.compilers.llvm.clang.1_0.compiler
(1 failure)

===== END =====

Determining if the include file malloc.h exists failed with the following output:
Change Dir: /Users/ameerspincar/Documents/ios/build/build-armv7-iphoneos/CMakeFiles/CMakeTmp

Run Build Command:"/Users/ameerspincar/Documents/ios/build/build-armv7-iphoneos/xcodebuild_wrapper" "-project" "CMAKE_TRY_COMPILE.xcodeproj" "build" "-target" "cmTC_631a2" "-configuration" "Release"
Build settings from command line:
    ARCHS = armv7
    IPHONEOS_DEPLOYMENT_TARGET = 6.0
    SDKROOT = iphoneos11.3

=== BUILD TARGET cmTC_631a2 OF PROJECT CMAKE_TRY_COMPILE WITH CONFIGURATION Release ===

Check dependencies
Code Signing Warning: "cmTC_631a2" isn't code signed but requires entitlements. It is not possible to add entitlements to a binary without signing it.

Write auxiliary files
/bin/mkdir -p /Users/ameerspincar/Documents/ios/build/build-armv7-iphoneos/CMakeFiles/CMakeTmp/CMAKE_TRY_COMPILE.build/Release-iphoneos/cmTC_631a2.build/Objects-normal/armv7
write-file /Users/ameerspincar/Documents/ios/build/build-armv7-iphoneos/CMakeFiles/CMakeTmp/CMAKE_TRY_COMPILE.build/Release-iphoneos/cmTC_631a2.build/Objects-normal/armv7/cmTC_631a2.LinkFileList

Create product structure
/bin/mkdir -p /Users/ameerspincar/Documents/ios/build/build-armv7-iphoneos/CMakeFiles/CMakeTmp/Release/cmTC_631a2.app

ProcessInfoPlistFile Release/cmTC_631a2.app/Info.plist CMakeFiles/cmTC_631a2.dir/Info.plist
    cd /Users/ameerspincar/Documents/ios/build/build-armv7-iphoneos/CMakeFiles/CMakeTmp
    export PATH="/Applications/Xcode.app/Contents/Developer/Platforms/iPhoneOS.platform/Developer/usr/bin:/Applications/Xcode.app/Contents/Developer/usr/bin:/usr/local/bin:/usr/bin:/bin:/usr/sbin:/sbin"
    builtin-infoPlistUtility /Users/ameerspincar/Documents/ios/build/build-armv7-iphoneos/CMakeFiles/CMakeTmp/CMakeFiles/cmTC_631a2.dir/Info.plist -genpkginfo /Users/ameerspincar/Documents/ios/build/build-armv7-iphoneos/CMakeFiles/CMakeTmp/Release/cmTC_631a2.app/PkgInfo -expandbuildsettings -format binary -platform iphoneos -o /Users/ameerspincar/Documents/ios/build/build-armv7-iphoneos/CMakeFiles/CMakeTmp/Release/cmTC_631a2.app/Info.plist

CompileC CMAKE_TRY_COMPILE.build/Release-iphoneos/cmTC_631a2.build/Objects-normal/armv7/CheckIncludeFile.o CheckIncludeFile.c normal armv7 c com.apple.compilers.llvm.clang.1_0.compiler
    cd /Users/ameerspincar/Documents/ios/build/build-armv7-iphoneos/CMakeFiles/CMakeTmp
    export LANG=en_US.US-ASCII
    export PATH="/Applications/Xcode.app/Contents/Developer/Platforms/iPhoneOS.platform/Developer/usr/bin:/Applications/Xcode.app/Contents/Developer/usr/bin:/usr/local/bin:/usr/bin:/bin:/usr/sbin:/sbin"
    /Applications/Xcode.app/Contents/Developer/Toolchains/XcodeDefault.xctoolchain/usr/bin/clang -x c -arch armv7 -fmessage-length=0 -fdiagnostics-show-note-include-stack -fmacro-backtrace-limit=0 -Wno-trigraphs -fpascal-strings -O3 -Wno-missing-field-initializers -Wno-missing-prototypes -Wno-return-type -Wno-missing-braces -Wparentheses -Wswitch -Wno-unused-function -Wno-unused-label -Wno-unused-parameter -Wno-unused-variable -Wunused-value -Wno-empty-body -Wno-uninitialized -Wno-unknown-pragmas -Wno-shadow -Wno-four-char-constants -Wno-conversion -Wno-constant-conversion -Wno-int-conversion -Wno-bool-conversion -Wno-enum-conversion -Wno-float-conversion -Wno-non-literal-null-conversion -Wno-objc-literal-conversion -Wno-shorten-64-to-32 -Wpointer-sign -Wno-newline-eof -DCMAKE_INTDIR=\"Release-iphoneos\" -isysroot /Applications/Xcode.app/Contents/Developer/Platforms/iPhoneOS.platform/Developer/SDKs/iPhoneOS11.3.sdk -fstrict-aliasing -Wdeprecated-declarations -miphoneos-version-min=6.0 -Wno-sign-conversion -Wno-infinite-recursion -Wno-comma -Wno-block-capture-autoreleasing -Wno-strict-prototypes -fembed-bitcode-marker -I/Users/ameerspincar/Documents/ios/build/build-armv7-iphoneos/CMakeFiles/CMakeTmp/Release/include -I/Users/ameerspincar/Documents/ios/build/build-armv7-iphoneos/CMakeFiles/CMakeTmp/CMAKE_TRY_COMPILE.build/Release-iphoneos/cmTC_631a2.build/DerivedSources/armv7 -I/Users/ameerspincar/Documents/ios/build/build-armv7-iphoneos/CMakeFiles/CMakeTmp/CMAKE_TRY_COMPILE.build/Release-iphoneos/cmTC_631a2.build/DerivedSources -Wmost -Wno-four-char-constants -Wno-unknown-pragmas -F/Users/ameerspincar/Documents/ios/build/build-armv7-iphoneos/CMakeFiles/CMakeTmp/Release -fembed-bitcode -Wno-unused-function -Wno-overloaded-virtual -Wno-unused-function -Wno-overloaded-virtual -Wno-unused-function -Wno-overloaded-virtual -fsigned-char -W -Wall -Werror=return-type -Werror=non-virtual-dtor -Werror=address -Werror=sequence-point -Wformat -Werror=format-security -Wmissing-declarations -Wmissing-prototypes -Wstrict-prototypes -Wundef -Winit-self -Wpointer-arith -Wshadow -Wsign-promo -Wuninitialized -Winit-self -Wno-narrowing -Wno-delete-non-virtual-dtor -Wno-unnamed-type-template-args -Wno-comment -Wno-implicit-fallthrough -fdiagnostics-show-option -Qunused-arguments -Wno-semicolon-before-method-body -mfpu=neon -DNDEBUG -fPIE -MMD -MT dependencies -MF /Users/ameerspincar/Documents/ios/build/build-armv7-iphoneos/CMakeFiles/CMakeTmp/CMAKE_TRY_COMPILE.build/Release-iphoneos/cmTC_631a2.build/Objects-normal/armv7/CheckIncludeFile.d --serialize-diagnostics /Users/ameerspincar/Documents/ios/build/build-armv7-iphoneos/CMakeFiles/CMakeTmp/CMAKE_TRY_COMPILE.build/Release-iphoneos/cmTC_631a2.build/Objects-normal/armv7/CheckIncludeFile.dia -c /Users/ameerspincar/Documents/ios/build/build-armv7-iphoneos/CMakeFiles/CMakeTmp/CheckIncludeFile.c -o /Users/ameerspincar/Documents/ios/build/build-armv7-iphoneos/CMakeFiles/CMakeTmp/CMAKE_TRY_COMPILE.build/Release-iphoneos/cmTC_631a2.build/Objects-normal/armv7/CheckIncludeFile.o
/Users/ameerspincar/Documents/ios/build/build-armv7-iphoneos/CMakeFiles/CMakeTmp/CheckIncludeFile.c:1:10: fatal error: 'malloc.h' file not found
#include <malloc.h>
         ^~~~~~~~~~
1 error generated.

** BUILD FAILED **


The following build commands failed:
	CompileC CMAKE_TRY_COMPILE.build/Release-iphoneos/cmTC_631a2.build/Objects-normal/armv7/CheckIncludeFile.o CheckIncludeFile.c normal armv7 c com.apple.compilers.llvm.clang.1_0.compiler
(1 failure)


Determining size of off64_t failed with the following output:
Change Dir: /Users/ameerspincar/Documents/ios/build/build-armv7-iphoneos/CMakeFiles/CMakeTmp

Run Build Command:"/Users/ameerspincar/Documents/ios/build/build-armv7-iphoneos/xcodebuild_wrapper" "-project" "CMAKE_TRY_COMPILE.xcodeproj" "build" "-target" "cmTC_e91dc" "-configuration" "Release"
Build settings from command line:
    ARCHS = armv7
    IPHONEOS_DEPLOYMENT_TARGET = 6.0
    SDKROOT = iphoneos11.3

=== BUILD TARGET cmTC_e91dc OF PROJECT CMAKE_TRY_COMPILE WITH CONFIGURATION Release ===

Check dependencies
Code Signing Warning: "cmTC_e91dc" isn't code signed but requires entitlements. It is not possible to add entitlements to a binary without signing it.

Write auxiliary files
/bin/mkdir -p /Users/ameerspincar/Documents/ios/build/build-armv7-iphoneos/CMakeFiles/CMakeTmp/CMAKE_TRY_COMPILE.build/Release-iphoneos/cmTC_e91dc.build/Objects-normal/armv7
write-file /Users/ameerspincar/Documents/ios/build/build-armv7-iphoneos/CMakeFiles/CMakeTmp/CMAKE_TRY_COMPILE.build/Release-iphoneos/cmTC_e91dc.build/Objects-normal/armv7/cmTC_e91dc.LinkFileList

Create product structure
/bin/mkdir -p /Users/ameerspincar/Documents/ios/build/build-armv7-iphoneos/CMakeFiles/CMakeTmp/Release/cmTC_e91dc.app

ProcessInfoPlistFile Release/cmTC_e91dc.app/Info.plist CMakeFiles/cmTC_e91dc.dir/Info.plist
    cd /Users/ameerspincar/Documents/ios/build/build-armv7-iphoneos/CMakeFiles/CMakeTmp
    export PATH="/Applications/Xcode.app/Contents/Developer/Platforms/iPhoneOS.platform/Developer/usr/bin:/Applications/Xcode.app/Contents/Developer/usr/bin:/usr/local/bin:/usr/bin:/bin:/usr/sbin:/sbin"
    builtin-infoPlistUtility /Users/ameerspincar/Documents/ios/build/build-armv7-iphoneos/CMakeFiles/CMakeTmp/CMakeFiles/cmTC_e91dc.dir/Info.plist -genpkginfo /Users/ameerspincar/Documents/ios/build/build-armv7-iphoneos/CMakeFiles/CMakeTmp/Release/cmTC_e91dc.app/PkgInfo -expandbuildsettings -format binary -platform iphoneos -o /Users/ameerspincar/Documents/ios/build/build-armv7-iphoneos/CMakeFiles/CMakeTmp/Release/cmTC_e91dc.app/Info.plist

CompileC CMAKE_TRY_COMPILE.build/Release-iphoneos/cmTC_e91dc.build/Objects-normal/armv7/OFF64_T.o /Users/ameerspincar/Documents/ios/build/build-armv7-iphoneos/CMakeFiles/CheckTypeSize/OFF64_T.c normal armv7 c com.apple.compilers.llvm.clang.1_0.compiler
    cd /Users/ameerspincar/Documents/ios/build/build-armv7-iphoneos/CMakeFiles/CMakeTmp
    export LANG=en_US.US-ASCII
    export PATH="/Applications/Xcode.app/Contents/Developer/Platforms/iPhoneOS.platform/Developer/usr/bin:/Applications/Xcode.app/Contents/Developer/usr/bin:/usr/local/bin:/usr/bin:/bin:/usr/sbin:/sbin"
    /Applications/Xcode.app/Contents/Developer/Toolchains/XcodeDefault.xctoolchain/usr/bin/clang -x c -arch armv7 -fmessage-length=0 -fdiagnostics-show-note-include-stack -fmacro-backtrace-limit=0 -Wno-trigraphs -fpascal-strings -O3 -Wno-missing-field-initializers -Wno-missing-prototypes -Wno-return-type -Wno-missing-braces -Wparentheses -Wswitch -Wno-unused-function -Wno-unused-label -Wno-unused-parameter -Wno-unused-variable -Wunused-value -Wno-empty-body -Wno-uninitialized -Wno-unknown-pragmas -Wno-shadow -Wno-four-char-constants -Wno-conversion -Wno-constant-conversion -Wno-int-conversion -Wno-bool-conversion -Wno-enum-conversion -Wno-float-conversion -Wno-non-literal-null-conversion -Wno-objc-literal-conversion -Wno-shorten-64-to-32 -Wpointer-sign -Wno-newline-eof -DCMAKE_INTDIR=\"Release-iphoneos\" -isysroot /Applications/Xcode.app/Contents/Developer/Platforms/iPhoneOS.platform/Developer/SDKs/iPhoneOS11.3.sdk -fstrict-aliasing -Wdeprecated-declarations -miphoneos-version-min=6.0 -Wno-sign-conversion -Wno-infinite-recursion -Wno-comma -Wno-block-capture-autoreleasing -Wno-strict-prototypes -fembed-bitcode-marker -I/Users/ameerspincar/Documents/ios/build/build-armv7-iphoneos/CMakeFiles/CMakeTmp/Release/include -I/Users/ameerspincar/Documents/ios/build/build-armv7-iphoneos/CMakeFiles/CMakeTmp/CMAKE_TRY_COMPILE.build/Release-iphoneos/cmTC_e91dc.build/DerivedSources/armv7 -I/Users/ameerspincar/Documents/ios/build/build-armv7-iphoneos/CMakeFiles/CMakeTmp/CMAKE_TRY_COMPILE.build/Release-iphoneos/cmTC_e91dc.build/DerivedSources -Wmost -Wno-four-char-constants -Wno-unknown-pragmas -F/Users/ameerspincar/Documents/ios/build/build-armv7-iphoneos/CMakeFiles/CMakeTmp/Release -fembed-bitcode -Wno-unused-function -Wno-overloaded-virtual -Wno-unused-function -Wno-overloaded-virtual -Wno-unused-function -Wno-overloaded-virtual -fsigned-char -W -Wall -Werror=return-type -Werror=non-virtual-dtor -Werror=address -Werror=sequence-point -Wformat -Werror=format-security -Wmissing-declarations -Wmissing-prototypes -Wstrict-prototypes -Wundef -Winit-self -Wpointer-arith -Wshadow -Wsign-promo -Wuninitialized -Winit-self -Wno-narrowing -Wno-delete-non-virtual-dtor -Wno-unnamed-type-template-args -Wno-comment -Wno-implicit-fallthrough -fdiagnostics-show-option -Qunused-arguments -Wno-semicolon-before-method-body -mfpu=neon -DNDEBUG -fPIE -MMD -MT dependencies -MF /Users/ameerspincar/Documents/ios/build/build-armv7-iphoneos/CMakeFiles/CMakeTmp/CMAKE_TRY_COMPILE.build/Release-iphoneos/cmTC_e91dc.build/Objects-normal/armv7/OFF64_T.d --serialize-diagnostics /Users/ameerspincar/Documents/ios/build/build-armv7-iphoneos/CMakeFiles/CMakeTmp/CMAKE_TRY_COMPILE.build/Release-iphoneos/cmTC_e91dc.build/Objects-normal/armv7/OFF64_T.dia -c /Users/ameerspincar/Documents/ios/build/build-armv7-iphoneos/CMakeFiles/CheckTypeSize/OFF64_T.c -o /Users/ameerspincar/Documents/ios/build/build-armv7-iphoneos/CMakeFiles/CMakeTmp/CMAKE_TRY_COMPILE.build/Release-iphoneos/cmTC_e91dc.build/Objects-normal/armv7/OFF64_T.o
/Users/ameerspincar/Documents/ios/build/build-armv7-iphoneos/CMakeFiles/CheckTypeSize/OFF64_T.c:25:12: error: use of undeclared identifier 'off64_t'
  ('0' + ((SIZE / 10000)%10)),
           ^
/Users/ameerspincar/Documents/ios/build/build-armv7-iphoneos/CMakeFiles/CheckTypeSize/OFF64_T.c:23:22: note: expanded from macro 'SIZE'
#define SIZE (sizeof(off64_t))
                     ^
/Users/ameerspincar/Documents/ios/build/build-armv7-iphoneos/CMakeFiles/CheckTypeSize/OFF64_T.c:26:12: error: use of undeclared identifier 'off64_t'
  ('0' + ((SIZE / 1000)%10)),
           ^
/Users/ameerspincar/Documents/ios/build/build-armv7-iphoneos/CMakeFiles/CheckTypeSize/OFF64_T.c:23:22: note: expanded from macro 'SIZE'
#define SIZE (sizeof(off64_t))
                     ^
/Users/ameerspincar/Documents/ios/build/build-armv7-iphoneos/CMakeFiles/CheckTypeSize/OFF64_T.c:27:12: error: use of undeclared identifier 'off64_t'
  ('0' + ((SIZE / 100)%10)),
           ^
/Users/ameerspincar/Documents/ios/build/build-armv7-iphoneos/CMakeFiles/CheckTypeSize/OFF64_T.c:23:22: note: expanded from macro 'SIZE'
#define SIZE (sizeof(off64_t))
                     ^
/Users/ameerspincar/Documents/ios/build/build-armv7-iphoneos/CMakeFiles/CheckTypeSize/OFF64_T.c:28:12: error: use of undeclared identifier 'off64_t'
  ('0' + ((SIZE / 10)%10)),
           ^
/Users/ameerspincar/Documents/ios/build/build-armv7-iphoneos/CMakeFiles/CheckTypeSize/OFF64_T.c:23:22: note: expanded from macro 'SIZE'
#define SIZE (sizeof(off64_t))
                     ^
/Users/ameerspincar/Documents/ios/build/build-armv7-iphoneos/CMakeFiles/CheckTypeSize/OFF64_T.c:29:12: error: use of undeclared identifier 'off64_t'
  ('0' +  (SIZE    % 10)),
           ^
/Users/ameerspincar/Documents/ios/build/build-armv7-iphoneos/CMakeFiles/CheckTypeSize/OFF64_T.c:23:22: note: expanded from macro 'SIZE'
#define SIZE (sizeof(off64_t))
                     ^
5 errors generated.

** BUILD FAILED **


The following build commands failed:
	CompileC CMAKE_TRY_COMPILE.build/Release-iphoneos/cmTC_e91dc.build/Objects-normal/armv7/OFF64_T.o /Users/ameerspincar/Documents/ios/build/build-armv7-iphoneos/CMakeFiles/CheckTypeSize/OFF64_T.c normal armv7 c com.apple.compilers.llvm.clang.1_0.compiler
(1 failure)

/Users/ameerspincar/Documents/ios/build/build-armv7-iphoneos/CMakeFiles/CheckTypeSize/OFF64_T.c:
#include <sys/types.h>
#include <stdint.h>
#include <stddef.h>


#undef KEY
#if defined(__i386)
# define KEY '_','_','i','3','8','6'
#elif defined(__x86_64)
# define KEY '_','_','x','8','6','_','6','4'
#elif defined(__ppc__)
# define KEY '_','_','p','p','c','_','_'
#elif defined(__ppc64__)
# define KEY '_','_','p','p','c','6','4','_','_'
#elif defined(__aarch64__)
# define KEY '_','_','a','a','r','c','h','6','4','_','_'
#elif defined(__ARM_ARCH_7A__)
# define KEY '_','_','A','R','M','_','A','R','C','H','_','7','A','_','_'
#elif defined(__ARM_ARCH_7S__)
# define KEY '_','_','A','R','M','_','A','R','C','H','_','7','S','_','_'
#endif

#define SIZE (sizeof(off64_t))
char info_size[] =  {'I', 'N', 'F', 'O', ':', 's','i','z','e','[',
  ('0' + ((SIZE / 10000)%10)),
  ('0' + ((SIZE / 1000)%10)),
  ('0' + ((SIZE / 100)%10)),
  ('0' + ((SIZE / 10)%10)),
  ('0' +  (SIZE    % 10)),
  ']',
#ifdef KEY
  ' ','k','e','y','[', KEY, ']',
#endif
  '\0'};

#ifdef __CLASSIC_C__
int main(argc, argv) int argc; char *argv[];
#else
int main(int argc, char *argv[])
#endif
{
  int require = 0;
  require += info_size[argc];
  (void)argv;
  return require;
}


Build output check failed:
    Regex: 'unknown .*option'
    Output line: 'warning: unknown warning option '-Wno-maybe-uninitialized', did you mean '-Wno-uninitialized'? [-Wunknown-warning-option]'
Compilation failed:
    source file: '/Users/ameerspincar/Documents/ios/build/build-armv7-iphoneos/CMakeFiles/CMakeTmp/src.c'
    check option: ' -Wno-maybe-uninitialized'
===== BUILD LOG =====
Change Dir: /Users/ameerspincar/Documents/ios/build/build-armv7-iphoneos/CMakeFiles/CMakeTmp

Run Build Command:"/Users/ameerspincar/Documents/ios/build/build-armv7-iphoneos/xcodebuild_wrapper" "-project" "CMAKE_TRY_COMPILE.xcodeproj" "build" "-target" "cmTC_5d233" "-configuration" "Release"
Build settings from command line:
    ARCHS = armv7
    IPHONEOS_DEPLOYMENT_TARGET = 6.0
    SDKROOT = iphoneos11.3

=== BUILD TARGET cmTC_5d233 OF PROJECT CMAKE_TRY_COMPILE WITH CONFIGURATION Release ===

Check dependencies
Code Signing Warning: "cmTC_5d233" isn't code signed but requires entitlements. It is not possible to add entitlements to a binary without signing it.

Write auxiliary files
/bin/mkdir -p /Users/ameerspincar/Documents/ios/build/build-armv7-iphoneos/CMakeFiles/CMakeTmp/CMAKE_TRY_COMPILE.build/Release-iphoneos/cmTC_5d233.build/Objects-normal/armv7
write-file /Users/ameerspincar/Documents/ios/build/build-armv7-iphoneos/CMakeFiles/CMakeTmp/CMAKE_TRY_COMPILE.build/Release-iphoneos/cmTC_5d233.build/Objects-normal/armv7/cmTC_5d233.LinkFileList

Create product structure
/bin/mkdir -p /Users/ameerspincar/Documents/ios/build/build-armv7-iphoneos/CMakeFiles/CMakeTmp/Release/cmTC_5d233.app

ProcessInfoPlistFile Release/cmTC_5d233.app/Info.plist CMakeFiles/cmTC_5d233.dir/Info.plist
    cd /Users/ameerspincar/Documents/ios/build/build-armv7-iphoneos/CMakeFiles/CMakeTmp
    export PATH="/Applications/Xcode.app/Contents/Developer/Platforms/iPhoneOS.platform/Developer/usr/bin:/Applications/Xcode.app/Contents/Developer/usr/bin:/usr/local/bin:/usr/bin:/bin:/usr/sbin:/sbin"
    builtin-infoPlistUtility /Users/ameerspincar/Documents/ios/build/build-armv7-iphoneos/CMakeFiles/CMakeTmp/CMakeFiles/cmTC_5d233.dir/Info.plist -genpkginfo /Users/ameerspincar/Documents/ios/build/build-armv7-iphoneos/CMakeFiles/CMakeTmp/Release/cmTC_5d233.app/PkgInfo -expandbuildsettings -format binary -platform iphoneos -o /Users/ameerspincar/Documents/ios/build/build-armv7-iphoneos/CMakeFiles/CMakeTmp/Release/cmTC_5d233.app/Info.plist

CompileC CMAKE_TRY_COMPILE.build/Release-iphoneos/cmTC_5d233.build/Objects-normal/armv7/src.o src.c normal armv7 c com.apple.compilers.llvm.clang.1_0.compiler
    cd /Users/ameerspincar/Documents/ios/build/build-armv7-iphoneos/CMakeFiles/CMakeTmp
    export LANG=en_US.US-ASCII
    export PATH="/Applications/Xcode.app/Contents/Developer/Platforms/iPhoneOS.platform/Developer/usr/bin:/Applications/Xcode.app/Contents/Developer/usr/bin:/usr/local/bin:/usr/bin:/bin:/usr/sbin:/sbin"
    /Applications/Xcode.app/Contents/Developer/Toolchains/XcodeDefault.xctoolchain/usr/bin/clang -x c -arch armv7 -fmessage-length=0 -fdiagnostics-show-note-include-stack -fmacro-backtrace-limit=0 -Wno-trigraphs -fpascal-strings -O3 -Wno-missing-field-initializers -Wno-missing-prototypes -Wno-return-type -Wno-missing-braces -Wparentheses -Wswitch -Wno-unused-function -Wno-unused-label -Wno-unused-parameter -Wno-unused-variable -Wunused-value -Wno-empty-body -Wno-uninitialized -Wno-unknown-pragmas -Wno-shadow -Wno-four-char-constants -Wno-conversion -Wno-constant-conversion -Wno-int-conversion -Wno-bool-conversion -Wno-enum-conversion -Wno-float-conversion -Wno-non-literal-null-conversion -Wno-objc-literal-conversion -Wno-shorten-64-to-32 -Wpointer-sign -Wno-newline-eof -DCMAKE_INTDIR=\"Release-iphoneos\" -isysroot /Applications/Xcode.app/Contents/Developer/Platforms/iPhoneOS.platform/Developer/SDKs/iPhoneOS11.3.sdk -fstrict-aliasing -Wdeprecated-declarations -miphoneos-version-min=6.0 -Wno-sign-conversion -Wno-infinite-recursion -Wno-comma -Wno-block-capture-autoreleasing -Wno-strict-prototypes -fembed-bitcode-marker -I/Users/ameerspincar/Documents/ios/build/build-armv7-iphoneos/CMakeFiles/CMakeTmp/Release/include -I/Users/ameerspincar/Documents/ios/build/build-armv7-iphoneos/CMakeFiles/CMakeTmp/CMAKE_TRY_COMPILE.build/Release-iphoneos/cmTC_5d233.build/DerivedSources/armv7 -I/Users/ameerspincar/Documents/ios/build/build-armv7-iphoneos/CMakeFiles/CMakeTmp/CMAKE_TRY_COMPILE.build/Release-iphoneos/cmTC_5d233.build/DerivedSources -Wmost -Wno-four-char-constants -Wno-unknown-pragmas -F/Users/ameerspincar/Documents/ios/build/build-armv7-iphoneos/CMakeFiles/CMakeTmp/Release -fembed-bitcode -Wno-unused-function -Wno-overloaded-virtual -Wno-unused-function -Wno-overloaded-virtual -Wno-unused-function -Wno-overloaded-virtual -fsigned-char -W -Wall -Werror=return-type -Werror=non-virtual-dtor -Werror=address -Werror=sequence-point -Wformat -Werror=format-security -Wmissing-declarations -Wmissing-prototypes -Wstrict-prototypes -Wundef -Winit-self -Wpointer-arith -Wsign-promo -Wuninitialized -Winit-self -Wno-narrowing -Wno-delete-non-virtual-dtor -Wno-unnamed-type-template-args -Wno-comment -Wno-implicit-fallthrough -fdiagnostics-show-option -Qunused-arguments -Wno-semicolon-before-method-body -mfpu=neon -Wno-unused-variable -Wno-unused-function -Wno-shadow -DNDEBUG -fPIE -Wno-maybe-uninitialized -MMD -MT dependencies -MF /Users/ameerspincar/Documents/ios/build/build-armv7-iphoneos/CMakeFiles/CMakeTmp/CMAKE_TRY_COMPILE.build/Release-iphoneos/cmTC_5d233.build/Objects-normal/armv7/src.d --serialize-diagnostics /Users/ameerspincar/Documents/ios/build/build-armv7-iphoneos/CMakeFiles/CMakeTmp/CMAKE_TRY_COMPILE.build/Release-iphoneos/cmTC_5d233.build/Objects-normal/armv7/src.dia -c /Users/ameerspincar/Documents/ios/build/build-armv7-iphoneos/CMakeFiles/CMakeTmp/src.c -o /Users/ameerspincar/Documents/ios/build/build-armv7-iphoneos/CMakeFiles/CMakeTmp/CMAKE_TRY_COMPILE.build/Release-iphoneos/cmTC_5d233.build/Objects-normal/armv7/src.o
warning: unknown warning option '-Wno-maybe-uninitialized'; did you mean '-Wno-uninitialized'? [-Wunknown-warning-option]
/Users/ameerspincar/Documents/ios/build/build-armv7-iphoneos/CMakeFiles/CMakeTmp/src.c:1:8: warning: unknown pragma ignored [-Wunknown-pragmas]
#pragma
       ^
2 warnings generated.

Ld Release/cmTC_5d233.app/cmTC_5d233 normal armv7
    cd /Users/ameerspincar/Documents/ios/build/build-armv7-iphoneos/CMakeFiles/CMakeTmp
    export IPHONEOS_DEPLOYMENT_TARGET=6.0
    export PATH="/Applications/Xcode.app/Contents/Developer/Platforms/iPhoneOS.platform/Developer/usr/bin:/Applications/Xcode.app/Contents/Developer/usr/bin:/usr/local/bin:/usr/bin:/bin:/usr/sbin:/sbin"
    /Applications/Xcode.app/Contents/Developer/Toolchains/XcodeDefault.xctoolchain/usr/bin/clang -arch armv7 -isysroot /Applications/Xcode.app/Contents/Developer/Platforms/iPhoneOS.platform/Developer/SDKs/iPhoneOS11.3.sdk -L/Users/ameerspincar/Documents/ios/build/build-armv7-iphoneos/CMakeFiles/CMakeTmp/Release -F/Users/ameerspincar/Documents/ios/build/build-armv7-iphoneos/CMakeFiles/CMakeTmp/Release -filelist /Users/ameerspincar/Documents/ios/build/build-armv7-iphoneos/CMakeFiles/CMakeTmp/CMAKE_TRY_COMPILE.build/Release-iphoneos/cmTC_5d233.build/Objects-normal/armv7/cmTC_5d233.LinkFileList -miphoneos-version-min=6.0 -dead_strip -fembed-bitcode-marker -Xlinker -dependency_info -Xlinker /Users/ameerspincar/Documents/ios/build/build-armv7-iphoneos/CMakeFiles/CMakeTmp/CMAKE_TRY_COMPILE.build/Release-iphoneos/cmTC_5d233.build/Objects-normal/armv7/cmTC_5d233_dependency_info.dat -o /Users/ameerspincar/Documents/ios/build/build-armv7-iphoneos/CMakeFiles/CMakeTmp/Release/cmTC_5d233.app/cmTC_5d233

Touch Release/cmTC_5d233.app
    cd /Users/ameerspincar/Documents/ios/build/build-armv7-iphoneos/CMakeFiles/CMakeTmp
    export PATH="/Applications/Xcode.app/Contents/Developer/Platforms/iPhoneOS.platform/Developer/usr/bin:/Applications/Xcode.app/Contents/Developer/usr/bin:/usr/local/bin:/usr/bin:/bin:/usr/sbin:/sbin"
    /usr/bin/touch -c /Users/ameerspincar/Documents/ios/build/build-armv7-iphoneos/CMakeFiles/CMakeTmp/Release/cmTC_5d233.app

Validate Release/cmTC_5d233.app
    cd /Users/ameerspincar/Documents/ios/build/build-armv7-iphoneos/CMakeFiles/CMakeTmp
    export PATH="/Applications/Xcode.app/Contents/Developer/Platforms/iPhoneOS.platform/Developer/usr/bin:/Applications/Xcode.app/Contents/Developer/usr/bin:/usr/local/bin:/usr/bin:/bin:/usr/sbin:/sbin"
    export PRODUCT_TYPE=com.apple.product-type.application
    builtin-validationUtility /Users/ameerspincar/Documents/ios/build/build-armv7-iphoneos/CMakeFiles/CMakeTmp/Release/cmTC_5d233.app

** BUILD SUCCEEDED **


===== END =====

Build output check failed:
    Regex: 'unknown .*option'
    Output line: 'warning: unknown warning option '-Wno-enum-compare-switch', did you mean '-Wno-enum-compare'? [-Wunknown-warning-option]'
Compilation failed:
    source file: '/Users/ameerspincar/Documents/ios/build/build-armv7-iphoneos/CMakeFiles/CMakeTmp/src.cxx'
    check option: ' -Wno-enum-compare-switch'
===== BUILD LOG =====
Change Dir: /Users/ameerspincar/Documents/ios/build/build-armv7-iphoneos/CMakeFiles/CMakeTmp

Run Build Command:"/Users/ameerspincar/Documents/ios/build/build-armv7-iphoneos/xcodebuild_wrapper" "-project" "CMAKE_TRY_COMPILE.xcodeproj" "build" "-target" "cmTC_d0326" "-configuration" "Release"
Build settings from command line:
    ARCHS = armv7
    IPHONEOS_DEPLOYMENT_TARGET = 6.0
    SDKROOT = iphoneos11.3

=== BUILD TARGET cmTC_d0326 OF PROJECT CMAKE_TRY_COMPILE WITH CONFIGURATION Release ===

Check dependencies
Code Signing Warning: "cmTC_d0326" isn't code signed but requires entitlements. It is not possible to add entitlements to a binary without signing it.

Write auxiliary files
/bin/mkdir -p /Users/ameerspincar/Documents/ios/build/build-armv7-iphoneos/CMakeFiles/CMakeTmp/CMAKE_TRY_COMPILE.build/Release-iphoneos/cmTC_d0326.build/Objects-normal/armv7
write-file /Users/ameerspincar/Documents/ios/build/build-armv7-iphoneos/CMakeFiles/CMakeTmp/CMAKE_TRY_COMPILE.build/Release-iphoneos/cmTC_d0326.build/Objects-normal/armv7/cmTC_d0326.LinkFileList

Create product structure
/bin/mkdir -p /Users/ameerspincar/Documents/ios/build/build-armv7-iphoneos/CMakeFiles/CMakeTmp/Release/cmTC_d0326.app

ProcessInfoPlistFile Release/cmTC_d0326.app/Info.plist CMakeFiles/cmTC_d0326.dir/Info.plist
    cd /Users/ameerspincar/Documents/ios/build/build-armv7-iphoneos/CMakeFiles/CMakeTmp
    export PATH="/Applications/Xcode.app/Contents/Developer/Platforms/iPhoneOS.platform/Developer/usr/bin:/Applications/Xcode.app/Contents/Developer/usr/bin:/usr/local/bin:/usr/bin:/bin:/usr/sbin:/sbin"
    builtin-infoPlistUtility /Users/ameerspincar/Documents/ios/build/build-armv7-iphoneos/CMakeFiles/CMakeTmp/CMakeFiles/cmTC_d0326.dir/Info.plist -genpkginfo /Users/ameerspincar/Documents/ios/build/build-armv7-iphoneos/CMakeFiles/CMakeTmp/Release/cmTC_d0326.app/PkgInfo -expandbuildsettings -format binary -platform iphoneos -o /Users/ameerspincar/Documents/ios/build/build-armv7-iphoneos/CMakeFiles/CMakeTmp/Release/cmTC_d0326.app/Info.plist

CompileC CMAKE_TRY_COMPILE.build/Release-iphoneos/cmTC_d0326.build/Objects-normal/armv7/src.o src.cxx normal armv7 c++ com.apple.compilers.llvm.clang.1_0.compiler
    cd /Users/ameerspincar/Documents/ios/build/build-armv7-iphoneos/CMakeFiles/CMakeTmp
    export LANG=en_US.US-ASCII
    export PATH="/Applications/Xcode.app/Contents/Developer/Platforms/iPhoneOS.platform/Developer/usr/bin:/Applications/Xcode.app/Contents/Developer/usr/bin:/usr/local/bin:/usr/bin:/bin:/usr/sbin:/sbin"
    /Applications/Xcode.app/Contents/Developer/Toolchains/XcodeDefault.xctoolchain/usr/bin/clang -x c++ -arch armv7 -fmessage-length=0 -fdiagnostics-show-note-include-stack -fmacro-backtrace-limit=0 -Wno-trigraphs -fpascal-strings -O3 -Wno-missing-field-initializers -Wno-missing-prototypes -Wno-return-type -Wno-non-virtual-dtor -Wno-overloaded-virtual -Wno-exit-time-destructors -Wno-missing-braces -Wparentheses -Wswitch -Wno-unused-function -Wno-unused-label -Wno-unused-parameter -Wno-unused-variable -Wunused-value -Wno-empty-body -Wno-uninitialized -Wno-unknown-pragmas -Wno-shadow -Wno-four-char-constants -Wno-conversion -Wno-constant-conversion -Wno-int-conversion -Wno-bool-conversion -Wno-enum-conversion -Wno-float-conversion -Wno-non-literal-null-conversion -Wno-objc-literal-conversion -Wno-shorten-64-to-32 -Wno-newline-eof -Wno-c++11-extensions -DCMAKE_INTDIR=\"Release-iphoneos\" -isysroot /Applications/Xcode.app/Contents/Developer/Platforms/iPhoneOS.platform/Developer/SDKs/iPhoneOS11.3.sdk -fstrict-aliasing -Wdeprecated-declarations -Winvalid-offsetof -miphoneos-version-min=6.0 -Wno-sign-conversion -Wno-infinite-recursion -Wno-move -Wno-comma -Wno-block-capture-autoreleasing -Wno-strict-prototypes -Wno-range-loop-analysis -fembed-bitcode-marker -I/Users/ameerspincar/Documents/ios/build/build-armv7-iphoneos/CMakeFiles/CMakeTmp/Release/include -I/Users/ameerspincar/Documents/ios/build/build-armv7-iphoneos/CMakeFiles/CMakeTmp/CMAKE_TRY_COMPILE.build/Release-iphoneos/cmTC_d0326.build/DerivedSources/armv7 -I/Users/ameerspincar/Documents/ios/build/build-armv7-iphoneos/CMakeFiles/CMakeTmp/CMAKE_TRY_COMPILE.build/Release-iphoneos/cmTC_d0326.build/DerivedSources -Wmost -Wno-four-char-constants -Wno-unknown-pragmas -F/Users/ameerspincar/Documents/ios/build/build-armv7-iphoneos/CMakeFiles/CMakeTmp/Release -fembed-bitcode -stdlib=libc++ -fvisibility=hidden -fvisibility-inlines-hidden -Wno-unused-function -Wno-overloaded-virtual -stdlib=libc++ -fvisibility=hidden -fvisibility-inlines-hidden -Wno-unused-function -Wno-overloaded-virtual -stdlib=libc++ -fvisibility=hidden -fvisibility-inlines-hidden -Wno-unused-function -Wno-overloaded-virtual -fsigned-char -W -Wall -Werror=return-type -Werror=non-virtual-dtor -Werror=address -Werror=sequence-point -Wformat -Werror=format-security -Wstrict-prototypes -Winit-self -Wpointer-arith -Wuninitialized -Winit-self -Wno-narrowing -Wno-delete-non-virtual-dtor -Wno-unnamed-type-template-args -Wno-comment -Wno-implicit-fallthrough -fdiagnostics-show-option -Qunused-arguments -Wno-semicolon-before-method-body -mfpu=neon -Wno-deprecated -Wno-missing-prototypes -Wno-missing-declarations -Wno-shadow -Wno-unused-parameter -Wno-unused-local-typedefs -Wno-sign-compare -Wno-sign-promo -Wno-undef -Wno-tautological-undefined-compare -Wno-ignored-qualifiers -Wno-extra -Wno-unused-function -Wno-unused-const-variable -Wno-shorten-64-to-32 -Wno-invalid-offsetof -DNDEBUG -ffast-math -fPIE -std=c++11 -Wno-enum-compare-switch -MMD -MT dependencies -MF /Users/ameerspincar/Documents/ios/build/build-armv7-iphoneos/CMakeFiles/CMakeTmp/CMAKE_TRY_COMPILE.build/Release-iphoneos/cmTC_d0326.build/Objects-normal/armv7/src.d --serialize-diagnostics /Users/ameerspincar/Documents/ios/build/build-armv7-iphoneos/CMakeFiles/CMakeTmp/CMAKE_TRY_COMPILE.build/Release-iphoneos/cmTC_d0326.build/Objects-normal/armv7/src.dia -c /Users/ameerspincar/Documents/ios/build/build-armv7-iphoneos/CMakeFiles/CMakeTmp/src.cxx -o /Users/ameerspincar/Documents/ios/build/build-armv7-iphoneos/CMakeFiles/CMakeTmp/CMAKE_TRY_COMPILE.build/Release-iphoneos/cmTC_d0326.build/Objects-normal/armv7/src.o
warning: unknown warning option '-Wno-enum-compare-switch'; did you mean '-Wno-enum-compare'? [-Wunknown-warning-option]
/Users/ameerspincar/Documents/ios/build/build-armv7-iphoneos/CMakeFiles/CMakeTmp/src.cxx:1:8: warning: unknown pragma ignored [-Wunknown-pragmas]
#pragma
       ^
2 warnings generated.

Ld Release/cmTC_d0326.app/cmTC_d0326 normal armv7
    cd /Users/ameerspincar/Documents/ios/build/build-armv7-iphoneos/CMakeFiles/CMakeTmp
    export IPHONEOS_DEPLOYMENT_TARGET=6.0
    export PATH="/Applications/Xcode.app/Contents/Developer/Platforms/iPhoneOS.platform/Developer/usr/bin:/Applications/Xcode.app/Contents/Developer/usr/bin:/usr/local/bin:/usr/bin:/bin:/usr/sbin:/sbin"
    /Applications/Xcode.app/Contents/Developer/Toolchains/XcodeDefault.xctoolchain/usr/bin/clang++ -arch armv7 -isysroot /Applications/Xcode.app/Contents/Developer/Platforms/iPhoneOS.platform/Developer/SDKs/iPhoneOS11.3.sdk -L/Users/ameerspincar/Documents/ios/build/build-armv7-iphoneos/CMakeFiles/CMakeTmp/Release -F/Users/ameerspincar/Documents/ios/build/build-armv7-iphoneos/CMakeFiles/CMakeTmp/Release -filelist /Users/ameerspincar/Documents/ios/build/build-armv7-iphoneos/CMakeFiles/CMakeTmp/CMAKE_TRY_COMPILE.build/Release-iphoneos/cmTC_d0326.build/Objects-normal/armv7/cmTC_d0326.LinkFileList -miphoneos-version-min=6.0 -dead_strip -fembed-bitcode-marker -Xlinker -dependency_info -Xlinker /Users/ameerspincar/Documents/ios/build/build-armv7-iphoneos/CMakeFiles/CMakeTmp/CMAKE_TRY_COMPILE.build/Release-iphoneos/cmTC_d0326.build/Objects-normal/armv7/cmTC_d0326_dependency_info.dat -o /Users/ameerspincar/Documents/ios/build/build-armv7-iphoneos/CMakeFiles/CMakeTmp/Release/cmTC_d0326.app/cmTC_d0326
clang: warning: libstdc++ is deprecated; move to libc++ with a minimum deployment target of iOS 7 [-Wdeprecated]

Touch Release/cmTC_d0326.app
    cd /Users/ameerspincar/Documents/ios/build/build-armv7-iphoneos/CMakeFiles/CMakeTmp
    export PATH="/Applications/Xcode.app/Contents/Developer/Platforms/iPhoneOS.platform/Developer/usr/bin:/Applications/Xcode.app/Contents/Developer/usr/bin:/usr/local/bin:/usr/bin:/bin:/usr/sbin:/sbin"
    /usr/bin/touch -c /Users/ameerspincar/Documents/ios/build/build-armv7-iphoneos/CMakeFiles/CMakeTmp/Release/cmTC_d0326.app

Validate Release/cmTC_d0326.app
    cd /Users/ameerspincar/Documents/ios/build/build-armv7-iphoneos/CMakeFiles/CMakeTmp
    export PATH="/Applications/Xcode.app/Contents/Developer/Platforms/iPhoneOS.platform/Developer/usr/bin:/Applications/Xcode.app/Contents/Developer/usr/bin:/usr/local/bin:/usr/bin:/bin:/usr/sbin:/sbin"
    export PRODUCT_TYPE=com.apple.product-type.application
    builtin-validationUtility /Users/ameerspincar/Documents/ios/build/build-armv7-iphoneos/CMakeFiles/CMakeTmp/Release/cmTC_d0326.app

** BUILD SUCCEEDED **


===== END =====

Build output check failed:
    Regex: 'unknown .*option'
    Output line: 'warning: unknown warning option '-Wno-suggest-override', did you mean '-Wno-shift-overflow'? [-Wunknown-warning-option]'
Compilation failed:
    source file: '/Users/ameerspincar/Documents/ios/build/build-armv7-iphoneos/CMakeFiles/CMakeTmp/src.cxx'
    check option: ' -Wno-suggest-override'
===== BUILD LOG =====
Change Dir: /Users/ameerspincar/Documents/ios/build/build-armv7-iphoneos/CMakeFiles/CMakeTmp

Run Build Command:"/Users/ameerspincar/Documents/ios/build/build-armv7-iphoneos/xcodebuild_wrapper" "-project" "CMAKE_TRY_COMPILE.xcodeproj" "build" "-target" "cmTC_e94f0" "-configuration" "Release"
Build settings from command line:
    ARCHS = armv7
    IPHONEOS_DEPLOYMENT_TARGET = 6.0
    SDKROOT = iphoneos11.3

=== BUILD TARGET cmTC_e94f0 OF PROJECT CMAKE_TRY_COMPILE WITH CONFIGURATION Release ===

Check dependencies
Code Signing Warning: "cmTC_e94f0" isn't code signed but requires entitlements. It is not possible to add entitlements to a binary without signing it.

Write auxiliary files
/bin/mkdir -p /Users/ameerspincar/Documents/ios/build/build-armv7-iphoneos/CMakeFiles/CMakeTmp/CMAKE_TRY_COMPILE.build/Release-iphoneos/cmTC_e94f0.build/Objects-normal/armv7
write-file /Users/ameerspincar/Documents/ios/build/build-armv7-iphoneos/CMakeFiles/CMakeTmp/CMAKE_TRY_COMPILE.build/Release-iphoneos/cmTC_e94f0.build/Objects-normal/armv7/cmTC_e94f0.LinkFileList

Create product structure
/bin/mkdir -p /Users/ameerspincar/Documents/ios/build/build-armv7-iphoneos/CMakeFiles/CMakeTmp/Release/cmTC_e94f0.app

ProcessInfoPlistFile Release/cmTC_e94f0.app/Info.plist CMakeFiles/cmTC_e94f0.dir/Info.plist
    cd /Users/ameerspincar/Documents/ios/build/build-armv7-iphoneos/CMakeFiles/CMakeTmp
    export PATH="/Applications/Xcode.app/Contents/Developer/Platforms/iPhoneOS.platform/Developer/usr/bin:/Applications/Xcode.app/Contents/Developer/usr/bin:/usr/local/bin:/usr/bin:/bin:/usr/sbin:/sbin"
    builtin-infoPlistUtility /Users/ameerspincar/Documents/ios/build/build-armv7-iphoneos/CMakeFiles/CMakeTmp/CMakeFiles/cmTC_e94f0.dir/Info.plist -genpkginfo /Users/ameerspincar/Documents/ios/build/build-armv7-iphoneos/CMakeFiles/CMakeTmp/Release/cmTC_e94f0.app/PkgInfo -expandbuildsettings -format binary -platform iphoneos -o /Users/ameerspincar/Documents/ios/build/build-armv7-iphoneos/CMakeFiles/CMakeTmp/Release/cmTC_e94f0.app/Info.plist

CompileC CMAKE_TRY_COMPILE.build/Release-iphoneos/cmTC_e94f0.build/Objects-normal/armv7/src.o src.cxx normal armv7 c++ com.apple.compilers.llvm.clang.1_0.compiler
    cd /Users/ameerspincar/Documents/ios/build/build-armv7-iphoneos/CMakeFiles/CMakeTmp
    export LANG=en_US.US-ASCII
    export PATH="/Applications/Xcode.app/Contents/Developer/Platforms/iPhoneOS.platform/Developer/usr/bin:/Applications/Xcode.app/Contents/Developer/usr/bin:/usr/local/bin:/usr/bin:/bin:/usr/sbin:/sbin"
    /Applications/Xcode.app/Contents/Developer/Toolchains/XcodeDefault.xctoolchain/usr/bin/clang -x c++ -arch armv7 -fmessage-length=0 -fdiagnostics-show-note-include-stack -fmacro-backtrace-limit=0 -Wno-trigraphs -fpascal-strings -O3 -Wno-missing-field-initializers -Wno-missing-prototypes -Wno-return-type -Wno-non-virtual-dtor -Wno-overloaded-virtual -Wno-exit-time-destructors -Wno-missing-braces -Wparentheses -Wswitch -Wno-unused-function -Wno-unused-label -Wno-unused-parameter -Wno-unused-variable -Wunused-value -Wno-empty-body -Wno-uninitialized -Wno-unknown-pragmas -Wno-shadow -Wno-four-char-constants -Wno-conversion -Wno-constant-conversion -Wno-int-conversion -Wno-bool-conversion -Wno-enum-conversion -Wno-float-conversion -Wno-non-literal-null-conversion -Wno-objc-literal-conversion -Wno-shorten-64-to-32 -Wno-newline-eof -Wno-c++11-extensions -DCMAKE_INTDIR=\"Release-iphoneos\" -isysroot /Applications/Xcode.app/Contents/Developer/Platforms/iPhoneOS.platform/Developer/SDKs/iPhoneOS11.3.sdk -fstrict-aliasing -Wdeprecated-declarations -Winvalid-offsetof -miphoneos-version-min=6.0 -Wno-sign-conversion -Wno-infinite-recursion -Wno-move -Wno-comma -Wno-block-capture-autoreleasing -Wno-strict-prototypes -Wno-range-loop-analysis -fembed-bitcode-marker -I/Users/ameerspincar/Documents/ios/build/build-armv7-iphoneos/CMakeFiles/CMakeTmp/Release/include -I/Users/ameerspincar/Documents/ios/build/build-armv7-iphoneos/CMakeFiles/CMakeTmp/CMAKE_TRY_COMPILE.build/Release-iphoneos/cmTC_e94f0.build/DerivedSources/armv7 -I/Users/ameerspincar/Documents/ios/build/build-armv7-iphoneos/CMakeFiles/CMakeTmp/CMAKE_TRY_COMPILE.build/Release-iphoneos/cmTC_e94f0.build/DerivedSources -Wmost -Wno-four-char-constants -Wno-unknown-pragmas -F/Users/ameerspincar/Documents/ios/build/build-armv7-iphoneos/CMakeFiles/CMakeTmp/Release -fembed-bitcode -stdlib=libc++ -fvisibility=hidden -fvisibility-inlines-hidden -Wno-unused-function -Wno-overloaded-virtual -stdlib=libc++ -fvisibility=hidden -fvisibility-inlines-hidden -Wno-unused-function -Wno-overloaded-virtual -stdlib=libc++ -fvisibility=hidden -fvisibility-inlines-hidden -Wno-unused-function -Wno-overloaded-virtual -fsigned-char -W -Wall -Werror=return-type -Werror=non-virtual-dtor -Werror=address -Werror=sequence-point -Wformat -Werror=format-security -Wstrict-prototypes -Winit-self -Wpointer-arith -Wuninitialized -Winit-self -Wno-narrowing -Wno-delete-non-virtual-dtor -Wno-unnamed-type-template-args -Wno-comment -Wno-implicit-fallthrough -fdiagnostics-show-option -Qunused-arguments -Wno-semicolon-before-method-body -mfpu=neon -Wno-deprecated -Wno-missing-prototypes -Wno-missing-declarations -Wno-shadow -Wno-unused-parameter -Wno-unused-local-typedefs -Wno-sign-compare -Wno-sign-promo -Wno-undef -Wno-tautological-undefined-compare -Wno-ignored-qualifiers -Wno-extra -Wno-unused-function -Wno-unused-const-variable -Wno-shorten-64-to-32 -Wno-invalid-offsetof -DNDEBUG -ffast-math -fPIE -std=c++11 -Wno-suggest-override -MMD -MT dependencies -MF /Users/ameerspincar/Documents/ios/build/build-armv7-iphoneos/CMakeFiles/CMakeTmp/CMAKE_TRY_COMPILE.build/Release-iphoneos/cmTC_e94f0.build/Objects-normal/armv7/src.d --serialize-diagnostics /Users/ameerspincar/Documents/ios/build/build-armv7-iphoneos/CMakeFiles/CMakeTmp/CMAKE_TRY_COMPILE.build/Release-iphoneos/cmTC_e94f0.build/Objects-normal/armv7/src.dia -c /Users/ameerspincar/Documents/ios/build/build-armv7-iphoneos/CMakeFiles/CMakeTmp/src.cxx -o /Users/ameerspincar/Documents/ios/build/build-armv7-iphoneos/CMakeFiles/CMakeTmp/CMAKE_TRY_COMPILE.build/Release-iphoneos/cmTC_e94f0.build/Objects-normal/armv7/src.o
warning: unknown warning option '-Wno-suggest-override'; did you mean '-Wno-shift-overflow'? [-Wunknown-warning-option]
/Users/ameerspincar/Documents/ios/build/build-armv7-iphoneos/CMakeFiles/CMakeTmp/src.cxx:1:8: warning: unknown pragma ignored [-Wunknown-pragmas]
#pragma
       ^
2 warnings generated.

Ld Release/cmTC_e94f0.app/cmTC_e94f0 normal armv7
    cd /Users/ameerspincar/Documents/ios/build/build-armv7-iphoneos/CMakeFiles/CMakeTmp
    export IPHONEOS_DEPLOYMENT_TARGET=6.0
    export PATH="/Applications/Xcode.app/Contents/Developer/Platforms/iPhoneOS.platform/Developer/usr/bin:/Applications/Xcode.app/Contents/Developer/usr/bin:/usr/local/bin:/usr/bin:/bin:/usr/sbin:/sbin"
    /Applications/Xcode.app/Contents/Developer/Toolchains/XcodeDefault.xctoolchain/usr/bin/clang++ -arch armv7 -isysroot /Applications/Xcode.app/Contents/Developer/Platforms/iPhoneOS.platform/Developer/SDKs/iPhoneOS11.3.sdk -L/Users/ameerspincar/Documents/ios/build/build-armv7-iphoneos/CMakeFiles/CMakeTmp/Release -F/Users/ameerspincar/Documents/ios/build/build-armv7-iphoneos/CMakeFiles/CMakeTmp/Release -filelist /Users/ameerspincar/Documents/ios/build/build-armv7-iphoneos/CMakeFiles/CMakeTmp/CMAKE_TRY_COMPILE.build/Release-iphoneos/cmTC_e94f0.build/Objects-normal/armv7/cmTC_e94f0.LinkFileList -miphoneos-version-min=6.0 -dead_strip -fembed-bitcode-marker -Xlinker -dependency_info -Xlinker /Users/ameerspincar/Documents/ios/build/build-armv7-iphoneos/CMakeFiles/CMakeTmp/CMAKE_TRY_COMPILE.build/Release-iphoneos/cmTC_e94f0.build/Objects-normal/armv7/cmTC_e94f0_dependency_info.dat -o /Users/ameerspincar/Documents/ios/build/build-armv7-iphoneos/CMakeFiles/CMakeTmp/Release/cmTC_e94f0.app/cmTC_e94f0
clang: warning: libstdc++ is deprecated; move to libc++ with a minimum deployment target of iOS 7 [-Wdeprecated]

Touch Release/cmTC_e94f0.app
    cd /Users/ameerspincar/Documents/ios/build/build-armv7-iphoneos/CMakeFiles/CMakeTmp
    export PATH="/Applications/Xcode.app/Contents/Developer/Platforms/iPhoneOS.platform/Developer/usr/bin:/Applications/Xcode.app/Contents/Developer/usr/bin:/usr/local/bin:/usr/bin:/bin:/usr/sbin:/sbin"
    /usr/bin/touch -c /Users/ameerspincar/Documents/ios/build/build-armv7-iphoneos/CMakeFiles/CMakeTmp/Release/cmTC_e94f0.app

Validate Release/cmTC_e94f0.app
    cd /Users/ameerspincar/Documents/ios/build/build-armv7-iphoneos/CMakeFiles/CMakeTmp
    export PATH="/Applications/Xcode.app/Contents/Developer/Platforms/iPhoneOS.platform/Developer/usr/bin:/Applications/Xcode.app/Contents/Developer/usr/bin:/usr/local/bin:/usr/bin:/bin:/usr/sbin:/sbin"
    export PRODUCT_TYPE=com.apple.product-type.application
    builtin-validationUtility /Users/ameerspincar/Documents/ios/build/build-armv7-iphoneos/CMakeFiles/CMakeTmp/Release/cmTC_e94f0.app

** BUILD SUCCEEDED **


===== END =====

Build output check failed:
    Regex: 'unknown .*option'
    Output line: 'warning: unknown warning option '-Wno-maybe-uninitialized', did you mean '-Wno-uninitialized'? [-Wunknown-warning-option]'
Compilation failed:
    source file: '/Users/ameerspincar/Documents/ios/build/build-armv7-iphoneos/CMakeFiles/CMakeTmp/src.cxx'
    check option: ' -Wno-maybe-uninitialized'
===== BUILD LOG =====
Change Dir: /Users/ameerspincar/Documents/ios/build/build-armv7-iphoneos/CMakeFiles/CMakeTmp

Run Build Command:"/Users/ameerspincar/Documents/ios/build/build-armv7-iphoneos/xcodebuild_wrapper" "-project" "CMAKE_TRY_COMPILE.xcodeproj" "build" "-target" "cmTC_cb8d4" "-configuration" "Release"
Build settings from command line:
    ARCHS = armv7
    IPHONEOS_DEPLOYMENT_TARGET = 6.0
    SDKROOT = iphoneos11.3

=== BUILD TARGET cmTC_cb8d4 OF PROJECT CMAKE_TRY_COMPILE WITH CONFIGURATION Release ===

Check dependencies
Code Signing Warning: "cmTC_cb8d4" isn't code signed but requires entitlements. It is not possible to add entitlements to a binary without signing it.

Write auxiliary files
/bin/mkdir -p /Users/ameerspincar/Documents/ios/build/build-armv7-iphoneos/CMakeFiles/CMakeTmp/CMAKE_TRY_COMPILE.build/Release-iphoneos/cmTC_cb8d4.build/Objects-normal/armv7
write-file /Users/ameerspincar/Documents/ios/build/build-armv7-iphoneos/CMakeFiles/CMakeTmp/CMAKE_TRY_COMPILE.build/Release-iphoneos/cmTC_cb8d4.build/Objects-normal/armv7/cmTC_cb8d4.LinkFileList

Create product structure
/bin/mkdir -p /Users/ameerspincar/Documents/ios/build/build-armv7-iphoneos/CMakeFiles/CMakeTmp/Release/cmTC_cb8d4.app

ProcessInfoPlistFile Release/cmTC_cb8d4.app/Info.plist CMakeFiles/cmTC_cb8d4.dir/Info.plist
    cd /Users/ameerspincar/Documents/ios/build/build-armv7-iphoneos/CMakeFiles/CMakeTmp
    export PATH="/Applications/Xcode.app/Contents/Developer/Platforms/iPhoneOS.platform/Developer/usr/bin:/Applications/Xcode.app/Contents/Developer/usr/bin:/usr/local/bin:/usr/bin:/bin:/usr/sbin:/sbin"
    builtin-infoPlistUtility /Users/ameerspincar/Documents/ios/build/build-armv7-iphoneos/CMakeFiles/CMakeTmp/CMakeFiles/cmTC_cb8d4.dir/Info.plist -genpkginfo /Users/ameerspincar/Documents/ios/build/build-armv7-iphoneos/CMakeFiles/CMakeTmp/Release/cmTC_cb8d4.app/PkgInfo -expandbuildsettings -format binary -platform iphoneos -o /Users/ameerspincar/Documents/ios/build/build-armv7-iphoneos/CMakeFiles/CMakeTmp/Release/cmTC_cb8d4.app/Info.plist

CompileC CMAKE_TRY_COMPILE.build/Release-iphoneos/cmTC_cb8d4.build/Objects-normal/armv7/src.o src.cxx normal armv7 c++ com.apple.compilers.llvm.clang.1_0.compiler
    cd /Users/ameerspincar/Documents/ios/build/build-armv7-iphoneos/CMakeFiles/CMakeTmp
    export LANG=en_US.US-ASCII
    export PATH="/Applications/Xcode.app/Contents/Developer/Platforms/iPhoneOS.platform/Developer/usr/bin:/Applications/Xcode.app/Contents/Developer/usr/bin:/usr/local/bin:/usr/bin:/bin:/usr/sbin:/sbin"
    /Applications/Xcode.app/Contents/Developer/Toolchains/XcodeDefault.xctoolchain/usr/bin/clang -x c++ -arch armv7 -fmessage-length=0 -fdiagnostics-show-note-include-stack -fmacro-backtrace-limit=0 -Wno-trigraphs -fpascal-strings -O3 -Wno-missing-field-initializers -Wno-missing-prototypes -Wno-return-type -Wno-non-virtual-dtor -Wno-overloaded-virtual -Wno-exit-time-destructors -Wno-missing-braces -Wparentheses -Wswitch -Wno-unused-function -Wno-unused-label -Wno-unused-parameter -Wno-unused-variable -Wunused-value -Wno-empty-body -Wno-uninitialized -Wno-unknown-pragmas -Wno-shadow -Wno-four-char-constants -Wno-conversion -Wno-constant-conversion -Wno-int-conversion -Wno-bool-conversion -Wno-enum-conversion -Wno-float-conversion -Wno-non-literal-null-conversion -Wno-objc-literal-conversion -Wno-shorten-64-to-32 -Wno-newline-eof -Wno-c++11-extensions -DCMAKE_INTDIR=\"Release-iphoneos\" -isysroot /Applications/Xcode.app/Contents/Developer/Platforms/iPhoneOS.platform/Developer/SDKs/iPhoneOS11.3.sdk -fstrict-aliasing -Wdeprecated-declarations -Winvalid-offsetof -miphoneos-version-min=6.0 -Wno-sign-conversion -Wno-infinite-recursion -Wno-move -Wno-comma -Wno-block-capture-autoreleasing -Wno-strict-prototypes -Wno-range-loop-analysis -fembed-bitcode-marker -I/Users/ameerspincar/Documents/ios/build/build-armv7-iphoneos/CMakeFiles/CMakeTmp/Release/include -I/Users/ameerspincar/Documents/ios/build/build-armv7-iphoneos/CMakeFiles/CMakeTmp/CMAKE_TRY_COMPILE.build/Release-iphoneos/cmTC_cb8d4.build/DerivedSources/armv7 -I/Users/ameerspincar/Documents/ios/build/build-armv7-iphoneos/CMakeFiles/CMakeTmp/CMAKE_TRY_COMPILE.build/Release-iphoneos/cmTC_cb8d4.build/DerivedSources -Wmost -Wno-four-char-constants -Wno-unknown-pragmas -F/Users/ameerspincar/Documents/ios/build/build-armv7-iphoneos/CMakeFiles/CMakeTmp/Release -fembed-bitcode -stdlib=libc++ -fvisibility=hidden -fvisibility-inlines-hidden -Wno-unused-function -Wno-overloaded-virtual -stdlib=libc++ -fvisibility=hidden -fvisibility-inlines-hidden -Wno-unused-function -Wno-overloaded-virtual -stdlib=libc++ -fvisibility=hidden -fvisibility-inlines-hidden -Wno-unused-function -Wno-overloaded-virtual -fsigned-char -W -Wall -Werror=return-type -Werror=non-virtual-dtor -Werror=address -Werror=sequence-point -Wformat -Werror=format-security -Wmissing-declarations -Wmissing-prototypes -Wstrict-prototypes -Wundef -Winit-self -Wpointer-arith -Wshadow -Wsign-promo -Wuninitialized -Winit-self -Wno-narrowing -Wno-delete-non-virtual-dtor -Wno-unnamed-type-template-args -Wno-comment -Wno-implicit-fallthrough -fdiagnostics-show-option -Qunused-arguments -Wno-semicolon-before-method-body -mfpu=neon -Wno-shadow -Wno-parentheses -DNDEBUG -ffast-math -fPIE -std=c++11 -Wno-maybe-uninitialized -MMD -MT dependencies -MF /Users/ameerspincar/Documents/ios/build/build-armv7-iphoneos/CMakeFiles/CMakeTmp/CMAKE_TRY_COMPILE.build/Release-iphoneos/cmTC_cb8d4.build/Objects-normal/armv7/src.d --serialize-diagnostics /Users/ameerspincar/Documents/ios/build/build-armv7-iphoneos/CMakeFiles/CMakeTmp/CMAKE_TRY_COMPILE.build/Release-iphoneos/cmTC_cb8d4.build/Objects-normal/armv7/src.dia -c /Users/ameerspincar/Documents/ios/build/build-armv7-iphoneos/CMakeFiles/CMakeTmp/src.cxx -o /Users/ameerspincar/Documents/ios/build/build-armv7-iphoneos/CMakeFiles/CMakeTmp/CMAKE_TRY_COMPILE.build/Release-iphoneos/cmTC_cb8d4.build/Objects-normal/armv7/src.o
warning: unknown warning option '-Wno-maybe-uninitialized'; did you mean '-Wno-uninitialized'? [-Wunknown-warning-option]
/Users/ameerspincar/Documents/ios/build/build-armv7-iphoneos/CMakeFiles/CMakeTmp/src.cxx:1:8: warning: unknown pragma ignored [-Wunknown-pragmas]
#pragma
       ^
2 warnings generated.

Ld Release/cmTC_cb8d4.app/cmTC_cb8d4 normal armv7
    cd /Users/ameerspincar/Documents/ios/build/build-armv7-iphoneos/CMakeFiles/CMakeTmp
    export IPHONEOS_DEPLOYMENT_TARGET=6.0
    export PATH="/Applications/Xcode.app/Contents/Developer/Platforms/iPhoneOS.platform/Developer/usr/bin:/Applications/Xcode.app/Contents/Developer/usr/bin:/usr/local/bin:/usr/bin:/bin:/usr/sbin:/sbin"
    /Applications/Xcode.app/Contents/Developer/Toolchains/XcodeDefault.xctoolchain/usr/bin/clang++ -arch armv7 -isysroot /Applications/Xcode.app/Contents/Developer/Platforms/iPhoneOS.platform/Developer/SDKs/iPhoneOS11.3.sdk -L/Users/ameerspincar/Documents/ios/build/build-armv7-iphoneos/CMakeFiles/CMakeTmp/Release -F/Users/ameerspincar/Documents/ios/build/build-armv7-iphoneos/CMakeFiles/CMakeTmp/Release -filelist /Users/ameerspincar/Documents/ios/build/build-armv7-iphoneos/CMakeFiles/CMakeTmp/CMAKE_TRY_COMPILE.build/Release-iphoneos/cmTC_cb8d4.build/Objects-normal/armv7/cmTC_cb8d4.LinkFileList -miphoneos-version-min=6.0 -dead_strip -fembed-bitcode-marker -Xlinker -dependency_info -Xlinker /Users/ameerspincar/Documents/ios/build/build-armv7-iphoneos/CMakeFiles/CMakeTmp/CMAKE_TRY_COMPILE.build/Release-iphoneos/cmTC_cb8d4.build/Objects-normal/armv7/cmTC_cb8d4_dependency_info.dat -o /Users/ameerspincar/Documents/ios/build/build-armv7-iphoneos/CMakeFiles/CMakeTmp/Release/cmTC_cb8d4.app/cmTC_cb8d4
clang: warning: libstdc++ is deprecated; move to libc++ with a minimum deployment target of iOS 7 [-Wdeprecated]

Touch Release/cmTC_cb8d4.app
    cd /Users/ameerspincar/Documents/ios/build/build-armv7-iphoneos/CMakeFiles/CMakeTmp
    export PATH="/Applications/Xcode.app/Contents/Developer/Platforms/iPhoneOS.platform/Developer/usr/bin:/Applications/Xcode.app/Contents/Developer/usr/bin:/usr/local/bin:/usr/bin:/bin:/usr/sbin:/sbin"
    /usr/bin/touch -c /Users/ameerspincar/Documents/ios/build/build-armv7-iphoneos/CMakeFiles/CMakeTmp/Release/cmTC_cb8d4.app

Validate Release/cmTC_cb8d4.app
    cd /Users/ameerspincar/Documents/ios/build/build-armv7-iphoneos/CMakeFiles/CMakeTmp
    export PATH="/Applications/Xcode.app/Contents/Developer/Platforms/iPhoneOS.platform/Developer/usr/bin:/Applications/Xcode.app/Contents/Developer/usr/bin:/usr/local/bin:/usr/bin:/bin:/usr/sbin:/sbin"
    export PRODUCT_TYPE=com.apple.product-type.application
    builtin-validationUtility /Users/ameerspincar/Documents/ios/build/build-armv7-iphoneos/CMakeFiles/CMakeTmp/Release/cmTC_cb8d4.app

** BUILD SUCCEEDED **


===== END =====

