Compilation failed:
    source file: '/Users/ameerspincar/Documents/ios/build/build-arm64-iphoneos/CMakeFiles/CMakeTmp/src.cxx'
    check option: ' -fsigned-char -W -Wall -Werror=return-type -Werror=non-virtual-dtor -Werror=address -Werror=sequence-point -Wformat -Werror=format-security -Wmissing-declarations -Wmissing-prototypes -Wstrict-prototypes -Wundef -Winit-self -Wpointer-arith -Wshadow -Wsign-promo -Wuninitialized -Winit-self -Wno-narrowing -Wno-delete-non-virtual-dtor -Wno-unnamed-type-template-args -Wno-comment -Wno-implicit-fallthrough -fdiagnostics-show-option -Qunused-arguments -Wno-semicolon-before-method-body     -mfp16-format=ieee'
===== BUILD LOG =====
Change Dir: /Users/ameerspincar/Documents/ios/build/build-arm64-iphoneos/CMakeFiles/CMakeTmp

Run Build Command:"/Users/ameerspincar/Documents/ios/build/build-arm64-iphoneos/xcodebuild_wrapper" "-project" "CMAKE_TRY_COMPILE.xcodeproj" "build" "-target" "cmTC_5e7d5" "-configuration" "Release"
Build settings from command line:
    ARCHS = arm64
    IPHONEOS_DEPLOYMENT_TARGET = 6.0
    SDKROOT = iphoneos11.3

=== BUILD TARGET cmTC_5e7d5 OF PROJECT CMAKE_TRY_COMPILE WITH CONFIGURATION Release ===

Check dependencies
Code Signing Warning: "cmTC_5e7d5" isn't code signed but requires entitlements. It is not possible to add entitlements to a binary without signing it.

Write auxiliary files
/bin/mkdir -p /Users/ameerspincar/Documents/ios/build/build-arm64-iphoneos/CMakeFiles/CMakeTmp/CMAKE_TRY_COMPILE.build/Release-iphoneos/cmTC_5e7d5.build/Objects-normal/arm64
write-file /Users/ameerspincar/Documents/ios/build/build-arm64-iphoneos/CMakeFiles/CMakeTmp/CMAKE_TRY_COMPILE.build/Release-iphoneos/cmTC_5e7d5.build/Objects-normal/arm64/cmTC_5e7d5.LinkFileList

Create product structure
/bin/mkdir -p /Users/ameerspincar/Documents/ios/build/build-arm64-iphoneos/CMakeFiles/CMakeTmp/Release/cmTC_5e7d5.app

ProcessInfoPlistFile Release/cmTC_5e7d5.app/Info.plist CMakeFiles/cmTC_5e7d5.dir/Info.plist
    cd /Users/ameerspincar/Documents/ios/build/build-arm64-iphoneos/CMakeFiles/CMakeTmp
    export PATH="/Applications/Xcode.app/Contents/Developer/Platforms/iPhoneOS.platform/Developer/usr/bin:/Applications/Xcode.app/Contents/Developer/usr/bin:/usr/local/bin:/usr/bin:/bin:/usr/sbin:/sbin"
    builtin-infoPlistUtility /Users/ameerspincar/Documents/ios/build/build-arm64-iphoneos/CMakeFiles/CMakeTmp/CMakeFiles/cmTC_5e7d5.dir/Info.plist -genpkginfo /Users/ameerspincar/Documents/ios/build/build-arm64-iphoneos/CMakeFiles/CMakeTmp/Release/cmTC_5e7d5.app/PkgInfo -expandbuildsettings -format binary -platform iphoneos -o /Users/ameerspincar/Documents/ios/build/build-arm64-iphoneos/CMakeFiles/CMakeTmp/Release/cmTC_5e7d5.app/Info.plist

CompileC CMAKE_TRY_COMPILE.build/Release-iphoneos/cmTC_5e7d5.build/Objects-normal/arm64/src.o src.cxx normal arm64 c++ com.apple.compilers.llvm.clang.1_0.compiler
    cd /Users/ameerspincar/Documents/ios/build/build-arm64-iphoneos/CMakeFiles/CMakeTmp
    export LANG=en_US.US-ASCII
    export PATH="/Applications/Xcode.app/Contents/Developer/Platforms/iPhoneOS.platform/Developer/usr/bin:/Applications/Xcode.app/Contents/Developer/usr/bin:/usr/local/bin:/usr/bin:/bin:/usr/sbin:/sbin"
    /Applications/Xcode.app/Contents/Developer/Toolchains/XcodeDefault.xctoolchain/usr/bin/clang -x c++ -arch arm64 -fmessage-length=0 -fdiagnostics-show-note-include-stack -fmacro-backtrace-limit=0 -Wno-trigraphs -fpascal-strings -O3 -Wno-missing-field-initializers -Wno-missing-prototypes -Wno-return-type -Wno-non-virtual-dtor -Wno-overloaded-virtual -Wno-exit-time-destructors -Wno-missing-braces -Wparentheses -Wswitch -Wno-unused-function -Wno-unused-label -Wno-unused-parameter -Wno-unused-variable -Wunused-value -Wno-empty-body -Wno-uninitialized -Wno-unknown-pragmas -Wno-shadow -Wno-four-char-constants -Wno-conversion -Wno-constant-conversion -Wno-int-conversion -Wno-bool-conversion -Wno-enum-conversion -Wno-float-conversion -Wno-non-literal-null-conversion -Wno-objc-literal-conversion -Wshorten-64-to-32 -Wno-newline-eof -Wno-c++11-extensions -DCMAKE_INTDIR=\"Release-iphoneos\" -isysroot /Applications/Xcode.app/Contents/Developer/Platforms/iPhoneOS.platform/Developer/SDKs/iPhoneOS11.3.sdk -fstrict-aliasing -Wdeprecated-declarations -Winvalid-offsetof -miphoneos-version-min=6.0 -Wno-sign-conversion -Wno-infinite-recursion -Wno-move -Wno-comma -Wno-block-capture-autoreleasing -Wno-strict-prototypes -Wno-range-loop-analysis -fembed-bitcode-marker -I/Users/ameerspincar/Documents/ios/build/build-arm64-iphoneos/CMakeFiles/CMakeTmp/Release/include -I/Users/ameerspincar/Documents/ios/build/build-arm64-iphoneos/CMakeFiles/CMakeTmp/CMAKE_TRY_COMPILE.build/Release-iphoneos/cmTC_5e7d5.build/DerivedSources/arm64 -I/Users/ameerspincar/Documents/ios/build/build-arm64-iphoneos/CMakeFiles/CMakeTmp/CMAKE_TRY_COMPILE.build/Release-iphoneos/cmTC_5e7d5.build/DerivedSources -Wmost -Wno-four-char-constants -Wno-unknown-pragmas -F/Users/ameerspincar/Documents/ios/build/build-arm64-iphoneos/CMakeFiles/CMakeTmp/Release -fembed-bitcode -stdlib=libc++ -fvisibility=hidden -fvisibility-inlines-hidden -Wno-unused-function -Wno-overloaded-virtual -stdlib=libc++ -fvisibility=hidden -fvisibility-inlines-hidden -Wno-unused-function -Wno-overloaded-virtual -stdlib=libc++ -fvisibility=hidden -fvisibility-inlines-hidden -Wno-unused-function -Wno-overloaded-virtual -DNDEBUG -ffast-math -fomit-frame-pointer -fPIE -std=c++11 -fsigned-char -W -Wall -Werror=return-type -Werror=non-virtual-dtor -Werror=address -Werror=sequence-point -Wformat -Werror=format-security -Wmissing-declarations -Wmissing-prototypes -Wstrict-prototypes -Wundef -Winit-self -Wpointer-arith -Wshadow -Wsign-promo -Wuninitialized -Winit-self -Wno-narrowing -Wno-delete-non-virtual-dtor -Wno-unnamed-type-template-args -Wno-comment -Wno-implicit-fallthrough -fdiagnostics-show-option -Qunused-arguments -Wno-semicolon-before-method-body -mfp16-format=ieee -MMD -MT dependencies -MF /Users/ameerspincar/Documents/ios/build/build-arm64-iphoneos/CMakeFiles/CMakeTmp/CMAKE_TRY_COMPILE.build/Release-iphoneos/cmTC_5e7d5.build/Objects-normal/arm64/src.d --serialize-diagnostics /Users/ameerspincar/Documents/ios/build/build-arm64-iphoneos/CMakeFiles/CMakeTmp/CMAKE_TRY_COMPILE.build/Release-iphoneos/cmTC_5e7d5.build/Objects-normal/arm64/src.dia -c /Users/ameerspincar/Documents/ios/build/build-arm64-iphoneos/CMakeFiles/CMakeTmp/src.cxx -o /Users/ameerspincar/Documents/ios/build/build-arm64-iphoneos/CMakeFiles/CMakeTmp/CMAKE_TRY_COMPILE.build/Release-iphoneos/cmTC_5e7d5.build/Objects-normal/arm64/src.o
clang: error: unknown argument: '-mfp16-format=ieee'

** BUILD FAILED **


The following build commands failed:
	CompileC CMAKE_TRY_COMPILE.build/Release-iphoneos/cmTC_5e7d5.build/Objects-normal/arm64/src.o src.cxx normal arm64 c++ com.apple.compilers.llvm.clang.1_0.compiler
(1 failure)

===== END =====

Compilation failed:
    source file: '/Users/ameerspincar/Documents/ios/build/build-arm64-iphoneos/CMakeFiles/CMakeTmp/src.c'
    check option: ' -fsigned-char -W -Wall -Werror=return-type -Werror=non-virtual-dtor -Werror=address -Werror=sequence-point -Wformat -Werror=format-security -Wmissing-declarations -Wmissing-prototypes -Wstrict-prototypes -Wundef -Winit-self -Wpointer-arith -Wshadow -Wsign-promo -Wuninitialized -Winit-self -Wno-narrowing -Wno-delete-non-virtual-dtor -Wno-unnamed-type-template-args -Wno-comment -Wno-implicit-fallthrough -fdiagnostics-show-option -Qunused-arguments -Wno-semicolon-before-method-body     -mfp16-format=ieee'
===== BUILD LOG =====
Change Dir: /Users/ameerspincar/Documents/ios/build/build-arm64-iphoneos/CMakeFiles/CMakeTmp

Run Build Command:"/Users/ameerspincar/Documents/ios/build/build-arm64-iphoneos/xcodebuild_wrapper" "-project" "CMAKE_TRY_COMPILE.xcodeproj" "build" "-target" "cmTC_863b6" "-configuration" "Release"
Build settings from command line:
    ARCHS = arm64
    IPHONEOS_DEPLOYMENT_TARGET = 6.0
    SDKROOT = iphoneos11.3

=== BUILD TARGET cmTC_863b6 OF PROJECT CMAKE_TRY_COMPILE WITH CONFIGURATION Release ===

Check dependencies
Code Signing Warning: "cmTC_863b6" isn't code signed but requires entitlements. It is not possible to add entitlements to a binary without signing it.

Write auxiliary files
/bin/mkdir -p /Users/ameerspincar/Documents/ios/build/build-arm64-iphoneos/CMakeFiles/CMakeTmp/CMAKE_TRY_COMPILE.build/Release-iphoneos/cmTC_863b6.build/Objects-normal/arm64
write-file /Users/ameerspincar/Documents/ios/build/build-arm64-iphoneos/CMakeFiles/CMakeTmp/CMAKE_TRY_COMPILE.build/Release-iphoneos/cmTC_863b6.build/Objects-normal/arm64/cmTC_863b6.LinkFileList

Create product structure
/bin/mkdir -p /Users/ameerspincar/Documents/ios/build/build-arm64-iphoneos/CMakeFiles/CMakeTmp/Release/cmTC_863b6.app

ProcessInfoPlistFile Release/cmTC_863b6.app/Info.plist CMakeFiles/cmTC_863b6.dir/Info.plist
    cd /Users/ameerspincar/Documents/ios/build/build-arm64-iphoneos/CMakeFiles/CMakeTmp
    export PATH="/Applications/Xcode.app/Contents/Developer/Platforms/iPhoneOS.platform/Developer/usr/bin:/Applications/Xcode.app/Contents/Developer/usr/bin:/usr/local/bin:/usr/bin:/bin:/usr/sbin:/sbin"
    builtin-infoPlistUtility /Users/ameerspincar/Documents/ios/build/build-arm64-iphoneos/CMakeFiles/CMakeTmp/CMakeFiles/cmTC_863b6.dir/Info.plist -genpkginfo /Users/ameerspincar/Documents/ios/build/build-arm64-iphoneos/CMakeFiles/CMakeTmp/Release/cmTC_863b6.app/PkgInfo -expandbuildsettings -format binary -platform iphoneos -o /Users/ameerspincar/Documents/ios/build/build-arm64-iphoneos/CMakeFiles/CMakeTmp/Release/cmTC_863b6.app/Info.plist

CompileC CMAKE_TRY_COMPILE.build/Release-iphoneos/cmTC_863b6.build/Objects-normal/arm64/src.o src.c normal arm64 c com.apple.compilers.llvm.clang.1_0.compiler
    cd /Users/ameerspincar/Documents/ios/build/build-arm64-iphoneos/CMakeFiles/CMakeTmp
    export LANG=en_US.US-ASCII
    export PATH="/Applications/Xcode.app/Contents/Developer/Platforms/iPhoneOS.platform/Developer/usr/bin:/Applications/Xcode.app/Contents/Developer/usr/bin:/usr/local/bin:/usr/bin:/bin:/usr/sbin:/sbin"
    /Applications/Xcode.app/Contents/Developer/Toolchains/XcodeDefault.xctoolchain/usr/bin/clang -x c -arch arm64 -fmessage-length=0 -fdiagnostics-show-note-include-stack -fmacro-backtrace-limit=0 -Wno-trigraphs -fpascal-strings -O3 -Wno-missing-field-initializers -Wno-missing-prototypes -Wno-return-type -Wno-missing-braces -Wparentheses -Wswitch -Wno-unused-function -Wno-unused-label -Wno-unused-parameter -Wno-unused-variable -Wunused-value -Wno-empty-body -Wno-uninitialized -Wno-unknown-pragmas -Wno-shadow -Wno-four-char-constants -Wno-conversion -Wno-constant-conversion -Wno-int-conversion -Wno-bool-conversion -Wno-enum-conversion -Wno-float-conversion -Wno-non-literal-null-conversion -Wno-objc-literal-conversion -Wshorten-64-to-32 -Wpointer-sign -Wno-newline-eof -DCMAKE_INTDIR=\"Release-iphoneos\" -isysroot /Applications/Xcode.app/Contents/Developer/Platforms/iPhoneOS.platform/Developer/SDKs/iPhoneOS11.3.sdk -fstrict-aliasing -Wdeprecated-declarations -miphoneos-version-min=6.0 -Wno-sign-conversion -Wno-infinite-recursion -Wno-comma -Wno-block-capture-autoreleasing -Wno-strict-prototypes -fembed-bitcode-marker -I/Users/ameerspincar/Documents/ios/build/build-arm64-iphoneos/CMakeFiles/CMakeTmp/Release/include -I/Users/ameerspincar/Documents/ios/build/build-arm64-iphoneos/CMakeFiles/CMakeTmp/CMAKE_TRY_COMPILE.build/Release-iphoneos/cmTC_863b6.build/DerivedSources/arm64 -I/Users/ameerspincar/Documents/ios/build/build-arm64-iphoneos/CMakeFiles/CMakeTmp/CMAKE_TRY_COMPILE.build/Release-iphoneos/cmTC_863b6.build/DerivedSources -Wmost -Wno-four-char-constants -Wno-unknown-pragmas -F/Users/ameerspincar/Documents/ios/build/build-arm64-iphoneos/CMakeFiles/CMakeTmp/Release -fembed-bitcode -Wno-unused-function -Wno-overloaded-virtual -Wno-unused-function -Wno-overloaded-virtual -Wno-unused-function -Wno-overloaded-virtual -DNDEBUG -fPIE -fsigned-char -W -Wall -Werror=return-type -Werror=non-virtual-dtor -Werror=address -Werror=sequence-point -Wformat -Werror=format-security -Wmissing-declarations -Wmissing-prototypes -Wstrict-prototypes -Wundef -Winit-self -Wpointer-arith -Wshadow -Wsign-promo -Wuninitialized -Winit-self -Wno-narrowing -Wno-delete-non-virtual-dtor -Wno-unnamed-type-template-args -Wno-comment -Wno-implicit-fallthrough -fdiagnostics-show-option -Qunused-arguments -Wno-semicolon-before-method-body -mfp16-format=ieee -MMD -MT dependencies -MF /Users/ameerspincar/Documents/ios/build/build-arm64-iphoneos/CMakeFiles/CMakeTmp/CMAKE_TRY_COMPILE.build/Release-iphoneos/cmTC_863b6.build/Objects-normal/arm64/src.d --serialize-diagnostics /Users/ameerspincar/Documents/ios/build/build-arm64-iphoneos/CMakeFiles/CMakeTmp/CMAKE_TRY_COMPILE.build/Release-iphoneos/cmTC_863b6.build/Objects-normal/arm64/src.dia -c /Users/ameerspincar/Documents/ios/build/build-arm64-iphoneos/CMakeFiles/CMakeTmp/src.c -o /Users/ameerspincar/Documents/ios/build/build-arm64-iphoneos/CMakeFiles/CMakeTmp/CMAKE_TRY_COMPILE.build/Release-iphoneos/cmTC_863b6.build/Objects-normal/arm64/src.o
clang: error: unknown argument: '-mfp16-format=ieee'

** BUILD FAILED **


The following build commands failed:
	CompileC CMAKE_TRY_COMPILE.build/Release-iphoneos/cmTC_863b6.build/Objects-normal/arm64/src.o src.c normal arm64 c com.apple.compilers.llvm.clang.1_0.compiler
(1 failure)

===== END =====

Determining if the include file malloc.h exists failed with the following output:
Change Dir: /Users/ameerspincar/Documents/ios/build/build-arm64-iphoneos/CMakeFiles/CMakeTmp

Run Build Command:"/Users/ameerspincar/Documents/ios/build/build-arm64-iphoneos/xcodebuild_wrapper" "-project" "CMAKE_TRY_COMPILE.xcodeproj" "build" "-target" "cmTC_ce6d3" "-configuration" "Release"
Build settings from command line:
    ARCHS = arm64
    IPHONEOS_DEPLOYMENT_TARGET = 6.0
    SDKROOT = iphoneos11.3

=== BUILD TARGET cmTC_ce6d3 OF PROJECT CMAKE_TRY_COMPILE WITH CONFIGURATION Release ===

Check dependencies
Code Signing Warning: "cmTC_ce6d3" isn't code signed but requires entitlements. It is not possible to add entitlements to a binary without signing it.

Write auxiliary files
/bin/mkdir -p /Users/ameerspincar/Documents/ios/build/build-arm64-iphoneos/CMakeFiles/CMakeTmp/CMAKE_TRY_COMPILE.build/Release-iphoneos/cmTC_ce6d3.build/Objects-normal/arm64
write-file /Users/ameerspincar/Documents/ios/build/build-arm64-iphoneos/CMakeFiles/CMakeTmp/CMAKE_TRY_COMPILE.build/Release-iphoneos/cmTC_ce6d3.build/Objects-normal/arm64/cmTC_ce6d3.LinkFileList

Create product structure
/bin/mkdir -p /Users/ameerspincar/Documents/ios/build/build-arm64-iphoneos/CMakeFiles/CMakeTmp/Release/cmTC_ce6d3.app

ProcessInfoPlistFile Release/cmTC_ce6d3.app/Info.plist CMakeFiles/cmTC_ce6d3.dir/Info.plist
    cd /Users/ameerspincar/Documents/ios/build/build-arm64-iphoneos/CMakeFiles/CMakeTmp
    export PATH="/Applications/Xcode.app/Contents/Developer/Platforms/iPhoneOS.platform/Developer/usr/bin:/Applications/Xcode.app/Contents/Developer/usr/bin:/usr/local/bin:/usr/bin:/bin:/usr/sbin:/sbin"
    builtin-infoPlistUtility /Users/ameerspincar/Documents/ios/build/build-arm64-iphoneos/CMakeFiles/CMakeTmp/CMakeFiles/cmTC_ce6d3.dir/Info.plist -genpkginfo /Users/ameerspincar/Documents/ios/build/build-arm64-iphoneos/CMakeFiles/CMakeTmp/Release/cmTC_ce6d3.app/PkgInfo -expandbuildsettings -format binary -platform iphoneos -o /Users/ameerspincar/Documents/ios/build/build-arm64-iphoneos/CMakeFiles/CMakeTmp/Release/cmTC_ce6d3.app/Info.plist

CompileC CMAKE_TRY_COMPILE.build/Release-iphoneos/cmTC_ce6d3.build/Objects-normal/arm64/CheckIncludeFile.o CheckIncludeFile.c normal arm64 c com.apple.compilers.llvm.clang.1_0.compiler
    cd /Users/ameerspincar/Documents/ios/build/build-arm64-iphoneos/CMakeFiles/CMakeTmp
    export LANG=en_US.US-ASCII
    export PATH="/Applications/Xcode.app/Contents/Developer/Platforms/iPhoneOS.platform/Developer/usr/bin:/Applications/Xcode.app/Contents/Developer/usr/bin:/usr/local/bin:/usr/bin:/bin:/usr/sbin:/sbin"
    /Applications/Xcode.app/Contents/Developer/Toolchains/XcodeDefault.xctoolchain/usr/bin/clang -x c -arch arm64 -fmessage-length=0 -fdiagnostics-show-note-include-stack -fmacro-backtrace-limit=0 -Wno-trigraphs -fpascal-strings -O3 -Wno-missing-field-initializers -Wno-missing-prototypes -Wno-return-type -Wno-missing-braces -Wparentheses -Wswitch -Wno-unused-function -Wno-unused-label -Wno-unused-parameter -Wno-unused-variable -Wunused-value -Wno-empty-body -Wno-uninitialized -Wno-unknown-pragmas -Wno-shadow -Wno-four-char-constants -Wno-conversion -Wno-constant-conversion -Wno-int-conversion -Wno-bool-conversion -Wno-enum-conversion -Wno-float-conversion -Wno-non-literal-null-conversion -Wno-objc-literal-conversion -Wshorten-64-to-32 -Wpointer-sign -Wno-newline-eof -DCMAKE_INTDIR=\"Release-iphoneos\" -isysroot /Applications/Xcode.app/Contents/Developer/Platforms/iPhoneOS.platform/Developer/SDKs/iPhoneOS11.3.sdk -fstrict-aliasing -Wdeprecated-declarations -miphoneos-version-min=6.0 -Wno-sign-conversion -Wno-infinite-recursion -Wno-comma -Wno-block-capture-autoreleasing -Wno-strict-prototypes -fembed-bitcode-marker -I/Users/ameerspincar/Documents/ios/build/build-arm64-iphoneos/CMakeFiles/CMakeTmp/Release/include -I/Users/ameerspincar/Documents/ios/build/build-arm64-iphoneos/CMakeFiles/CMakeTmp/CMAKE_TRY_COMPILE.build/Release-iphoneos/cmTC_ce6d3.build/DerivedSources/arm64 -I/Users/ameerspincar/Documents/ios/build/build-arm64-iphoneos/CMakeFiles/CMakeTmp/CMAKE_TRY_COMPILE.build/Release-iphoneos/cmTC_ce6d3.build/DerivedSources -Wmost -Wno-four-char-constants -Wno-unknown-pragmas -F/Users/ameerspincar/Documents/ios/build/build-arm64-iphoneos/CMakeFiles/CMakeTmp/Release -fembed-bitcode -Wno-unused-function -Wno-overloaded-virtual -Wno-unused-function -Wno-overloaded-virtual -Wno-unused-function -Wno-overloaded-virtual -fsigned-char -W -Wall -Werror=return-type -Werror=non-virtual-dtor -Werror=address -Werror=sequence-point -Wformat -Werror=format-security -Wmissing-declarations -Wmissing-prototypes -Wstrict-prototypes -Wundef -Winit-self -Wpointer-arith -Wshadow -Wsign-promo -Wuninitialized -Winit-self -Wno-narrowing -Wno-delete-non-virtual-dtor -Wno-unnamed-type-template-args -Wno-comment -Wno-implicit-fallthrough -fdiagnostics-show-option -Qunused-arguments -Wno-semicolon-before-method-body -DNDEBUG -fPIE -MMD -MT dependencies -MF /Users/ameerspincar/Documents/ios/build/build-arm64-iphoneos/CMakeFiles/CMakeTmp/CMAKE_TRY_COMPILE.build/Release-iphoneos/cmTC_ce6d3.build/Objects-normal/arm64/CheckIncludeFile.d --serialize-diagnostics /Users/ameerspincar/Documents/ios/build/build-arm64-iphoneos/CMakeFiles/CMakeTmp/CMAKE_TRY_COMPILE.build/Release-iphoneos/cmTC_ce6d3.build/Objects-normal/arm64/CheckIncludeFile.dia -c /Users/ameerspincar/Documents/ios/build/build-arm64-iphoneos/CMakeFiles/CMakeTmp/CheckIncludeFile.c -o /Users/ameerspincar/Documents/ios/build/build-arm64-iphoneos/CMakeFiles/CMakeTmp/CMAKE_TRY_COMPILE.build/Release-iphoneos/cmTC_ce6d3.build/Objects-normal/arm64/CheckIncludeFile.o
/Users/ameerspincar/Documents/ios/build/build-arm64-iphoneos/CMakeFiles/CMakeTmp/CheckIncludeFile.c:1:10: fatal error: 'malloc.h' file not found
#include <malloc.h>
         ^~~~~~~~~~
1 error generated.

** BUILD FAILED **


The following build commands failed:
	CompileC CMAKE_TRY_COMPILE.build/Release-iphoneos/cmTC_ce6d3.build/Objects-normal/arm64/CheckIncludeFile.o CheckIncludeFile.c normal arm64 c com.apple.compilers.llvm.clang.1_0.compiler
(1 failure)


Determining size of off64_t failed with the following output:
Change Dir: /Users/ameerspincar/Documents/ios/build/build-arm64-iphoneos/CMakeFiles/CMakeTmp

Run Build Command:"/Users/ameerspincar/Documents/ios/build/build-arm64-iphoneos/xcodebuild_wrapper" "-project" "CMAKE_TRY_COMPILE.xcodeproj" "build" "-target" "cmTC_a3fdb" "-configuration" "Release"
Build settings from command line:
    ARCHS = arm64
    IPHONEOS_DEPLOYMENT_TARGET = 6.0
    SDKROOT = iphoneos11.3

=== BUILD TARGET cmTC_a3fdb OF PROJECT CMAKE_TRY_COMPILE WITH CONFIGURATION Release ===

Check dependencies
Code Signing Warning: "cmTC_a3fdb" isn't code signed but requires entitlements. It is not possible to add entitlements to a binary without signing it.

Write auxiliary files
/bin/mkdir -p /Users/ameerspincar/Documents/ios/build/build-arm64-iphoneos/CMakeFiles/CMakeTmp/CMAKE_TRY_COMPILE.build/Release-iphoneos/cmTC_a3fdb.build/Objects-normal/arm64
write-file /Users/ameerspincar/Documents/ios/build/build-arm64-iphoneos/CMakeFiles/CMakeTmp/CMAKE_TRY_COMPILE.build/Release-iphoneos/cmTC_a3fdb.build/Objects-normal/arm64/cmTC_a3fdb.LinkFileList

Create product structure
/bin/mkdir -p /Users/ameerspincar/Documents/ios/build/build-arm64-iphoneos/CMakeFiles/CMakeTmp/Release/cmTC_a3fdb.app

ProcessInfoPlistFile Release/cmTC_a3fdb.app/Info.plist CMakeFiles/cmTC_a3fdb.dir/Info.plist
    cd /Users/ameerspincar/Documents/ios/build/build-arm64-iphoneos/CMakeFiles/CMakeTmp
    export PATH="/Applications/Xcode.app/Contents/Developer/Platforms/iPhoneOS.platform/Developer/usr/bin:/Applications/Xcode.app/Contents/Developer/usr/bin:/usr/local/bin:/usr/bin:/bin:/usr/sbin:/sbin"
    builtin-infoPlistUtility /Users/ameerspincar/Documents/ios/build/build-arm64-iphoneos/CMakeFiles/CMakeTmp/CMakeFiles/cmTC_a3fdb.dir/Info.plist -genpkginfo /Users/ameerspincar/Documents/ios/build/build-arm64-iphoneos/CMakeFiles/CMakeTmp/Release/cmTC_a3fdb.app/PkgInfo -expandbuildsettings -format binary -platform iphoneos -o /Users/ameerspincar/Documents/ios/build/build-arm64-iphoneos/CMakeFiles/CMakeTmp/Release/cmTC_a3fdb.app/Info.plist

CompileC CMAKE_TRY_COMPILE.build/Release-iphoneos/cmTC_a3fdb.build/Objects-normal/arm64/OFF64_T.o /Users/ameerspincar/Documents/ios/build/build-arm64-iphoneos/CMakeFiles/CheckTypeSize/OFF64_T.c normal arm64 c com.apple.compilers.llvm.clang.1_0.compiler
    cd /Users/ameerspincar/Documents/ios/build/build-arm64-iphoneos/CMakeFiles/CMakeTmp
    export LANG=en_US.US-ASCII
    export PATH="/Applications/Xcode.app/Contents/Developer/Platforms/iPhoneOS.platform/Developer/usr/bin:/Applications/Xcode.app/Contents/Developer/usr/bin:/usr/local/bin:/usr/bin:/bin:/usr/sbin:/sbin"
    /Applications/Xcode.app/Contents/Developer/Toolchains/XcodeDefault.xctoolchain/usr/bin/clang -x c -arch arm64 -fmessage-length=0 -fdiagnostics-show-note-include-stack -fmacro-backtrace-limit=0 -Wno-trigraphs -fpascal-strings -O3 -Wno-missing-field-initializers -Wno-missing-prototypes -Wno-return-type -Wno-missing-braces -Wparentheses -Wswitch -Wno-unused-function -Wno-unused-label -Wno-unused-parameter -Wno-unused-variable -Wunused-value -Wno-empty-body -Wno-uninitialized -Wno-unknown-pragmas -Wno-shadow -Wno-four-char-constants -Wno-conversion -Wno-constant-conversion -Wno-int-conversion -Wno-bool-conversion -Wno-enum-conversion -Wno-float-conversion -Wno-non-literal-null-conversion -Wno-objc-literal-conversion -Wshorten-64-to-32 -Wpointer-sign -Wno-newline-eof -DCMAKE_INTDIR=\"Release-iphoneos\" -isysroot /Applications/Xcode.app/Contents/Developer/Platforms/iPhoneOS.platform/Developer/SDKs/iPhoneOS11.3.sdk -fstrict-aliasing -Wdeprecated-declarations -miphoneos-version-min=6.0 -Wno-sign-conversion -Wno-infinite-recursion -Wno-comma -Wno-block-capture-autoreleasing -Wno-strict-prototypes -fembed-bitcode-marker -I/Users/ameerspincar/Documents/ios/build/build-arm64-iphoneos/CMakeFiles/CMakeTmp/Release/include -I/Users/ameerspincar/Documents/ios/build/build-arm64-iphoneos/CMakeFiles/CMakeTmp/CMAKE_TRY_COMPILE.build/Release-iphoneos/cmTC_a3fdb.build/DerivedSources/arm64 -I/Users/ameerspincar/Documents/ios/build/build-arm64-iphoneos/CMakeFiles/CMakeTmp/CMAKE_TRY_COMPILE.build/Release-iphoneos/cmTC_a3fdb.build/DerivedSources -Wmost -Wno-four-char-constants -Wno-unknown-pragmas -F/Users/ameerspincar/Documents/ios/build/build-arm64-iphoneos/CMakeFiles/CMakeTmp/Release -fembed-bitcode -Wno-unused-function -Wno-overloaded-virtual -Wno-unused-function -Wno-overloaded-virtual -Wno-unused-function -Wno-overloaded-virtual -fsigned-char -W -Wall -Werror=return-type -Werror=non-virtual-dtor -Werror=address -Werror=sequence-point -Wformat -Werror=format-security -Wmissing-declarations -Wmissing-prototypes -Wstrict-prototypes -Wundef -Winit-self -Wpointer-arith -Wshadow -Wsign-promo -Wuninitialized -Winit-self -Wno-narrowing -Wno-delete-non-virtual-dtor -Wno-unnamed-type-template-args -Wno-comment -Wno-implicit-fallthrough -fdiagnostics-show-option -Qunused-arguments -Wno-semicolon-before-method-body -DNDEBUG -fPIE -MMD -MT dependencies -MF /Users/ameerspincar/Documents/ios/build/build-arm64-iphoneos/CMakeFiles/CMakeTmp/CMAKE_TRY_COMPILE.build/Release-iphoneos/cmTC_a3fdb.build/Objects-normal/arm64/OFF64_T.d --serialize-diagnostics /Users/ameerspincar/Documents/ios/build/build-arm64-iphoneos/CMakeFiles/CMakeTmp/CMAKE_TRY_COMPILE.build/Release-iphoneos/cmTC_a3fdb.build/Objects-normal/arm64/OFF64_T.dia -c /Users/ameerspincar/Documents/ios/build/build-arm64-iphoneos/CMakeFiles/CheckTypeSize/OFF64_T.c -o /Users/ameerspincar/Documents/ios/build/build-arm64-iphoneos/CMakeFiles/CMakeTmp/CMAKE_TRY_COMPILE.build/Release-iphoneos/cmTC_a3fdb.build/Objects-normal/arm64/OFF64_T.o
/Users/ameerspincar/Documents/ios/build/build-arm64-iphoneos/CMakeFiles/CheckTypeSize/OFF64_T.c:25:12: error: use of undeclared identifier 'off64_t'
  ('0' + ((SIZE / 10000)%10)),
           ^
/Users/ameerspincar/Documents/ios/build/build-arm64-iphoneos/CMakeFiles/CheckTypeSize/OFF64_T.c:23:22: note: expanded from macro 'SIZE'
#define SIZE (sizeof(off64_t))
                     ^
/Users/ameerspincar/Documents/ios/build/build-arm64-iphoneos/CMakeFiles/CheckTypeSize/OFF64_T.c:26:12: error: use of undeclared identifier 'off64_t'
  ('0' + ((SIZE / 1000)%10)),
           ^
/Users/ameerspincar/Documents/ios/build/build-arm64-iphoneos/CMakeFiles/CheckTypeSize/OFF64_T.c:23:22: note: expanded from macro 'SIZE'
#define SIZE (sizeof(off64_t))
                     ^
/Users/ameerspincar/Documents/ios/build/build-arm64-iphoneos/CMakeFiles/CheckTypeSize/OFF64_T.c:27:12: error: use of undeclared identifier 'off64_t'
  ('0' + ((SIZE / 100)%10)),
           ^
/Users/ameerspincar/Documents/ios/build/build-arm64-iphoneos/CMakeFiles/CheckTypeSize/OFF64_T.c:23:22: note: expanded from macro 'SIZE'
#define SIZE (sizeof(off64_t))
                     ^
/Users/ameerspincar/Documents/ios/build/build-arm64-iphoneos/CMakeFiles/CheckTypeSize/OFF64_T.c:28:12: error: use of undeclared identifier 'off64_t'
  ('0' + ((SIZE / 10)%10)),
           ^
/Users/ameerspincar/Documents/ios/build/build-arm64-iphoneos/CMakeFiles/CheckTypeSize/OFF64_T.c:23:22: note: expanded from macro 'SIZE'
#define SIZE (sizeof(off64_t))
                     ^
/Users/ameerspincar/Documents/ios/build/build-arm64-iphoneos/CMakeFiles/CheckTypeSize/OFF64_T.c:29:12: error: use of undeclared identifier 'off64_t'
  ('0' +  (SIZE    % 10)),
           ^
/Users/ameerspincar/Documents/ios/build/build-arm64-iphoneos/CMakeFiles/CheckTypeSize/OFF64_T.c:23:22: note: expanded from macro 'SIZE'
#define SIZE (sizeof(off64_t))
                     ^
5 errors generated.

** BUILD FAILED **


The following build commands failed:
	CompileC CMAKE_TRY_COMPILE.build/Release-iphoneos/cmTC_a3fdb.build/Objects-normal/arm64/OFF64_T.o /Users/ameerspincar/Documents/ios/build/build-arm64-iphoneos/CMakeFiles/CheckTypeSize/OFF64_T.c normal arm64 c com.apple.compilers.llvm.clang.1_0.compiler
(1 failure)

/Users/ameerspincar/Documents/ios/build/build-arm64-iphoneos/CMakeFiles/CheckTypeSize/OFF64_T.c:
#include <sys/types.h>
#include <stdint.h>
#include <stddef.h>


#undef KEY
#if defined(__i386)
# define KEY '_','_','i','3','8','6'
#elif defined(__x86_64)
# define KEY '_','_','x','8','6','_','6','4'
#elif defined(__ppc__)
# define KEY '_','_','p','p','c','_','_'
#elif defined(__ppc64__)
# define KEY '_','_','p','p','c','6','4','_','_'
#elif defined(__aarch64__)
# define KEY '_','_','a','a','r','c','h','6','4','_','_'
#elif defined(__ARM_ARCH_7A__)
# define KEY '_','_','A','R','M','_','A','R','C','H','_','7','A','_','_'
#elif defined(__ARM_ARCH_7S__)
# define KEY '_','_','A','R','M','_','A','R','C','H','_','7','S','_','_'
#endif

#define SIZE (sizeof(off64_t))
char info_size[] =  {'I', 'N', 'F', 'O', ':', 's','i','z','e','[',
  ('0' + ((SIZE / 10000)%10)),
  ('0' + ((SIZE / 1000)%10)),
  ('0' + ((SIZE / 100)%10)),
  ('0' + ((SIZE / 10)%10)),
  ('0' +  (SIZE    % 10)),
  ']',
#ifdef KEY
  ' ','k','e','y','[', KEY, ']',
#endif
  '\0'};

#ifdef __CLASSIC_C__
int main(argc, argv) int argc; char *argv[];
#else
int main(int argc, char *argv[])
#endif
{
  int require = 0;
  require += info_size[argc];
  (void)argv;
  return require;
}


Build output check failed:
    Regex: 'unknown .*option'
    Output line: 'warning: unknown warning option '-Wno-maybe-uninitialized', did you mean '-Wno-uninitialized'? [-Wunknown-warning-option]'
Compilation failed:
    source file: '/Users/ameerspincar/Documents/ios/build/build-arm64-iphoneos/CMakeFiles/CMakeTmp/src.c'
    check option: ' -Wno-maybe-uninitialized'
===== BUILD LOG =====
Change Dir: /Users/ameerspincar/Documents/ios/build/build-arm64-iphoneos/CMakeFiles/CMakeTmp

Run Build Command:"/Users/ameerspincar/Documents/ios/build/build-arm64-iphoneos/xcodebuild_wrapper" "-project" "CMAKE_TRY_COMPILE.xcodeproj" "build" "-target" "cmTC_97dea" "-configuration" "Release"
Build settings from command line:
    ARCHS = arm64
    IPHONEOS_DEPLOYMENT_TARGET = 6.0
    SDKROOT = iphoneos11.3

=== BUILD TARGET cmTC_97dea OF PROJECT CMAKE_TRY_COMPILE WITH CONFIGURATION Release ===

Check dependencies
Code Signing Warning: "cmTC_97dea" isn't code signed but requires entitlements. It is not possible to add entitlements to a binary without signing it.

Write auxiliary files
/bin/mkdir -p /Users/ameerspincar/Documents/ios/build/build-arm64-iphoneos/CMakeFiles/CMakeTmp/CMAKE_TRY_COMPILE.build/Release-iphoneos/cmTC_97dea.build/Objects-normal/arm64
write-file /Users/ameerspincar/Documents/ios/build/build-arm64-iphoneos/CMakeFiles/CMakeTmp/CMAKE_TRY_COMPILE.build/Release-iphoneos/cmTC_97dea.build/Objects-normal/arm64/cmTC_97dea.LinkFileList

Create product structure
/bin/mkdir -p /Users/ameerspincar/Documents/ios/build/build-arm64-iphoneos/CMakeFiles/CMakeTmp/Release/cmTC_97dea.app

ProcessInfoPlistFile Release/cmTC_97dea.app/Info.plist CMakeFiles/cmTC_97dea.dir/Info.plist
    cd /Users/ameerspincar/Documents/ios/build/build-arm64-iphoneos/CMakeFiles/CMakeTmp
    export PATH="/Applications/Xcode.app/Contents/Developer/Platforms/iPhoneOS.platform/Developer/usr/bin:/Applications/Xcode.app/Contents/Developer/usr/bin:/usr/local/bin:/usr/bin:/bin:/usr/sbin:/sbin"
    builtin-infoPlistUtility /Users/ameerspincar/Documents/ios/build/build-arm64-iphoneos/CMakeFiles/CMakeTmp/CMakeFiles/cmTC_97dea.dir/Info.plist -genpkginfo /Users/ameerspincar/Documents/ios/build/build-arm64-iphoneos/CMakeFiles/CMakeTmp/Release/cmTC_97dea.app/PkgInfo -expandbuildsettings -format binary -platform iphoneos -o /Users/ameerspincar/Documents/ios/build/build-arm64-iphoneos/CMakeFiles/CMakeTmp/Release/cmTC_97dea.app/Info.plist

CompileC CMAKE_TRY_COMPILE.build/Release-iphoneos/cmTC_97dea.build/Objects-normal/arm64/src.o src.c normal arm64 c com.apple.compilers.llvm.clang.1_0.compiler
    cd /Users/ameerspincar/Documents/ios/build/build-arm64-iphoneos/CMakeFiles/CMakeTmp
    export LANG=en_US.US-ASCII
    export PATH="/Applications/Xcode.app/Contents/Developer/Platforms/iPhoneOS.platform/Developer/usr/bin:/Applications/Xcode.app/Contents/Developer/usr/bin:/usr/local/bin:/usr/bin:/bin:/usr/sbin:/sbin"
    /Applications/Xcode.app/Contents/Developer/Toolchains/XcodeDefault.xctoolchain/usr/bin/clang -x c -arch arm64 -fmessage-length=0 -fdiagnostics-show-note-include-stack -fmacro-backtrace-limit=0 -Wno-trigraphs -fpascal-strings -O3 -Wno-missing-field-initializers -Wno-missing-prototypes -Wno-return-type -Wno-missing-braces -Wparentheses -Wswitch -Wno-unused-function -Wno-unused-label -Wno-unused-parameter -Wno-unused-variable -Wunused-value -Wno-empty-body -Wno-uninitialized -Wno-unknown-pragmas -Wno-shadow -Wno-four-char-constants -Wno-conversion -Wno-constant-conversion -Wno-int-conversion -Wno-bool-conversion -Wno-enum-conversion -Wno-float-conversion -Wno-non-literal-null-conversion -Wno-objc-literal-conversion -Wshorten-64-to-32 -Wpointer-sign -Wno-newline-eof -DCMAKE_INTDIR=\"Release-iphoneos\" -isysroot /Applications/Xcode.app/Contents/Developer/Platforms/iPhoneOS.platform/Developer/SDKs/iPhoneOS11.3.sdk -fstrict-aliasing -Wdeprecated-declarations -miphoneos-version-min=6.0 -Wno-sign-conversion -Wno-infinite-recursion -Wno-comma -Wno-block-capture-autoreleasing -Wno-strict-prototypes -fembed-bitcode-marker -I/Users/ameerspincar/Documents/ios/build/build-arm64-iphoneos/CMakeFiles/CMakeTmp/Release/include -I/Users/ameerspincar/Documents/ios/build/build-arm64-iphoneos/CMakeFiles/CMakeTmp/CMAKE_TRY_COMPILE.build/Release-iphoneos/cmTC_97dea.build/DerivedSources/arm64 -I/Users/ameerspincar/Documents/ios/build/build-arm64-iphoneos/CMakeFiles/CMakeTmp/CMAKE_TRY_COMPILE.build/Release-iphoneos/cmTC_97dea.build/DerivedSources -Wmost -Wno-four-char-constants -Wno-unknown-pragmas -F/Users/ameerspincar/Documents/ios/build/build-arm64-iphoneos/CMakeFiles/CMakeTmp/Release -fembed-bitcode -Wno-unused-function -Wno-overloaded-virtual -Wno-unused-function -Wno-overloaded-virtual -Wno-unused-function -Wno-overloaded-virtual -fsigned-char -W -Wall -Werror=return-type -Werror=non-virtual-dtor -Werror=address -Werror=sequence-point -Wformat -Werror=format-security -Wmissing-declarations -Wmissing-prototypes -Wstrict-prototypes -Wundef -Winit-self -Wpointer-arith -Wsign-promo -Wuninitialized -Winit-self -Wno-narrowing -Wno-delete-non-virtual-dtor -Wno-unnamed-type-template-args -Wno-comment -Wno-implicit-fallthrough -fdiagnostics-show-option -Qunused-arguments -Wno-semicolon-before-method-body -Wno-unused-variable -Wno-unused-function -Wno-shadow -DNDEBUG -fPIE -Wno-maybe-uninitialized -MMD -MT dependencies -MF /Users/ameerspincar/Documents/ios/build/build-arm64-iphoneos/CMakeFiles/CMakeTmp/CMAKE_TRY_COMPILE.build/Release-iphoneos/cmTC_97dea.build/Objects-normal/arm64/src.d --serialize-diagnostics /Users/ameerspincar/Documents/ios/build/build-arm64-iphoneos/CMakeFiles/CMakeTmp/CMAKE_TRY_COMPILE.build/Release-iphoneos/cmTC_97dea.build/Objects-normal/arm64/src.dia -c /Users/ameerspincar/Documents/ios/build/build-arm64-iphoneos/CMakeFiles/CMakeTmp/src.c -o /Users/ameerspincar/Documents/ios/build/build-arm64-iphoneos/CMakeFiles/CMakeTmp/CMAKE_TRY_COMPILE.build/Release-iphoneos/cmTC_97dea.build/Objects-normal/arm64/src.o
warning: unknown warning option '-Wno-maybe-uninitialized'; did you mean '-Wno-uninitialized'? [-Wunknown-warning-option]
/Users/ameerspincar/Documents/ios/build/build-arm64-iphoneos/CMakeFiles/CMakeTmp/src.c:1:8: warning: unknown pragma ignored [-Wunknown-pragmas]
#pragma
       ^
2 warnings generated.

Ld Release/cmTC_97dea.app/cmTC_97dea normal arm64
    cd /Users/ameerspincar/Documents/ios/build/build-arm64-iphoneos/CMakeFiles/CMakeTmp
    export IPHONEOS_DEPLOYMENT_TARGET=6.0
    export PATH="/Applications/Xcode.app/Contents/Developer/Platforms/iPhoneOS.platform/Developer/usr/bin:/Applications/Xcode.app/Contents/Developer/usr/bin:/usr/local/bin:/usr/bin:/bin:/usr/sbin:/sbin"
    /Applications/Xcode.app/Contents/Developer/Toolchains/XcodeDefault.xctoolchain/usr/bin/clang -arch arm64 -isysroot /Applications/Xcode.app/Contents/Developer/Platforms/iPhoneOS.platform/Developer/SDKs/iPhoneOS11.3.sdk -L/Users/ameerspincar/Documents/ios/build/build-arm64-iphoneos/CMakeFiles/CMakeTmp/Release -F/Users/ameerspincar/Documents/ios/build/build-arm64-iphoneos/CMakeFiles/CMakeTmp/Release -filelist /Users/ameerspincar/Documents/ios/build/build-arm64-iphoneos/CMakeFiles/CMakeTmp/CMAKE_TRY_COMPILE.build/Release-iphoneos/cmTC_97dea.build/Objects-normal/arm64/cmTC_97dea.LinkFileList -miphoneos-version-min=6.0 -dead_strip -fembed-bitcode-marker -Xlinker -dependency_info -Xlinker /Users/ameerspincar/Documents/ios/build/build-arm64-iphoneos/CMakeFiles/CMakeTmp/CMAKE_TRY_COMPILE.build/Release-iphoneos/cmTC_97dea.build/Objects-normal/arm64/cmTC_97dea_dependency_info.dat -o /Users/ameerspincar/Documents/ios/build/build-arm64-iphoneos/CMakeFiles/CMakeTmp/Release/cmTC_97dea.app/cmTC_97dea

Touch Release/cmTC_97dea.app
    cd /Users/ameerspincar/Documents/ios/build/build-arm64-iphoneos/CMakeFiles/CMakeTmp
    export PATH="/Applications/Xcode.app/Contents/Developer/Platforms/iPhoneOS.platform/Developer/usr/bin:/Applications/Xcode.app/Contents/Developer/usr/bin:/usr/local/bin:/usr/bin:/bin:/usr/sbin:/sbin"
    /usr/bin/touch -c /Users/ameerspincar/Documents/ios/build/build-arm64-iphoneos/CMakeFiles/CMakeTmp/Release/cmTC_97dea.app

Validate Release/cmTC_97dea.app
    cd /Users/ameerspincar/Documents/ios/build/build-arm64-iphoneos/CMakeFiles/CMakeTmp
    export PATH="/Applications/Xcode.app/Contents/Developer/Platforms/iPhoneOS.platform/Developer/usr/bin:/Applications/Xcode.app/Contents/Developer/usr/bin:/usr/local/bin:/usr/bin:/bin:/usr/sbin:/sbin"
    export PRODUCT_TYPE=com.apple.product-type.application
    builtin-validationUtility /Users/ameerspincar/Documents/ios/build/build-arm64-iphoneos/CMakeFiles/CMakeTmp/Release/cmTC_97dea.app

** BUILD SUCCEEDED **


===== END =====

Build output check failed:
    Regex: 'unknown .*option'
    Output line: 'warning: unknown warning option '-Wno-enum-compare-switch', did you mean '-Wno-enum-compare'? [-Wunknown-warning-option]'
Compilation failed:
    source file: '/Users/ameerspincar/Documents/ios/build/build-arm64-iphoneos/CMakeFiles/CMakeTmp/src.cxx'
    check option: ' -Wno-enum-compare-switch'
===== BUILD LOG =====
Change Dir: /Users/ameerspincar/Documents/ios/build/build-arm64-iphoneos/CMakeFiles/CMakeTmp

Run Build Command:"/Users/ameerspincar/Documents/ios/build/build-arm64-iphoneos/xcodebuild_wrapper" "-project" "CMAKE_TRY_COMPILE.xcodeproj" "build" "-target" "cmTC_8c1b8" "-configuration" "Release"
Build settings from command line:
    ARCHS = arm64
    IPHONEOS_DEPLOYMENT_TARGET = 6.0
    SDKROOT = iphoneos11.3

=== BUILD TARGET cmTC_8c1b8 OF PROJECT CMAKE_TRY_COMPILE WITH CONFIGURATION Release ===

Check dependencies
Code Signing Warning: "cmTC_8c1b8" isn't code signed but requires entitlements. It is not possible to add entitlements to a binary without signing it.

Write auxiliary files
/bin/mkdir -p /Users/ameerspincar/Documents/ios/build/build-arm64-iphoneos/CMakeFiles/CMakeTmp/CMAKE_TRY_COMPILE.build/Release-iphoneos/cmTC_8c1b8.build/Objects-normal/arm64
write-file /Users/ameerspincar/Documents/ios/build/build-arm64-iphoneos/CMakeFiles/CMakeTmp/CMAKE_TRY_COMPILE.build/Release-iphoneos/cmTC_8c1b8.build/Objects-normal/arm64/cmTC_8c1b8.LinkFileList

Create product structure
/bin/mkdir -p /Users/ameerspincar/Documents/ios/build/build-arm64-iphoneos/CMakeFiles/CMakeTmp/Release/cmTC_8c1b8.app

ProcessInfoPlistFile Release/cmTC_8c1b8.app/Info.plist CMakeFiles/cmTC_8c1b8.dir/Info.plist
    cd /Users/ameerspincar/Documents/ios/build/build-arm64-iphoneos/CMakeFiles/CMakeTmp
    export PATH="/Applications/Xcode.app/Contents/Developer/Platforms/iPhoneOS.platform/Developer/usr/bin:/Applications/Xcode.app/Contents/Developer/usr/bin:/usr/local/bin:/usr/bin:/bin:/usr/sbin:/sbin"
    builtin-infoPlistUtility /Users/ameerspincar/Documents/ios/build/build-arm64-iphoneos/CMakeFiles/CMakeTmp/CMakeFiles/cmTC_8c1b8.dir/Info.plist -genpkginfo /Users/ameerspincar/Documents/ios/build/build-arm64-iphoneos/CMakeFiles/CMakeTmp/Release/cmTC_8c1b8.app/PkgInfo -expandbuildsettings -format binary -platform iphoneos -o /Users/ameerspincar/Documents/ios/build/build-arm64-iphoneos/CMakeFiles/CMakeTmp/Release/cmTC_8c1b8.app/Info.plist

CompileC CMAKE_TRY_COMPILE.build/Release-iphoneos/cmTC_8c1b8.build/Objects-normal/arm64/src.o src.cxx normal arm64 c++ com.apple.compilers.llvm.clang.1_0.compiler
    cd /Users/ameerspincar/Documents/ios/build/build-arm64-iphoneos/CMakeFiles/CMakeTmp
    export LANG=en_US.US-ASCII
    export PATH="/Applications/Xcode.app/Contents/Developer/Platforms/iPhoneOS.platform/Developer/usr/bin:/Applications/Xcode.app/Contents/Developer/usr/bin:/usr/local/bin:/usr/bin:/bin:/usr/sbin:/sbin"
    /Applications/Xcode.app/Contents/Developer/Toolchains/XcodeDefault.xctoolchain/usr/bin/clang -x c++ -arch arm64 -fmessage-length=0 -fdiagnostics-show-note-include-stack -fmacro-backtrace-limit=0 -Wno-trigraphs -fpascal-strings -O3 -Wno-missing-field-initializers -Wno-missing-prototypes -Wno-return-type -Wno-non-virtual-dtor -Wno-overloaded-virtual -Wno-exit-time-destructors -Wno-missing-braces -Wparentheses -Wswitch -Wno-unused-function -Wno-unused-label -Wno-unused-parameter -Wno-unused-variable -Wunused-value -Wno-empty-body -Wno-uninitialized -Wno-unknown-pragmas -Wno-shadow -Wno-four-char-constants -Wno-conversion -Wno-constant-conversion -Wno-int-conversion -Wno-bool-conversion -Wno-enum-conversion -Wno-float-conversion -Wno-non-literal-null-conversion -Wno-objc-literal-conversion -Wshorten-64-to-32 -Wno-newline-eof -Wno-c++11-extensions -DCMAKE_INTDIR=\"Release-iphoneos\" -isysroot /Applications/Xcode.app/Contents/Developer/Platforms/iPhoneOS.platform/Developer/SDKs/iPhoneOS11.3.sdk -fstrict-aliasing -Wdeprecated-declarations -Winvalid-offsetof -miphoneos-version-min=6.0 -Wno-sign-conversion -Wno-infinite-recursion -Wno-move -Wno-comma -Wno-block-capture-autoreleasing -Wno-strict-prototypes -Wno-range-loop-analysis -fembed-bitcode-marker -I/Users/ameerspincar/Documents/ios/build/build-arm64-iphoneos/CMakeFiles/CMakeTmp/Release/include -I/Users/ameerspincar/Documents/ios/build/build-arm64-iphoneos/CMakeFiles/CMakeTmp/CMAKE_TRY_COMPILE.build/Release-iphoneos/cmTC_8c1b8.build/DerivedSources/arm64 -I/Users/ameerspincar/Documents/ios/build/build-arm64-iphoneos/CMakeFiles/CMakeTmp/CMAKE_TRY_COMPILE.build/Release-iphoneos/cmTC_8c1b8.build/DerivedSources -Wmost -Wno-four-char-constants -Wno-unknown-pragmas -F/Users/ameerspincar/Documents/ios/build/build-arm64-iphoneos/CMakeFiles/CMakeTmp/Release -fembed-bitcode -stdlib=libc++ -fvisibility=hidden -fvisibility-inlines-hidden -Wno-unused-function -Wno-overloaded-virtual -stdlib=libc++ -fvisibility=hidden -fvisibility-inlines-hidden -Wno-unused-function -Wno-overloaded-virtual -stdlib=libc++ -fvisibility=hidden -fvisibility-inlines-hidden -Wno-unused-function -Wno-overloaded-virtual -fsigned-char -W -Wall -Werror=return-type -Werror=non-virtual-dtor -Werror=address -Werror=sequence-point -Wformat -Werror=format-security -Wstrict-prototypes -Winit-self -Wpointer-arith -Wuninitialized -Winit-self -Wno-narrowing -Wno-delete-non-virtual-dtor -Wno-unnamed-type-template-args -Wno-comment -Wno-implicit-fallthrough -fdiagnostics-show-option -Qunused-arguments -Wno-semicolon-before-method-body -Wno-deprecated -Wno-missing-prototypes -Wno-missing-declarations -Wno-shadow -Wno-unused-parameter -Wno-unused-local-typedefs -Wno-sign-compare -Wno-sign-promo -Wno-undef -Wno-tautological-undefined-compare -Wno-ignored-qualifiers -Wno-extra -Wno-unused-function -Wno-unused-const-variable -Wno-shorten-64-to-32 -Wno-invalid-offsetof -DNDEBUG -ffast-math -fomit-frame-pointer -fPIE -std=c++11 -Wno-enum-compare-switch -MMD -MT dependencies -MF /Users/ameerspincar/Documents/ios/build/build-arm64-iphoneos/CMakeFiles/CMakeTmp/CMAKE_TRY_COMPILE.build/Release-iphoneos/cmTC_8c1b8.build/Objects-normal/arm64/src.d --serialize-diagnostics /Users/ameerspincar/Documents/ios/build/build-arm64-iphoneos/CMakeFiles/CMakeTmp/CMAKE_TRY_COMPILE.build/Release-iphoneos/cmTC_8c1b8.build/Objects-normal/arm64/src.dia -c /Users/ameerspincar/Documents/ios/build/build-arm64-iphoneos/CMakeFiles/CMakeTmp/src.cxx -o /Users/ameerspincar/Documents/ios/build/build-arm64-iphoneos/CMakeFiles/CMakeTmp/CMAKE_TRY_COMPILE.build/Release-iphoneos/cmTC_8c1b8.build/Objects-normal/arm64/src.o
warning: unknown warning option '-Wno-enum-compare-switch'; did you mean '-Wno-enum-compare'? [-Wunknown-warning-option]
/Users/ameerspincar/Documents/ios/build/build-arm64-iphoneos/CMakeFiles/CMakeTmp/src.cxx:1:8: warning: unknown pragma ignored [-Wunknown-pragmas]
#pragma
       ^
2 warnings generated.

Ld Release/cmTC_8c1b8.app/cmTC_8c1b8 normal arm64
    cd /Users/ameerspincar/Documents/ios/build/build-arm64-iphoneos/CMakeFiles/CMakeTmp
    export IPHONEOS_DEPLOYMENT_TARGET=6.0
    export PATH="/Applications/Xcode.app/Contents/Developer/Platforms/iPhoneOS.platform/Developer/usr/bin:/Applications/Xcode.app/Contents/Developer/usr/bin:/usr/local/bin:/usr/bin:/bin:/usr/sbin:/sbin"
    /Applications/Xcode.app/Contents/Developer/Toolchains/XcodeDefault.xctoolchain/usr/bin/clang++ -arch arm64 -isysroot /Applications/Xcode.app/Contents/Developer/Platforms/iPhoneOS.platform/Developer/SDKs/iPhoneOS11.3.sdk -L/Users/ameerspincar/Documents/ios/build/build-arm64-iphoneos/CMakeFiles/CMakeTmp/Release -F/Users/ameerspincar/Documents/ios/build/build-arm64-iphoneos/CMakeFiles/CMakeTmp/Release -filelist /Users/ameerspincar/Documents/ios/build/build-arm64-iphoneos/CMakeFiles/CMakeTmp/CMAKE_TRY_COMPILE.build/Release-iphoneos/cmTC_8c1b8.build/Objects-normal/arm64/cmTC_8c1b8.LinkFileList -miphoneos-version-min=6.0 -dead_strip -fembed-bitcode-marker -Xlinker -dependency_info -Xlinker /Users/ameerspincar/Documents/ios/build/build-arm64-iphoneos/CMakeFiles/CMakeTmp/CMAKE_TRY_COMPILE.build/Release-iphoneos/cmTC_8c1b8.build/Objects-normal/arm64/cmTC_8c1b8_dependency_info.dat -o /Users/ameerspincar/Documents/ios/build/build-arm64-iphoneos/CMakeFiles/CMakeTmp/Release/cmTC_8c1b8.app/cmTC_8c1b8
clang: warning: libstdc++ is deprecated; move to libc++ with a minimum deployment target of iOS 7 [-Wdeprecated]

Touch Release/cmTC_8c1b8.app
    cd /Users/ameerspincar/Documents/ios/build/build-arm64-iphoneos/CMakeFiles/CMakeTmp
    export PATH="/Applications/Xcode.app/Contents/Developer/Platforms/iPhoneOS.platform/Developer/usr/bin:/Applications/Xcode.app/Contents/Developer/usr/bin:/usr/local/bin:/usr/bin:/bin:/usr/sbin:/sbin"
    /usr/bin/touch -c /Users/ameerspincar/Documents/ios/build/build-arm64-iphoneos/CMakeFiles/CMakeTmp/Release/cmTC_8c1b8.app

Validate Release/cmTC_8c1b8.app
    cd /Users/ameerspincar/Documents/ios/build/build-arm64-iphoneos/CMakeFiles/CMakeTmp
    export PATH="/Applications/Xcode.app/Contents/Developer/Platforms/iPhoneOS.platform/Developer/usr/bin:/Applications/Xcode.app/Contents/Developer/usr/bin:/usr/local/bin:/usr/bin:/bin:/usr/sbin:/sbin"
    export PRODUCT_TYPE=com.apple.product-type.application
    builtin-validationUtility /Users/ameerspincar/Documents/ios/build/build-arm64-iphoneos/CMakeFiles/CMakeTmp/Release/cmTC_8c1b8.app

** BUILD SUCCEEDED **


===== END =====

Build output check failed:
    Regex: 'unknown .*option'
    Output line: 'warning: unknown warning option '-Wno-suggest-override', did you mean '-Wno-shift-overflow'? [-Wunknown-warning-option]'
Compilation failed:
    source file: '/Users/ameerspincar/Documents/ios/build/build-arm64-iphoneos/CMakeFiles/CMakeTmp/src.cxx'
    check option: ' -Wno-suggest-override'
===== BUILD LOG =====
Change Dir: /Users/ameerspincar/Documents/ios/build/build-arm64-iphoneos/CMakeFiles/CMakeTmp

Run Build Command:"/Users/ameerspincar/Documents/ios/build/build-arm64-iphoneos/xcodebuild_wrapper" "-project" "CMAKE_TRY_COMPILE.xcodeproj" "build" "-target" "cmTC_83271" "-configuration" "Release"
Build settings from command line:
    ARCHS = arm64
    IPHONEOS_DEPLOYMENT_TARGET = 6.0
    SDKROOT = iphoneos11.3

=== BUILD TARGET cmTC_83271 OF PROJECT CMAKE_TRY_COMPILE WITH CONFIGURATION Release ===

Check dependencies
Code Signing Warning: "cmTC_83271" isn't code signed but requires entitlements. It is not possible to add entitlements to a binary without signing it.

Write auxiliary files
/bin/mkdir -p /Users/ameerspincar/Documents/ios/build/build-arm64-iphoneos/CMakeFiles/CMakeTmp/CMAKE_TRY_COMPILE.build/Release-iphoneos/cmTC_83271.build/Objects-normal/arm64
write-file /Users/ameerspincar/Documents/ios/build/build-arm64-iphoneos/CMakeFiles/CMakeTmp/CMAKE_TRY_COMPILE.build/Release-iphoneos/cmTC_83271.build/Objects-normal/arm64/cmTC_83271.LinkFileList

Create product structure
/bin/mkdir -p /Users/ameerspincar/Documents/ios/build/build-arm64-iphoneos/CMakeFiles/CMakeTmp/Release/cmTC_83271.app

ProcessInfoPlistFile Release/cmTC_83271.app/Info.plist CMakeFiles/cmTC_83271.dir/Info.plist
    cd /Users/ameerspincar/Documents/ios/build/build-arm64-iphoneos/CMakeFiles/CMakeTmp
    export PATH="/Applications/Xcode.app/Contents/Developer/Platforms/iPhoneOS.platform/Developer/usr/bin:/Applications/Xcode.app/Contents/Developer/usr/bin:/usr/local/bin:/usr/bin:/bin:/usr/sbin:/sbin"
    builtin-infoPlistUtility /Users/ameerspincar/Documents/ios/build/build-arm64-iphoneos/CMakeFiles/CMakeTmp/CMakeFiles/cmTC_83271.dir/Info.plist -genpkginfo /Users/ameerspincar/Documents/ios/build/build-arm64-iphoneos/CMakeFiles/CMakeTmp/Release/cmTC_83271.app/PkgInfo -expandbuildsettings -format binary -platform iphoneos -o /Users/ameerspincar/Documents/ios/build/build-arm64-iphoneos/CMakeFiles/CMakeTmp/Release/cmTC_83271.app/Info.plist

CompileC CMAKE_TRY_COMPILE.build/Release-iphoneos/cmTC_83271.build/Objects-normal/arm64/src.o src.cxx normal arm64 c++ com.apple.compilers.llvm.clang.1_0.compiler
    cd /Users/ameerspincar/Documents/ios/build/build-arm64-iphoneos/CMakeFiles/CMakeTmp
    export LANG=en_US.US-ASCII
    export PATH="/Applications/Xcode.app/Contents/Developer/Platforms/iPhoneOS.platform/Developer/usr/bin:/Applications/Xcode.app/Contents/Developer/usr/bin:/usr/local/bin:/usr/bin:/bin:/usr/sbin:/sbin"
    /Applications/Xcode.app/Contents/Developer/Toolchains/XcodeDefault.xctoolchain/usr/bin/clang -x c++ -arch arm64 -fmessage-length=0 -fdiagnostics-show-note-include-stack -fmacro-backtrace-limit=0 -Wno-trigraphs -fpascal-strings -O3 -Wno-missing-field-initializers -Wno-missing-prototypes -Wno-return-type -Wno-non-virtual-dtor -Wno-overloaded-virtual -Wno-exit-time-destructors -Wno-missing-braces -Wparentheses -Wswitch -Wno-unused-function -Wno-unused-label -Wno-unused-parameter -Wno-unused-variable -Wunused-value -Wno-empty-body -Wno-uninitialized -Wno-unknown-pragmas -Wno-shadow -Wno-four-char-constants -Wno-conversion -Wno-constant-conversion -Wno-int-conversion -Wno-bool-conversion -Wno-enum-conversion -Wno-float-conversion -Wno-non-literal-null-conversion -Wno-objc-literal-conversion -Wshorten-64-to-32 -Wno-newline-eof -Wno-c++11-extensions -DCMAKE_INTDIR=\"Release-iphoneos\" -isysroot /Applications/Xcode.app/Contents/Developer/Platforms/iPhoneOS.platform/Developer/SDKs/iPhoneOS11.3.sdk -fstrict-aliasing -Wdeprecated-declarations -Winvalid-offsetof -miphoneos-version-min=6.0 -Wno-sign-conversion -Wno-infinite-recursion -Wno-move -Wno-comma -Wno-block-capture-autoreleasing -Wno-strict-prototypes -Wno-range-loop-analysis -fembed-bitcode-marker -I/Users/ameerspincar/Documents/ios/build/build-arm64-iphoneos/CMakeFiles/CMakeTmp/Release/include -I/Users/ameerspincar/Documents/ios/build/build-arm64-iphoneos/CMakeFiles/CMakeTmp/CMAKE_TRY_COMPILE.build/Release-iphoneos/cmTC_83271.build/DerivedSources/arm64 -I/Users/ameerspincar/Documents/ios/build/build-arm64-iphoneos/CMakeFiles/CMakeTmp/CMAKE_TRY_COMPILE.build/Release-iphoneos/cmTC_83271.build/DerivedSources -Wmost -Wno-four-char-constants -Wno-unknown-pragmas -F/Users/ameerspincar/Documents/ios/build/build-arm64-iphoneos/CMakeFiles/CMakeTmp/Release -fembed-bitcode -stdlib=libc++ -fvisibility=hidden -fvisibility-inlines-hidden -Wno-unused-function -Wno-overloaded-virtual -stdlib=libc++ -fvisibility=hidden -fvisibility-inlines-hidden -Wno-unused-function -Wno-overloaded-virtual -stdlib=libc++ -fvisibility=hidden -fvisibility-inlines-hidden -Wno-unused-function -Wno-overloaded-virtual -fsigned-char -W -Wall -Werror=return-type -Werror=non-virtual-dtor -Werror=address -Werror=sequence-point -Wformat -Werror=format-security -Wstrict-prototypes -Winit-self -Wpointer-arith -Wuninitialized -Winit-self -Wno-narrowing -Wno-delete-non-virtual-dtor -Wno-unnamed-type-template-args -Wno-comment -Wno-implicit-fallthrough -fdiagnostics-show-option -Qunused-arguments -Wno-semicolon-before-method-body -Wno-deprecated -Wno-missing-prototypes -Wno-missing-declarations -Wno-shadow -Wno-unused-parameter -Wno-unused-local-typedefs -Wno-sign-compare -Wno-sign-promo -Wno-undef -Wno-tautological-undefined-compare -Wno-ignored-qualifiers -Wno-extra -Wno-unused-function -Wno-unused-const-variable -Wno-shorten-64-to-32 -Wno-invalid-offsetof -DNDEBUG -ffast-math -fomit-frame-pointer -fPIE -std=c++11 -Wno-suggest-override -MMD -MT dependencies -MF /Users/ameerspincar/Documents/ios/build/build-arm64-iphoneos/CMakeFiles/CMakeTmp/CMAKE_TRY_COMPILE.build/Release-iphoneos/cmTC_83271.build/Objects-normal/arm64/src.d --serialize-diagnostics /Users/ameerspincar/Documents/ios/build/build-arm64-iphoneos/CMakeFiles/CMakeTmp/CMAKE_TRY_COMPILE.build/Release-iphoneos/cmTC_83271.build/Objects-normal/arm64/src.dia -c /Users/ameerspincar/Documents/ios/build/build-arm64-iphoneos/CMakeFiles/CMakeTmp/src.cxx -o /Users/ameerspincar/Documents/ios/build/build-arm64-iphoneos/CMakeFiles/CMakeTmp/CMAKE_TRY_COMPILE.build/Release-iphoneos/cmTC_83271.build/Objects-normal/arm64/src.o
warning: unknown warning option '-Wno-suggest-override'; did you mean '-Wno-shift-overflow'? [-Wunknown-warning-option]
/Users/ameerspincar/Documents/ios/build/build-arm64-iphoneos/CMakeFiles/CMakeTmp/src.cxx:1:8: warning: unknown pragma ignored [-Wunknown-pragmas]
#pragma
       ^
2 warnings generated.

Ld Release/cmTC_83271.app/cmTC_83271 normal arm64
    cd /Users/ameerspincar/Documents/ios/build/build-arm64-iphoneos/CMakeFiles/CMakeTmp
    export IPHONEOS_DEPLOYMENT_TARGET=6.0
    export PATH="/Applications/Xcode.app/Contents/Developer/Platforms/iPhoneOS.platform/Developer/usr/bin:/Applications/Xcode.app/Contents/Developer/usr/bin:/usr/local/bin:/usr/bin:/bin:/usr/sbin:/sbin"
    /Applications/Xcode.app/Contents/Developer/Toolchains/XcodeDefault.xctoolchain/usr/bin/clang++ -arch arm64 -isysroot /Applications/Xcode.app/Contents/Developer/Platforms/iPhoneOS.platform/Developer/SDKs/iPhoneOS11.3.sdk -L/Users/ameerspincar/Documents/ios/build/build-arm64-iphoneos/CMakeFiles/CMakeTmp/Release -F/Users/ameerspincar/Documents/ios/build/build-arm64-iphoneos/CMakeFiles/CMakeTmp/Release -filelist /Users/ameerspincar/Documents/ios/build/build-arm64-iphoneos/CMakeFiles/CMakeTmp/CMAKE_TRY_COMPILE.build/Release-iphoneos/cmTC_83271.build/Objects-normal/arm64/cmTC_83271.LinkFileList -miphoneos-version-min=6.0 -dead_strip -fembed-bitcode-marker -Xlinker -dependency_info -Xlinker /Users/ameerspincar/Documents/ios/build/build-arm64-iphoneos/CMakeFiles/CMakeTmp/CMAKE_TRY_COMPILE.build/Release-iphoneos/cmTC_83271.build/Objects-normal/arm64/cmTC_83271_dependency_info.dat -o /Users/ameerspincar/Documents/ios/build/build-arm64-iphoneos/CMakeFiles/CMakeTmp/Release/cmTC_83271.app/cmTC_83271
clang: warning: libstdc++ is deprecated; move to libc++ with a minimum deployment target of iOS 7 [-Wdeprecated]

Touch Release/cmTC_83271.app
    cd /Users/ameerspincar/Documents/ios/build/build-arm64-iphoneos/CMakeFiles/CMakeTmp
    export PATH="/Applications/Xcode.app/Contents/Developer/Platforms/iPhoneOS.platform/Developer/usr/bin:/Applications/Xcode.app/Contents/Developer/usr/bin:/usr/local/bin:/usr/bin:/bin:/usr/sbin:/sbin"
    /usr/bin/touch -c /Users/ameerspincar/Documents/ios/build/build-arm64-iphoneos/CMakeFiles/CMakeTmp/Release/cmTC_83271.app

Validate Release/cmTC_83271.app
    cd /Users/ameerspincar/Documents/ios/build/build-arm64-iphoneos/CMakeFiles/CMakeTmp
    export PATH="/Applications/Xcode.app/Contents/Developer/Platforms/iPhoneOS.platform/Developer/usr/bin:/Applications/Xcode.app/Contents/Developer/usr/bin:/usr/local/bin:/usr/bin:/bin:/usr/sbin:/sbin"
    export PRODUCT_TYPE=com.apple.product-type.application
    builtin-validationUtility /Users/ameerspincar/Documents/ios/build/build-arm64-iphoneos/CMakeFiles/CMakeTmp/Release/cmTC_83271.app

** BUILD SUCCEEDED **


===== END =====

Build output check failed:
    Regex: 'unknown .*option'
    Output line: 'warning: unknown warning option '-Wno-maybe-uninitialized', did you mean '-Wno-uninitialized'? [-Wunknown-warning-option]'
Compilation failed:
    source file: '/Users/ameerspincar/Documents/ios/build/build-arm64-iphoneos/CMakeFiles/CMakeTmp/src.cxx'
    check option: ' -Wno-maybe-uninitialized'
===== BUILD LOG =====
Change Dir: /Users/ameerspincar/Documents/ios/build/build-arm64-iphoneos/CMakeFiles/CMakeTmp

Run Build Command:"/Users/ameerspincar/Documents/ios/build/build-arm64-iphoneos/xcodebuild_wrapper" "-project" "CMAKE_TRY_COMPILE.xcodeproj" "build" "-target" "cmTC_259a7" "-configuration" "Release"
Build settings from command line:
    ARCHS = arm64
    IPHONEOS_DEPLOYMENT_TARGET = 6.0
    SDKROOT = iphoneos11.3

=== BUILD TARGET cmTC_259a7 OF PROJECT CMAKE_TRY_COMPILE WITH CONFIGURATION Release ===

Check dependencies
Code Signing Warning: "cmTC_259a7" isn't code signed but requires entitlements. It is not possible to add entitlements to a binary without signing it.

Write auxiliary files
/bin/mkdir -p /Users/ameerspincar/Documents/ios/build/build-arm64-iphoneos/CMakeFiles/CMakeTmp/CMAKE_TRY_COMPILE.build/Release-iphoneos/cmTC_259a7.build/Objects-normal/arm64
write-file /Users/ameerspincar/Documents/ios/build/build-arm64-iphoneos/CMakeFiles/CMakeTmp/CMAKE_TRY_COMPILE.build/Release-iphoneos/cmTC_259a7.build/Objects-normal/arm64/cmTC_259a7.LinkFileList

Create product structure
/bin/mkdir -p /Users/ameerspincar/Documents/ios/build/build-arm64-iphoneos/CMakeFiles/CMakeTmp/Release/cmTC_259a7.app

ProcessInfoPlistFile Release/cmTC_259a7.app/Info.plist CMakeFiles/cmTC_259a7.dir/Info.plist
    cd /Users/ameerspincar/Documents/ios/build/build-arm64-iphoneos/CMakeFiles/CMakeTmp
    export PATH="/Applications/Xcode.app/Contents/Developer/Platforms/iPhoneOS.platform/Developer/usr/bin:/Applications/Xcode.app/Contents/Developer/usr/bin:/usr/local/bin:/usr/bin:/bin:/usr/sbin:/sbin"
    builtin-infoPlistUtility /Users/ameerspincar/Documents/ios/build/build-arm64-iphoneos/CMakeFiles/CMakeTmp/CMakeFiles/cmTC_259a7.dir/Info.plist -genpkginfo /Users/ameerspincar/Documents/ios/build/build-arm64-iphoneos/CMakeFiles/CMakeTmp/Release/cmTC_259a7.app/PkgInfo -expandbuildsettings -format binary -platform iphoneos -o /Users/ameerspincar/Documents/ios/build/build-arm64-iphoneos/CMakeFiles/CMakeTmp/Release/cmTC_259a7.app/Info.plist

CompileC CMAKE_TRY_COMPILE.build/Release-iphoneos/cmTC_259a7.build/Objects-normal/arm64/src.o src.cxx normal arm64 c++ com.apple.compilers.llvm.clang.1_0.compiler
    cd /Users/ameerspincar/Documents/ios/build/build-arm64-iphoneos/CMakeFiles/CMakeTmp
    export LANG=en_US.US-ASCII
    export PATH="/Applications/Xcode.app/Contents/Developer/Platforms/iPhoneOS.platform/Developer/usr/bin:/Applications/Xcode.app/Contents/Developer/usr/bin:/usr/local/bin:/usr/bin:/bin:/usr/sbin:/sbin"
    /Applications/Xcode.app/Contents/Developer/Toolchains/XcodeDefault.xctoolchain/usr/bin/clang -x c++ -arch arm64 -fmessage-length=0 -fdiagnostics-show-note-include-stack -fmacro-backtrace-limit=0 -Wno-trigraphs -fpascal-strings -O3 -Wno-missing-field-initializers -Wno-missing-prototypes -Wno-return-type -Wno-non-virtual-dtor -Wno-overloaded-virtual -Wno-exit-time-destructors -Wno-missing-braces -Wparentheses -Wswitch -Wno-unused-function -Wno-unused-label -Wno-unused-parameter -Wno-unused-variable -Wunused-value -Wno-empty-body -Wno-uninitialized -Wno-unknown-pragmas -Wno-shadow -Wno-four-char-constants -Wno-conversion -Wno-constant-conversion -Wno-int-conversion -Wno-bool-conversion -Wno-enum-conversion -Wno-float-conversion -Wno-non-literal-null-conversion -Wno-objc-literal-conversion -Wshorten-64-to-32 -Wno-newline-eof -Wno-c++11-extensions -DCMAKE_INTDIR=\"Release-iphoneos\" -isysroot /Applications/Xcode.app/Contents/Developer/Platforms/iPhoneOS.platform/Developer/SDKs/iPhoneOS11.3.sdk -fstrict-aliasing -Wdeprecated-declarations -Winvalid-offsetof -miphoneos-version-min=6.0 -Wno-sign-conversion -Wno-infinite-recursion -Wno-move -Wno-comma -Wno-block-capture-autoreleasing -Wno-strict-prototypes -Wno-range-loop-analysis -fembed-bitcode-marker -I/Users/ameerspincar/Documents/ios/build/build-arm64-iphoneos/CMakeFiles/CMakeTmp/Release/include -I/Users/ameerspincar/Documents/ios/build/build-arm64-iphoneos/CMakeFiles/CMakeTmp/CMAKE_TRY_COMPILE.build/Release-iphoneos/cmTC_259a7.build/DerivedSources/arm64 -I/Users/ameerspincar/Documents/ios/build/build-arm64-iphoneos/CMakeFiles/CMakeTmp/CMAKE_TRY_COMPILE.build/Release-iphoneos/cmTC_259a7.build/DerivedSources -Wmost -Wno-four-char-constants -Wno-unknown-pragmas -F/Users/ameerspincar/Documents/ios/build/build-arm64-iphoneos/CMakeFiles/CMakeTmp/Release -fembed-bitcode -stdlib=libc++ -fvisibility=hidden -fvisibility-inlines-hidden -Wno-unused-function -Wno-overloaded-virtual -stdlib=libc++ -fvisibility=hidden -fvisibility-inlines-hidden -Wno-unused-function -Wno-overloaded-virtual -stdlib=libc++ -fvisibility=hidden -fvisibility-inlines-hidden -Wno-unused-function -Wno-overloaded-virtual -fsigned-char -W -Wall -Werror=return-type -Werror=non-virtual-dtor -Werror=address -Werror=sequence-point -Wformat -Werror=format-security -Wmissing-declarations -Wmissing-prototypes -Wstrict-prototypes -Wundef -Winit-self -Wpointer-arith -Wshadow -Wsign-promo -Wuninitialized -Winit-self -Wno-narrowing -Wno-delete-non-virtual-dtor -Wno-unnamed-type-template-args -Wno-comment -Wno-implicit-fallthrough -fdiagnostics-show-option -Qunused-arguments -Wno-semicolon-before-method-body -Wno-shadow -Wno-parentheses -DNDEBUG -ffast-math -fomit-frame-pointer -fPIE -std=c++11 -Wno-maybe-uninitialized -MMD -MT dependencies -MF /Users/ameerspincar/Documents/ios/build/build-arm64-iphoneos/CMakeFiles/CMakeTmp/CMAKE_TRY_COMPILE.build/Release-iphoneos/cmTC_259a7.build/Objects-normal/arm64/src.d --serialize-diagnostics /Users/ameerspincar/Documents/ios/build/build-arm64-iphoneos/CMakeFiles/CMakeTmp/CMAKE_TRY_COMPILE.build/Release-iphoneos/cmTC_259a7.build/Objects-normal/arm64/src.dia -c /Users/ameerspincar/Documents/ios/build/build-arm64-iphoneos/CMakeFiles/CMakeTmp/src.cxx -o /Users/ameerspincar/Documents/ios/build/build-arm64-iphoneos/CMakeFiles/CMakeTmp/CMAKE_TRY_COMPILE.build/Release-iphoneos/cmTC_259a7.build/Objects-normal/arm64/src.o
warning: unknown warning option '-Wno-maybe-uninitialized'; did you mean '-Wno-uninitialized'? [-Wunknown-warning-option]
/Users/ameerspincar/Documents/ios/build/build-arm64-iphoneos/CMakeFiles/CMakeTmp/src.cxx:1:8: warning: unknown pragma ignored [-Wunknown-pragmas]
#pragma
       ^
2 warnings generated.

Ld Release/cmTC_259a7.app/cmTC_259a7 normal arm64
    cd /Users/ameerspincar/Documents/ios/build/build-arm64-iphoneos/CMakeFiles/CMakeTmp
    export IPHONEOS_DEPLOYMENT_TARGET=6.0
    export PATH="/Applications/Xcode.app/Contents/Developer/Platforms/iPhoneOS.platform/Developer/usr/bin:/Applications/Xcode.app/Contents/Developer/usr/bin:/usr/local/bin:/usr/bin:/bin:/usr/sbin:/sbin"
    /Applications/Xcode.app/Contents/Developer/Toolchains/XcodeDefault.xctoolchain/usr/bin/clang++ -arch arm64 -isysroot /Applications/Xcode.app/Contents/Developer/Platforms/iPhoneOS.platform/Developer/SDKs/iPhoneOS11.3.sdk -L/Users/ameerspincar/Documents/ios/build/build-arm64-iphoneos/CMakeFiles/CMakeTmp/Release -F/Users/ameerspincar/Documents/ios/build/build-arm64-iphoneos/CMakeFiles/CMakeTmp/Release -filelist /Users/ameerspincar/Documents/ios/build/build-arm64-iphoneos/CMakeFiles/CMakeTmp/CMAKE_TRY_COMPILE.build/Release-iphoneos/cmTC_259a7.build/Objects-normal/arm64/cmTC_259a7.LinkFileList -miphoneos-version-min=6.0 -dead_strip -fembed-bitcode-marker -Xlinker -dependency_info -Xlinker /Users/ameerspincar/Documents/ios/build/build-arm64-iphoneos/CMakeFiles/CMakeTmp/CMAKE_TRY_COMPILE.build/Release-iphoneos/cmTC_259a7.build/Objects-normal/arm64/cmTC_259a7_dependency_info.dat -o /Users/ameerspincar/Documents/ios/build/build-arm64-iphoneos/CMakeFiles/CMakeTmp/Release/cmTC_259a7.app/cmTC_259a7
clang: warning: libstdc++ is deprecated; move to libc++ with a minimum deployment target of iOS 7 [-Wdeprecated]

Touch Release/cmTC_259a7.app
    cd /Users/ameerspincar/Documents/ios/build/build-arm64-iphoneos/CMakeFiles/CMakeTmp
    export PATH="/Applications/Xcode.app/Contents/Developer/Platforms/iPhoneOS.platform/Developer/usr/bin:/Applications/Xcode.app/Contents/Developer/usr/bin:/usr/local/bin:/usr/bin:/bin:/usr/sbin:/sbin"
    /usr/bin/touch -c /Users/ameerspincar/Documents/ios/build/build-arm64-iphoneos/CMakeFiles/CMakeTmp/Release/cmTC_259a7.app

Validate Release/cmTC_259a7.app
    cd /Users/ameerspincar/Documents/ios/build/build-arm64-iphoneos/CMakeFiles/CMakeTmp
    export PATH="/Applications/Xcode.app/Contents/Developer/Platforms/iPhoneOS.platform/Developer/usr/bin:/Applications/Xcode.app/Contents/Developer/usr/bin:/usr/local/bin:/usr/bin:/bin:/usr/sbin:/sbin"
    export PRODUCT_TYPE=com.apple.product-type.application
    builtin-validationUtility /Users/ameerspincar/Documents/ios/build/build-arm64-iphoneos/CMakeFiles/CMakeTmp/Release/cmTC_259a7.app

** BUILD SUCCEEDED **


===== END =====

